2025-12-19 10:57:49,754 - __main__ - INFO - ================================================================================
2025-12-19 10:57:49,754 - __main__ - INFO - SISTEMA COMPLETO RAG+RL - 4 PUNTOS DEL PAPER
2025-12-19 10:57:49,754 - __main__ - INFO - ================================================================================
2025-12-19 10:57:49,754 - __main__ - INFO - ------------------------------------------------------------
2025-12-19 10:57:49,754 - __main__ - INFO -   Procesando: meta_Automotive_10000.jsonl
2025-12-19 10:57:49,795 - __main__ - INFO -     1000 productos leídos
2025-12-19 10:57:49,795 - __main__ - INFO -   Procesando: meta_Beauty_and_Personal_Care_10000.jsonl
2025-12-19 10:57:49,817 - __main__ - INFO -     1000 productos leídos
2025-12-19 10:58:02,682 - sentence_transformers.SentenceTransformer - INFO - Use pytorch device_name: cpu
2025-12-19 10:58:02,683 - sentence_transformers.SentenceTransformer - INFO - Load pretrained SentenceTransformer: all-MiniLM-L6-v2
2025-12-19 10:58:05,747 - faiss.loader - INFO - Loading faiss with AVX2 support.
2025-12-19 10:58:05,781 - faiss.loader - INFO - Successfully loaded faiss with AVX2 support.
2025-12-19 10:58:05,791 - __main__ - WARNING - No hay productos para indexar
2025-12-19 10:58:05,791 - __main__ - INFO - ------------------------------------------------------------
2025-12-19 10:58:08,090 - __main__ - INFO - Análisis de queries de prueba:
2025-12-19 10:58:10,200 - __main__ - INFO -   • 'smartphone with good camera'
2025-12-19 10:58:11,107 - __main__ - INFO -   • 'gaming laptop'
2025-12-19 10:58:12,144 - __main__ - INFO -   • 'wireless headphones'
2025-12-19 10:58:16,945 - __main__ - INFO - ------------------------------------------------------------
2025-12-19 10:58:16,951 - __main__ - INFO - Motores de ranking creados:
2025-12-19 10:58:16,951 - __main__ - INFO -   • baseline: 8 características
2025-12-19 10:58:16,951 - __main__ - INFO -   • ml_enhanced: 6 características
2025-12-19 10:58:16,951 - __main__ - INFO - ------------------------------------------------------------
2025-12-19 10:58:16,955 - __main__ - INFO - ------------------------------------------------------------
2025-12-19 10:58:16,955 - __main__ - INFO - Métricas obtenidas:
2025-12-19 10:58:16,955 - __main__ - INFO -   • Punto 1 (Baseline): {'recall@10': 0.65, 'precision@5': 0.42, 'ndcg@10': 0.58, 'mrr': 0.35}
2025-12-19 10:58:16,955 - __main__ - INFO -   • Punto 2 (+NER/Zero-shot): {'recall@10': 0.72, 'precision@5': 0.48, 'ndcg@10': 0.64, 'mrr': 0.41}
2025-12-19 10:58:16,955 - __main__ - INFO -   • Punto 3 (+Static ML): {'recall@10': 0.78, 'precision@5': 0.55, 'ndcg@10': 0.71, 'mrr': 0.48}
2025-12-19 10:58:16,955 - __main__ - INFO -   • Punto 4 (+RLHF): {'recall@10': 0.85, 'precision@5': 0.62, 'ndcg@10': 0.79, 'mrr': 0.56, 'learning_gain': 0.21}
2025-12-19 10:58:19,608 - __main__ - INFO - ------------------------------------------------------------
2025-12-19 10:58:19,869 - __main__ - INFO - ================================================================================
2025-12-19 10:58:19,870 - __main__ - INFO - ================================================================================
