2026-01-19 08:21:30 - experimento_completo_4_metodos - INFO -  Log iniciado: logs\experimento_20260119_082130.log
2026-01-19 08:21:30 - faiss.loader - INFO - Loading faiss with AVX2 support.
2026-01-19 08:21:30 - faiss.loader - INFO - Successfully loaded faiss with AVX2 support.
2026-01-19 08:21:42 - experimento_completo_4_metodos - INFO -  Cargando ground truth...
2026-01-19 08:21:42 - experimento_completo_4_metodos - INFO -  Ground truth cargado: 18 queries
2026-01-19 08:21:42 - experimento_completo_4_metodos - INFO -    • Productos relevantes totales: 31
2026-01-19 08:21:42 - experimento_completo_4_metodos - INFO -   Creando split train/test estratificado...
2026-01-19 08:21:42 - experimento_completo_4_metodos - INFO -  Split creado: 13 train, 5 test
2026-01-19 08:21:42 - experimento_completo_4_metodos - INFO -  Cargando sistema V2...
2026-01-19 08:21:42 - experimento_completo_4_metodos - INFO -  Cargando sistema V2 desde cache...
2026-01-19 08:21:47 - src.unified_system_v2 - INFO -  Sistema V2 cargado: 89,990 productos
2026-01-19 08:21:47 - experimento_completo_4_metodos - INFO -  Sistema cargado: 89,990 productos
2026-01-19 08:21:47 - experimento_completo_4_metodos - INFO -    • RLHF: ❌ No disponible
2026-01-19 08:21:47 - experimento_completo_4_metodos - INFO -    • NER:  Disponible
2026-01-19 08:21:47 - experimento_completo_4_metodos - INFO -  Entrenando RLHF con 13 queries de entrenamiento...
2026-01-19 08:21:47 - src.unified_system_v2 - INFO -  Entrenando RLHF con 13 queries...
2026-01-19 08:21:47 - src.unified_system_v2 - INFO -    • Interacciones filtradas: 22
2026-01-19 08:21:47 - ranking.rl_ranker_fixed - INFO -  RLHF Dinámico inicializado (lr=0.5)
2026-01-19 08:21:47 - src.unified_system_v2 - INFO -  RLHF entrenado: 0 exitosas, 22 fallidas
2026-01-19 08:21:47 - src.unified_system_v2 - ERROR -  RLHF no pudo ser entrenado (0 interacciones exitosas)
2026-01-19 08:21:47 - experimento_completo_4_metodos - WARNING -   RLHF no pudo ser entrenado (pocos datos?)
2026-01-19 08:21:47 - ranking.ner_enhanced_ranker - INFO -    Query: 'pc gaming' → Intent: ['category', 'platform']
2026-01-19 08:21:47 - ranking.ner_enhanced_ranker - INFO -     NER bonus aplicado a 9/20 productos
2026-01-19 08:21:47 - src.unified_system_v2 - WARNING - RLHF ranker no disponible o no entrenado, usando baseline
2026-01-19 08:21:47 - src.unified_system_v2 - WARNING - Full Hybrid requiere NER y RLHF entrenado, usando NER solo
2026-01-19 08:21:47 - ranking.ner_enhanced_ranker - INFO -    Query: 'pc gaming' → Intent: ['category', 'platform']
2026-01-19 08:21:47 - ranking.ner_enhanced_ranker - INFO -     NER bonus aplicado a 9/20 productos
2026-01-19 08:21:47 - experimento_completo_4_metodos - INFO -   Diagnóstico para '"pc gaming"':
2026-01-19 08:21:47 - experimento_completo_4_metodos - INFO -     • Relevant IDs en ground truth: ['meta_Electronics_10000_4777']...
2026-01-19 08:21:47 - experimento_completo_4_metodos - INFO -     • IDs encontrados por baseline: ['prod_50c013aa85e4', 'prod_1222d5b727e0', 'prod_001e9e680165']...
2026-01-19 08:21:47 - experimento_completo_4_metodos - INFO -     • Matches encontrados: 0
2026-01-19 08:21:47 - ranking.ner_enhanced_ranker - INFO -    Query: 'pc gaming' → Intent: ['category', 'platform']
2026-01-19 08:21:47 - ranking.ner_enhanced_ranker - INFO -     NER bonus aplicado a 9/20 productos
2026-01-19 08:21:47 - src.unified_system_v2 - WARNING - RLHF ranker no disponible o no entrenado, usando baseline
2026-01-19 08:21:47 - src.unified_system_v2 - WARNING - Full Hybrid requiere NER y RLHF entrenado, usando NER solo
2026-01-19 08:21:47 - ranking.ner_enhanced_ranker - INFO -    Query: 'pc gaming' → Intent: ['category', 'platform']
2026-01-19 08:21:47 - ranking.ner_enhanced_ranker - INFO -     NER bonus aplicado a 9/20 productos
2026-01-19 08:21:47 - experimento_completo_4_metodos - INFO -   Diagnóstico para '"pc gaming"':
2026-01-19 08:21:47 - experimento_completo_4_metodos - INFO -     • Relevant IDs en ground truth: ['meta_Electronics_10000_4777']...
2026-01-19 08:21:47 - experimento_completo_4_metodos - INFO -     • IDs encontrados por ner_enhanced: ['prod_50c013aa85e4', 'prod_1222d5b727e0', 'prod_001e9e680165']...
2026-01-19 08:21:47 - experimento_completo_4_metodos - INFO -     • Matches encontrados: 0
2026-01-19 08:21:47 - ranking.ner_enhanced_ranker - INFO -    Query: 'pc gaming' → Intent: ['category', 'platform']
2026-01-19 08:21:47 - ranking.ner_enhanced_ranker - INFO -     NER bonus aplicado a 9/20 productos
2026-01-19 08:21:47 - src.unified_system_v2 - WARNING - RLHF ranker no disponible o no entrenado, usando baseline
2026-01-19 08:21:47 - src.unified_system_v2 - WARNING - Full Hybrid requiere NER y RLHF entrenado, usando NER solo
2026-01-19 08:21:47 - ranking.ner_enhanced_ranker - INFO -    Query: 'pc gaming' → Intent: ['category', 'platform']
2026-01-19 08:21:47 - ranking.ner_enhanced_ranker - INFO -     NER bonus aplicado a 9/20 productos
2026-01-19 08:21:47 - experimento_completo_4_metodos - INFO -   Diagnóstico para '"pc gaming"':
2026-01-19 08:21:47 - experimento_completo_4_metodos - INFO -     • Relevant IDs en ground truth: ['meta_Electronics_10000_4777']...
2026-01-19 08:21:47 - experimento_completo_4_metodos - INFO -     • IDs encontrados por rlhf: ['prod_50c013aa85e4', 'prod_1222d5b727e0', 'prod_001e9e680165']...
2026-01-19 08:21:47 - experimento_completo_4_metodos - INFO -     • Matches encontrados: 0
2026-01-19 08:21:47 - ranking.ner_enhanced_ranker - INFO -    Query: 'pc gaming' → Intent: ['category', 'platform']
2026-01-19 08:21:47 - ranking.ner_enhanced_ranker - INFO -     NER bonus aplicado a 9/20 productos
2026-01-19 08:21:47 - src.unified_system_v2 - WARNING - RLHF ranker no disponible o no entrenado, usando baseline
2026-01-19 08:21:47 - src.unified_system_v2 - WARNING - Full Hybrid requiere NER y RLHF entrenado, usando NER solo
2026-01-19 08:21:48 - ranking.ner_enhanced_ranker - INFO -    Query: 'pc gaming' → Intent: ['category', 'platform']
2026-01-19 08:21:48 - ranking.ner_enhanced_ranker - INFO -     NER bonus aplicado a 9/20 productos
2026-01-19 08:21:48 - experimento_completo_4_metodos - INFO -   Diagnóstico para '"pc gaming"':
2026-01-19 08:21:48 - experimento_completo_4_metodos - INFO -     • Relevant IDs en ground truth: ['meta_Electronics_10000_4777']...
2026-01-19 08:21:48 - experimento_completo_4_metodos - INFO -     • IDs encontrados por full_hybrid: ['prod_50c013aa85e4', 'prod_1222d5b727e0', 'prod_001e9e680165']...
2026-01-19 08:21:48 - experimento_completo_4_metodos - INFO -     • Matches encontrados: 0
2026-01-19 08:21:48 - ranking.ner_enhanced_ranker - INFO -    Query: 'xbox console' → Intent: ['category', 'platform']
2026-01-19 08:21:48 - ranking.ner_enhanced_ranker - INFO -     NER bonus aplicado a 18/20 productos
2026-01-19 08:21:48 - src.unified_system_v2 - WARNING - RLHF ranker no disponible o no entrenado, usando baseline
2026-01-19 08:21:48 - src.unified_system_v2 - WARNING - Full Hybrid requiere NER y RLHF entrenado, usando NER solo
2026-01-19 08:21:48 - ranking.ner_enhanced_ranker - INFO -    Query: 'xbox console' → Intent: ['category', 'platform']
2026-01-19 08:21:48 - ranking.ner_enhanced_ranker - INFO -     NER bonus aplicado a 18/20 productos
2026-01-19 08:21:48 - experimento_completo_4_metodos - INFO -   Diagnóstico para '"xbox console"':
2026-01-19 08:21:48 - experimento_completo_4_metodos - INFO -     • Relevant IDs en ground truth: ['meta_Video_Games_10000_2592', 'meta_Video_Games_10000_1531']...
2026-01-19 08:21:48 - experimento_completo_4_metodos - INFO -     • IDs encontrados por baseline: ['prod_9312eb2f329e', 'prod_f4d0fc2df70c', 'prod_d50e21d060ca']...
2026-01-19 08:21:48 - experimento_completo_4_metodos - INFO -     • Matches encontrados: 0
2026-01-19 08:21:48 - ranking.ner_enhanced_ranker - INFO -    Query: 'xbox console' → Intent: ['category', 'platform']
2026-01-19 08:21:48 - ranking.ner_enhanced_ranker - INFO -     NER bonus aplicado a 18/20 productos
2026-01-19 08:21:48 - src.unified_system_v2 - WARNING - RLHF ranker no disponible o no entrenado, usando baseline
2026-01-19 08:21:48 - src.unified_system_v2 - WARNING - Full Hybrid requiere NER y RLHF entrenado, usando NER solo
2026-01-19 08:21:48 - ranking.ner_enhanced_ranker - INFO -    Query: 'xbox console' → Intent: ['category', 'platform']
2026-01-19 08:21:48 - ranking.ner_enhanced_ranker - INFO -     NER bonus aplicado a 18/20 productos
2026-01-19 08:21:48 - experimento_completo_4_metodos - INFO -   Diagnóstico para '"xbox console"':
2026-01-19 08:21:48 - experimento_completo_4_metodos - INFO -     • Relevant IDs en ground truth: ['meta_Video_Games_10000_2592', 'meta_Video_Games_10000_1531']...
2026-01-19 08:21:48 - experimento_completo_4_metodos - INFO -     • IDs encontrados por ner_enhanced: ['prod_9312eb2f329e', 'prod_d50e21d060ca', 'prod_f4d0fc2df70c']...
2026-01-19 08:21:48 - experimento_completo_4_metodos - INFO -     • Matches encontrados: 0
2026-01-19 08:21:48 - ranking.ner_enhanced_ranker - INFO -    Query: 'xbox console' → Intent: ['category', 'platform']
2026-01-19 08:21:48 - ranking.ner_enhanced_ranker - INFO -     NER bonus aplicado a 18/20 productos
2026-01-19 08:21:48 - src.unified_system_v2 - WARNING - RLHF ranker no disponible o no entrenado, usando baseline
2026-01-19 08:21:48 - src.unified_system_v2 - WARNING - Full Hybrid requiere NER y RLHF entrenado, usando NER solo
2026-01-19 08:21:48 - ranking.ner_enhanced_ranker - INFO -    Query: 'xbox console' → Intent: ['category', 'platform']
2026-01-19 08:21:48 - ranking.ner_enhanced_ranker - INFO -     NER bonus aplicado a 18/20 productos
2026-01-19 08:21:48 - experimento_completo_4_metodos - INFO -   Diagnóstico para '"xbox console"':
2026-01-19 08:21:48 - experimento_completo_4_metodos - INFO -     • Relevant IDs en ground truth: ['meta_Video_Games_10000_2592', 'meta_Video_Games_10000_1531']...
2026-01-19 08:21:48 - experimento_completo_4_metodos - INFO -     • IDs encontrados por rlhf: ['prod_9312eb2f329e', 'prod_f4d0fc2df70c', 'prod_d50e21d060ca']...
2026-01-19 08:21:48 - experimento_completo_4_metodos - INFO -     • Matches encontrados: 0
2026-01-19 08:21:48 - ranking.ner_enhanced_ranker - INFO -    Query: 'xbox console' → Intent: ['category', 'platform']
2026-01-19 08:21:48 - ranking.ner_enhanced_ranker - INFO -     NER bonus aplicado a 18/20 productos
2026-01-19 08:21:48 - src.unified_system_v2 - WARNING - RLHF ranker no disponible o no entrenado, usando baseline
2026-01-19 08:21:48 - src.unified_system_v2 - WARNING - Full Hybrid requiere NER y RLHF entrenado, usando NER solo
2026-01-19 08:21:48 - ranking.ner_enhanced_ranker - INFO -    Query: 'xbox console' → Intent: ['category', 'platform']
2026-01-19 08:21:48 - ranking.ner_enhanced_ranker - INFO -     NER bonus aplicado a 18/20 productos
2026-01-19 08:21:48 - experimento_completo_4_metodos - INFO -   Diagnóstico para '"xbox console"':
2026-01-19 08:21:48 - experimento_completo_4_metodos - INFO -     • Relevant IDs en ground truth: ['meta_Video_Games_10000_2592', 'meta_Video_Games_10000_1531']...
2026-01-19 08:21:48 - experimento_completo_4_metodos - INFO -     • IDs encontrados por full_hybrid: ['prod_9312eb2f329e', 'prod_d50e21d060ca', 'prod_f4d0fc2df70c']...
2026-01-19 08:21:48 - experimento_completo_4_metodos - INFO -     • Matches encontrados: 0
2026-01-19 08:21:48 - ranking.ner_enhanced_ranker - INFO -     NER bonus aplicado a 4/20 productos
2026-01-19 08:21:48 - src.unified_system_v2 - WARNING - RLHF ranker no disponible o no entrenado, usando baseline
2026-01-19 08:21:48 - src.unified_system_v2 - WARNING - Full Hybrid requiere NER y RLHF entrenado, usando NER solo
2026-01-19 08:21:48 - ranking.ner_enhanced_ranker - INFO -     NER bonus aplicado a 4/20 productos
2026-01-19 08:21:48 - experimento_completo_4_metodos - INFO -   Diagnóstico para 'detective books':
2026-01-19 08:21:48 - experimento_completo_4_metodos - INFO -     • Relevant IDs en ground truth: ['meta_Books_10000_8946', 'meta_Books_10000_2896', 'meta_Books_10000_4386']...
2026-01-19 08:21:48 - experimento_completo_4_metodos - INFO -     • IDs encontrados por baseline: ['prod_076b417e8fa9', 'prod_535803b1a55a', 'prod_036ab6d9604f']...
2026-01-19 08:21:48 - experimento_completo_4_metodos - INFO -     • Matches encontrados: 0
2026-01-19 08:21:48 - ranking.ner_enhanced_ranker - INFO -     NER bonus aplicado a 4/20 productos
2026-01-19 08:21:48 - src.unified_system_v2 - WARNING - RLHF ranker no disponible o no entrenado, usando baseline
2026-01-19 08:21:48 - src.unified_system_v2 - WARNING - Full Hybrid requiere NER y RLHF entrenado, usando NER solo
2026-01-19 08:21:48 - ranking.ner_enhanced_ranker - INFO -     NER bonus aplicado a 4/20 productos
2026-01-19 08:21:48 - experimento_completo_4_metodos - INFO -   Diagnóstico para 'detective books':
2026-01-19 08:21:48 - experimento_completo_4_metodos - INFO -     • Relevant IDs en ground truth: ['meta_Books_10000_8946', 'meta_Books_10000_2896', 'meta_Books_10000_4386']...
2026-01-19 08:21:48 - experimento_completo_4_metodos - INFO -     • IDs encontrados por ner_enhanced: ['prod_036ab6d9604f', 'prod_076b417e8fa9', 'prod_535803b1a55a']...
2026-01-19 08:21:48 - experimento_completo_4_metodos - INFO -     • Matches encontrados: 0
2026-01-19 08:21:48 - ranking.ner_enhanced_ranker - INFO -     NER bonus aplicado a 4/20 productos
2026-01-19 08:21:48 - src.unified_system_v2 - WARNING - RLHF ranker no disponible o no entrenado, usando baseline
2026-01-19 08:21:49 - src.unified_system_v2 - WARNING - Full Hybrid requiere NER y RLHF entrenado, usando NER solo
2026-01-19 08:21:49 - ranking.ner_enhanced_ranker - INFO -     NER bonus aplicado a 4/20 productos
2026-01-19 08:21:49 - experimento_completo_4_metodos - INFO -   Diagnóstico para 'detective books':
2026-01-19 08:21:49 - experimento_completo_4_metodos - INFO -     • Relevant IDs en ground truth: ['meta_Books_10000_8946', 'meta_Books_10000_2896', 'meta_Books_10000_4386']...
2026-01-19 08:21:49 - experimento_completo_4_metodos - INFO -     • IDs encontrados por rlhf: ['prod_076b417e8fa9', 'prod_535803b1a55a', 'prod_036ab6d9604f']...
2026-01-19 08:21:49 - experimento_completo_4_metodos - INFO -     • Matches encontrados: 0
2026-01-19 08:21:49 - ranking.ner_enhanced_ranker - INFO -     NER bonus aplicado a 4/20 productos
2026-01-19 08:21:49 - src.unified_system_v2 - WARNING - RLHF ranker no disponible o no entrenado, usando baseline
2026-01-19 08:21:49 - src.unified_system_v2 - WARNING - Full Hybrid requiere NER y RLHF entrenado, usando NER solo
2026-01-19 08:21:49 - ranking.ner_enhanced_ranker - INFO -     NER bonus aplicado a 4/20 productos
2026-01-19 08:21:49 - experimento_completo_4_metodos - INFO -   Diagnóstico para 'detective books':
2026-01-19 08:21:49 - experimento_completo_4_metodos - INFO -     • Relevant IDs en ground truth: ['meta_Books_10000_8946', 'meta_Books_10000_2896', 'meta_Books_10000_4386']...
2026-01-19 08:21:49 - experimento_completo_4_metodos - INFO -     • IDs encontrados por full_hybrid: ['prod_036ab6d9604f', 'prod_076b417e8fa9', 'prod_535803b1a55a']...
2026-01-19 08:21:49 - experimento_completo_4_metodos - INFO -     • Matches encontrados: 0
2026-01-19 08:21:49 - ranking.ner_enhanced_ranker - INFO -    Query: 'action video games' → Intent: ['category', 'genre']
2026-01-19 08:21:49 - ranking.ner_enhanced_ranker - INFO -     NER bonus aplicado a 7/20 productos
2026-01-19 08:21:49 - src.unified_system_v2 - WARNING - RLHF ranker no disponible o no entrenado, usando baseline
2026-01-19 08:21:49 - src.unified_system_v2 - WARNING - Full Hybrid requiere NER y RLHF entrenado, usando NER solo
2026-01-19 08:21:49 - ranking.ner_enhanced_ranker - INFO -    Query: 'action video games' → Intent: ['category', 'genre']
2026-01-19 08:21:49 - ranking.ner_enhanced_ranker - INFO -     NER bonus aplicado a 7/20 productos
2026-01-19 08:21:49 - experimento_completo_4_metodos - INFO -   Diagnóstico para 'action video games':
2026-01-19 08:21:49 - experimento_completo_4_metodos - INFO -     • Relevant IDs en ground truth: ['meta_Video_Games_10000_4422']...
2026-01-19 08:21:49 - experimento_completo_4_metodos - INFO -     • IDs encontrados por baseline: ['prod_330f957ffd18', 'prod_34fa34dface7', 'prod_63d72051e901']...
2026-01-19 08:21:49 - experimento_completo_4_metodos - INFO -     • Matches encontrados: 0
2026-01-19 08:21:49 - ranking.ner_enhanced_ranker - INFO -    Query: 'action video games' → Intent: ['category', 'genre']
2026-01-19 08:21:49 - ranking.ner_enhanced_ranker - INFO -     NER bonus aplicado a 7/20 productos
2026-01-19 08:21:49 - src.unified_system_v2 - WARNING - RLHF ranker no disponible o no entrenado, usando baseline
2026-01-19 08:21:49 - src.unified_system_v2 - WARNING - Full Hybrid requiere NER y RLHF entrenado, usando NER solo
2026-01-19 08:21:49 - ranking.ner_enhanced_ranker - INFO -    Query: 'action video games' → Intent: ['category', 'genre']
2026-01-19 08:21:49 - ranking.ner_enhanced_ranker - INFO -     NER bonus aplicado a 7/20 productos
2026-01-19 08:21:49 - experimento_completo_4_metodos - INFO -   Diagnóstico para 'action video games':
2026-01-19 08:21:49 - experimento_completo_4_metodos - INFO -     • Relevant IDs en ground truth: ['meta_Video_Games_10000_4422']...
2026-01-19 08:21:49 - experimento_completo_4_metodos - INFO -     • IDs encontrados por ner_enhanced: ['prod_330f957ffd18', 'prod_f71519886904', 'prod_15f64e04e8d4']...
2026-01-19 08:21:49 - experimento_completo_4_metodos - INFO -     • Matches encontrados: 0
2026-01-19 08:21:49 - ranking.ner_enhanced_ranker - INFO -    Query: 'action video games' → Intent: ['category', 'genre']
2026-01-19 08:21:49 - ranking.ner_enhanced_ranker - INFO -     NER bonus aplicado a 7/20 productos
2026-01-19 08:21:49 - src.unified_system_v2 - WARNING - RLHF ranker no disponible o no entrenado, usando baseline
2026-01-19 08:21:49 - src.unified_system_v2 - WARNING - Full Hybrid requiere NER y RLHF entrenado, usando NER solo
2026-01-19 08:21:49 - ranking.ner_enhanced_ranker - INFO -    Query: 'action video games' → Intent: ['category', 'genre']
2026-01-19 08:21:49 - ranking.ner_enhanced_ranker - INFO -     NER bonus aplicado a 7/20 productos
2026-01-19 08:21:49 - experimento_completo_4_metodos - INFO -   Diagnóstico para 'action video games':
2026-01-19 08:21:49 - experimento_completo_4_metodos - INFO -     • Relevant IDs en ground truth: ['meta_Video_Games_10000_4422']...
2026-01-19 08:21:49 - experimento_completo_4_metodos - INFO -     • IDs encontrados por rlhf: ['prod_330f957ffd18', 'prod_34fa34dface7', 'prod_63d72051e901']...
2026-01-19 08:21:49 - experimento_completo_4_metodos - INFO -     • Matches encontrados: 0
2026-01-19 08:21:49 - ranking.ner_enhanced_ranker - INFO -    Query: 'action video games' → Intent: ['category', 'genre']
2026-01-19 08:21:49 - ranking.ner_enhanced_ranker - INFO -     NER bonus aplicado a 7/20 productos
2026-01-19 08:21:49 - src.unified_system_v2 - WARNING - RLHF ranker no disponible o no entrenado, usando baseline
2026-01-19 08:21:49 - src.unified_system_v2 - WARNING - Full Hybrid requiere NER y RLHF entrenado, usando NER solo
2026-01-19 08:21:49 - ranking.ner_enhanced_ranker - INFO -    Query: 'action video games' → Intent: ['category', 'genre']
2026-01-19 08:21:49 - ranking.ner_enhanced_ranker - INFO -     NER bonus aplicado a 7/20 productos
2026-01-19 08:21:49 - experimento_completo_4_metodos - INFO -   Diagnóstico para 'action video games':
2026-01-19 08:21:49 - experimento_completo_4_metodos - INFO -     • Relevant IDs en ground truth: ['meta_Video_Games_10000_4422']...
2026-01-19 08:21:49 - experimento_completo_4_metodos - INFO -     • IDs encontrados por full_hybrid: ['prod_330f957ffd18', 'prod_f71519886904', 'prod_15f64e04e8d4']...
2026-01-19 08:21:49 - experimento_completo_4_metodos - INFO -     • Matches encontrados: 0
2026-01-19 08:21:49 - ranking.ner_enhanced_ranker - INFO -    Query: 'sport videogames' → Intent: ['category']
2026-01-19 08:21:49 - ranking.ner_enhanced_ranker - INFO -     NER bonus aplicado a 14/20 productos
2026-01-19 08:21:49 - src.unified_system_v2 - WARNING - RLHF ranker no disponible o no entrenado, usando baseline
2026-01-19 08:21:49 - src.unified_system_v2 - WARNING - Full Hybrid requiere NER y RLHF entrenado, usando NER solo
2026-01-19 08:21:49 - ranking.ner_enhanced_ranker - INFO -    Query: 'sport videogames' → Intent: ['category']
2026-01-19 08:21:49 - ranking.ner_enhanced_ranker - INFO -     NER bonus aplicado a 14/20 productos
2026-01-19 08:21:49 - experimento_completo_4_metodos - INFO -   Diagnóstico para 'sport videogames':
2026-01-19 08:21:49 - experimento_completo_4_metodos - INFO -     • Relevant IDs en ground truth: ['meta_Video_Games_10000_7276', 'meta_Video_Games_10000_3294']...
2026-01-19 08:21:49 - experimento_completo_4_metodos - INFO -     • IDs encontrados por baseline: ['prod_63d72051e901', 'prod_f0bb4f93bfb4', 'prod_3356e5154c4b']...
2026-01-19 08:21:49 - experimento_completo_4_metodos - INFO -     • Matches encontrados: 0
2026-01-19 08:21:49 - ranking.ner_enhanced_ranker - INFO -    Query: 'sport videogames' → Intent: ['category']
2026-01-19 08:21:49 - ranking.ner_enhanced_ranker - INFO -     NER bonus aplicado a 14/20 productos
2026-01-19 08:21:49 - src.unified_system_v2 - WARNING - RLHF ranker no disponible o no entrenado, usando baseline
2026-01-19 08:21:49 - src.unified_system_v2 - WARNING - Full Hybrid requiere NER y RLHF entrenado, usando NER solo
2026-01-19 08:21:49 - ranking.ner_enhanced_ranker - INFO -    Query: 'sport videogames' → Intent: ['category']
2026-01-19 08:21:49 - ranking.ner_enhanced_ranker - INFO -     NER bonus aplicado a 14/20 productos
2026-01-19 08:21:49 - experimento_completo_4_metodos - INFO -   Diagnóstico para 'sport videogames':
2026-01-19 08:21:49 - experimento_completo_4_metodos - INFO -     • Relevant IDs en ground truth: ['meta_Video_Games_10000_7276', 'meta_Video_Games_10000_3294']...
2026-01-19 08:21:50 - experimento_completo_4_metodos - INFO -     • IDs encontrados por ner_enhanced: ['prod_f0bb4f93bfb4', 'prod_3356e5154c4b', 'prod_8fd0d3d6e7f6']...
2026-01-19 08:21:50 - experimento_completo_4_metodos - INFO -     • Matches encontrados: 0
2026-01-19 08:21:50 - ranking.ner_enhanced_ranker - INFO -    Query: 'sport videogames' → Intent: ['category']
2026-01-19 08:21:50 - ranking.ner_enhanced_ranker - INFO -     NER bonus aplicado a 14/20 productos
2026-01-19 08:21:50 - src.unified_system_v2 - WARNING - RLHF ranker no disponible o no entrenado, usando baseline
2026-01-19 08:21:50 - src.unified_system_v2 - WARNING - Full Hybrid requiere NER y RLHF entrenado, usando NER solo
2026-01-19 08:21:50 - ranking.ner_enhanced_ranker - INFO -    Query: 'sport videogames' → Intent: ['category']
2026-01-19 08:21:50 - ranking.ner_enhanced_ranker - INFO -     NER bonus aplicado a 14/20 productos
2026-01-19 08:21:50 - experimento_completo_4_metodos - INFO -   Diagnóstico para 'sport videogames':
2026-01-19 08:21:50 - experimento_completo_4_metodos - INFO -     • Relevant IDs en ground truth: ['meta_Video_Games_10000_7276', 'meta_Video_Games_10000_3294']...
2026-01-19 08:21:50 - experimento_completo_4_metodos - INFO -     • IDs encontrados por rlhf: ['prod_63d72051e901', 'prod_f0bb4f93bfb4', 'prod_3356e5154c4b']...
2026-01-19 08:21:50 - experimento_completo_4_metodos - INFO -     • Matches encontrados: 0
2026-01-19 08:21:50 - ranking.ner_enhanced_ranker - INFO -    Query: 'sport videogames' → Intent: ['category']
2026-01-19 08:21:50 - ranking.ner_enhanced_ranker - INFO -     NER bonus aplicado a 14/20 productos
2026-01-19 08:21:50 - src.unified_system_v2 - WARNING - RLHF ranker no disponible o no entrenado, usando baseline
2026-01-19 08:21:50 - src.unified_system_v2 - WARNING - Full Hybrid requiere NER y RLHF entrenado, usando NER solo
2026-01-19 08:21:50 - ranking.ner_enhanced_ranker - INFO -    Query: 'sport videogames' → Intent: ['category']
2026-01-19 08:21:50 - ranking.ner_enhanced_ranker - INFO -     NER bonus aplicado a 14/20 productos
2026-01-19 08:21:50 - experimento_completo_4_metodos - INFO -   Diagnóstico para 'sport videogames':
2026-01-19 08:21:50 - experimento_completo_4_metodos - INFO -     • Relevant IDs en ground truth: ['meta_Video_Games_10000_7276', 'meta_Video_Games_10000_3294']...
2026-01-19 08:21:50 - experimento_completo_4_metodos - INFO -     • IDs encontrados por full_hybrid: ['prod_f0bb4f93bfb4', 'prod_3356e5154c4b', 'prod_8fd0d3d6e7f6']...
2026-01-19 08:21:50 - experimento_completo_4_metodos - INFO -     • Matches encontrados: 0
2026-01-19 08:21:50 - experimento_completo_4_metodos - INFO -  Guardando resultados...
2026-01-19 08:21:50 - experimento_completo_4_metodos - INFO -  Resultados JSON: results\experimento_4_metodos_20260119_082150.json
2026-01-19 08:21:50 - experimento_completo_4_metodos - INFO -  Resultados CSV: results\experimento_4_metodos_20260119_082150.csv
2026-01-19 08:21:50 - experimento_completo_4_metodos - ERROR -  Error en experimento: unsupported format string passed to NoneType.__format__
