2026-01-19 14:19:04 - experimento_completo_4_metodos - INFO -  Log iniciado: logs\experimento_20260119_141904.log
2026-01-19 14:19:04 - faiss.loader - INFO - Loading faiss with AVX2 support.
2026-01-19 14:19:04 - faiss.loader - INFO - Successfully loaded faiss with AVX2 support.
2026-01-19 14:19:14 - experimento_completo_4_metodos - INFO -  Cargando ground truth...
2026-01-19 14:19:14 - experimento_completo_4_metodos - INFO -  Ground truth cargado: 1 queries
2026-01-19 14:19:14 - experimento_completo_4_metodos - INFO -    • Productos relevantes totales: 1
2026-01-19 14:19:14 - experimento_completo_4_metodos - INFO -   Creando split train/test estratificado...
2026-01-19 14:19:14 - experimento_completo_4_metodos - INFO -  Split creado: 0 train, 1 test
2026-01-19 14:19:14 - experimento_completo_4_metodos - INFO -  Cargando sistema V2...
2026-01-19 14:19:14 - experimento_completo_4_metodos - INFO -  Cargando sistema V2 desde cache...
2026-01-19 14:19:17 - src.unified_system_v2 - INFO -  Sistema V2 cargado: 89,990 productos
2026-01-19 14:19:17 - experimento_completo_4_metodos - INFO -  Sistema cargado: 89,990 productos
2026-01-19 14:19:17 - experimento_completo_4_metodos - INFO -    • RLHF:  Disponible
2026-01-19 14:19:17 - experimento_completo_4_metodos - INFO -    • NER:  Disponible
2026-01-19 14:19:17 - experimento_completo_4_metodos - INFO -  Entrenando RLHF con 0 queries de entrenamiento...
2026-01-19 14:19:17 - src.unified_system_v2 - INFO -  Entrenando RLHF con 0 queries...
2026-01-19 14:19:17 - src.unified_system_v2 - INFO -    • Interacciones filtradas: 0
2026-01-19 14:19:17 - src.unified_system_v2 - WARNING -   Muy pocas interacciones (0) para entrenar RLHF
2026-01-19 14:19:17 - experimento_completo_4_metodos - WARNING -   RLHF no pudo ser entrenado (pocos datos?)
2026-01-19 14:19:17 - ranking.ner_enhanced_ranker - WARNING -      NER bonus NO aplicado para: 'black boots'
2026-01-19 14:19:17 - src.unified_system_v2 - WARNING - RLHF ranker no disponible o no entrenado, usando baseline
2026-01-19 14:19:18 - src.unified_system_v2 - WARNING - Full Hybrid requiere NER y RLHF entrenado, usando NER solo
2026-01-19 14:19:18 - ranking.ner_enhanced_ranker - WARNING -      NER bonus NO aplicado para: 'black boots'
2026-01-19 14:19:18 - ranking.ner_enhanced_ranker - WARNING -      NER bonus NO aplicado para: 'black boots'
2026-01-19 14:19:18 - src.unified_system_v2 - WARNING - RLHF ranker no disponible o no entrenado, usando baseline
2026-01-19 14:19:18 - src.unified_system_v2 - WARNING - Full Hybrid requiere NER y RLHF entrenado, usando NER solo
2026-01-19 14:19:18 - ranking.ner_enhanced_ranker - WARNING -      NER bonus NO aplicado para: 'black boots'
2026-01-19 14:19:18 - ranking.ner_enhanced_ranker - WARNING -      NER bonus NO aplicado para: 'black boots'
2026-01-19 14:19:18 - src.unified_system_v2 - WARNING - RLHF ranker no disponible o no entrenado, usando baseline
2026-01-19 14:19:18 - src.unified_system_v2 - WARNING - Full Hybrid requiere NER y RLHF entrenado, usando NER solo
2026-01-19 14:19:18 - ranking.ner_enhanced_ranker - WARNING -      NER bonus NO aplicado para: 'black boots'
2026-01-19 14:19:18 - ranking.ner_enhanced_ranker - WARNING -      NER bonus NO aplicado para: 'black boots'
2026-01-19 14:19:18 - src.unified_system_v2 - WARNING - RLHF ranker no disponible o no entrenado, usando baseline
2026-01-19 14:19:18 - src.unified_system_v2 - WARNING - Full Hybrid requiere NER y RLHF entrenado, usando NER solo
2026-01-19 14:19:18 - ranking.ner_enhanced_ranker - WARNING -      NER bonus NO aplicado para: 'black boots'
2026-01-19 14:19:18 - experimento_completo_4_metodos - WARNING -   Insuficientes datos para análisis estadístico
2026-01-19 14:19:18 - experimento_completo_4_metodos - INFO -  Guardando resultados...
2026-01-19 14:19:18 - experimento_completo_4_metodos - INFO -  Resultados JSON: results\experimento_4_metodos_20260119_141918.json
2026-01-19 14:19:18 - experimento_completo_4_metodos - INFO -  Resultados CSV: results\experimento_4_metodos_20260119_141918.csv
2026-01-19 14:19:18 - experimento_completo_4_metodos - ERROR -  Error en experimento: unsupported format string passed to NoneType.__format__
