2026-02-04 10:08:07 - experimento_completo_4_metodos - INFO -  Log iniciado: logs\experimento_20260204_100807.log
2026-02-04 10:08:07 - faiss.loader - INFO - Loading faiss with AVX2 support.
2026-02-04 10:08:07 - faiss.loader - INFO - Successfully loaded faiss with AVX2 support.
2026-02-04 10:08:17 - experimento_completo_4_metodos - INFO -  Cargando ground truth...
2026-02-04 10:08:17 - experimento_completo_4_metodos - INFO - ✓ Ground truth MANUAL: 17 queries
2026-02-04 10:08:17 - experimento_completo_4_metodos - INFO - ✓ Ground truth REVIEWS: 21/21 queries añadidas
2026-02-04 10:08:17 - experimento_completo_4_metodos - INFO - 📊 Ground truth combinado: 38 queries
2026-02-04 10:08:17 - experimento_completo_4_metodos - INFO -    • Productos relevantes totales: 86
2026-02-04 10:08:17 - experimento_completo_4_metodos - INFO -   Creando split train/test estratificado...
2026-02-04 10:08:17 - experimento_completo_4_metodos - INFO -  Split creado: 28 train, 10 test
2026-02-04 10:08:17 - experimento_completo_4_metodos - INFO -  Cargando sistema V2...
2026-02-04 10:08:17 - experimento_completo_4_metodos - INFO -  Cargando sistema V2 desde cache...
2026-02-04 10:08:21 - src.unified_system_v2 - INFO -  Sistema V2 cargado: 89,990 productos
2026-02-04 10:08:21 - experimento_completo_4_metodos - INFO -  Sistema cargado: 89,990 productos
2026-02-04 10:08:21 - experimento_completo_4_metodos - INFO -    • RLHF:  Disponible
2026-02-04 10:08:21 - experimento_completo_4_metodos - INFO -    • NER:  Disponible
2026-02-04 10:08:21 - experimento_completo_4_metodos - INFO - Entrenando RLHF con 28 queries...
2026-02-04 10:08:21 - src.unified_system_v2 - INFO -  Entrenando RLHF con 28 queries...
2026-02-04 10:08:21 - src.unified_system_v2 - INFO -    • Interacciones filtradas: 48
2026-02-04 10:08:21 - ranking.rl_ranker_fixed - INFO -  RLHF Dinámico inicializado (lr=0.5)
2026-02-04 10:08:21 - ranking.rl_ranker_fixed - INFO -  Human Feedback #1: 'vehicle parts...' pos 3
2026-02-04 10:08:21 - ranking.rl_ranker_fixed - INFO -  Human Feedback #2: 'vehicle parts...' pos 3
2026-02-04 10:08:21 - ranking.rl_ranker_fixed - INFO -  Human Feedback #3: 'vehicle parts...' pos 3
2026-02-04 10:08:21 - ranking.rl_ranker_fixed - INFO -  Human Feedback #4: 'automotive tools...' pos 3
2026-02-04 10:08:21 - ranking.rl_ranker_fixed - INFO -  Human Feedback #5: 'automotive tools...' pos 3
2026-02-04 10:08:21 - ranking.rl_ranker_fixed - INFO -  Human Feedback #6: 'automotive tools...' pos 3
2026-02-04 10:08:21 - ranking.rl_ranker_fixed - INFO -  Human Feedback #7: 'all beauty...' pos 3
2026-02-04 10:08:21 - ranking.rl_ranker_fixed - INFO -  Human Feedback #8: 'all beauty...' pos 3
2026-02-04 10:08:21 - ranking.rl_ranker_fixed - INFO -  Human Feedback #9: 'all beauty...' pos 3
2026-02-04 10:08:21 - ranking.rl_ranker_fixed - INFO -  Human Feedback #10: 'designs fake nails...' pos 3
2026-02-04 10:08:21 - src.unified_system_v2 - INFO -    • Entrenados: 10/48
2026-02-04 10:08:21 - ranking.rl_ranker_fixed - INFO -  Human Feedback #11: 'designs fake nails...' pos 3
2026-02-04 10:08:21 - ranking.rl_ranker_fixed - INFO -  Human Feedback #12: 'designs fake nails...' pos 3
2026-02-04 10:08:21 - ranking.rl_ranker_fixed - INFO -  Human Feedback #13: 'educational books...' pos 3
2026-02-04 10:08:21 - ranking.rl_ranker_fixed - INFO -  Human Feedback #14: 'educational books...' pos 3
2026-02-04 10:08:21 - ranking.rl_ranker_fixed - INFO -  Human Feedback #15: 'educational books...' pos 3
2026-02-04 10:08:21 - ranking.rl_ranker_fixed - INFO -  Human Feedback #16: 'novels...' pos 3
2026-02-04 10:08:21 - ranking.rl_ranker_fixed - INFO -  Human Feedback #17: 'novels...' pos 3
2026-02-04 10:08:21 - ranking.rl_ranker_fixed - INFO -  Human Feedback #18: 'novels...' pos 3
2026-02-04 10:08:21 - ranking.rl_ranker_fixed - INFO -  Human Feedback #19: 'amazon fashion...' pos 3
2026-02-04 10:08:21 - ranking.rl_ranker_fixed - INFO -  Human Feedback #20: 'amazon fashion...' pos 3
2026-02-04 10:08:21 - src.unified_system_v2 - INFO -    • Entrenados: 20/48
2026-02-04 10:08:21 - ranking.rl_ranker_fixed - INFO -  Human Feedback #21: 'amazon fashion...' pos 3
2026-02-04 10:08:21 - ranking.rl_ranker_fixed - INFO -  Human Feedback #22: 'beagimeg women's sex...' pos 3
2026-02-04 10:08:21 - ranking.rl_ranker_fixed - INFO -  Human Feedback #23: 'beagimeg women's sex...' pos 3
2026-02-04 10:08:21 - ranking.rl_ranker_fixed - INFO -  Human Feedback #24: 'beagimeg women's sex...' pos 3
2026-02-04 10:08:21 - ranking.rl_ranker_fixed - INFO -  Human Feedback #25: 'electronic devices...' pos 3
2026-02-04 10:08:21 - ranking.rl_ranker_fixed - INFO -  Human Feedback #26: 'electronic devices...' pos 3
2026-02-04 10:08:21 - ranking.rl_ranker_fixed - INFO -  Human Feedback #27: 'electronic devices...' pos 3
2026-02-04 10:08:21 - ranking.rl_ranker_fixed - INFO -  Human Feedback #28: 'sets ac.6 soundstrea...' pos 3
2026-02-04 10:08:21 - ranking.rl_ranker_fixed - INFO -  Human Feedback #29: 'sets ac.6 soundstrea...' pos 3
2026-02-04 10:08:21 - ranking.rl_ranker_fixed - INFO -  Human Feedback #30: 'sets ac.6 soundstrea...' pos 3
2026-02-04 10:08:21 - src.unified_system_v2 - INFO -    • Entrenados: 30/48
2026-02-04 10:08:21 - ranking.rl_ranker_fixed - INFO -  Human Feedback #31: 'amazon home...' pos 3
2026-02-04 10:08:21 - ranking.rl_ranker_fixed - INFO -  Human Feedback #32: 'amazon home...' pos 3
2026-02-04 10:08:21 - ranking.rl_ranker_fixed - INFO -  Human Feedback #33: 'amazon home...' pos 3
2026-02-04 10:08:21 - ranking.rl_ranker_fixed - INFO -  Human Feedback #34: 'linenlovers polyeste...' pos 3
2026-02-04 10:08:21 - ranking.rl_ranker_fixed - INFO -  Human Feedback #35: 'linenlovers polyeste...' pos 3
2026-02-04 10:08:21 - ranking.rl_ranker_fixed - INFO -  Human Feedback #36: 'linenlovers polyeste...' pos 3
2026-02-04 10:08:21 - ranking.rl_ranker_fixed - INFO -  Human Feedback #37: 'sports & outdoors...' pos 3
2026-02-04 10:08:21 - ranking.rl_ranker_fixed - INFO -  Human Feedback #38: 'sports & outdoors...' pos 3
2026-02-04 10:08:21 - ranking.rl_ranker_fixed - INFO -  Human Feedback #39: 'sports & outdoors...' pos 3
2026-02-04 10:08:21 - ranking.rl_ranker_fixed - INFO -  Human Feedback #40: 'aqua lung favola...' pos 3
2026-02-04 10:08:21 - src.unified_system_v2 - INFO -    • Entrenados: 40/48
2026-02-04 10:08:21 - ranking.rl_ranker_fixed - INFO -  Human Feedback #41: 'aqua lung favola...' pos 3
2026-02-04 10:08:21 - ranking.rl_ranker_fixed - INFO -  Human Feedback #42: 'aqua lung favola...' pos 3
2026-02-04 10:08:21 - ranking.rl_ranker_fixed - INFO -  Human Feedback #43: 'magic doorbell playh...' pos 3
2026-02-04 10:08:21 - ranking.rl_ranker_fixed - INFO -  Human Feedback #44: 'magic doorbell playh...' pos 3
2026-02-04 10:08:21 - ranking.rl_ranker_fixed - INFO -  Human Feedback #45: 'magic doorbell playh...' pos 3
2026-02-04 10:08:21 - ranking.rl_ranker_fixed - INFO -  Human Feedback #46: 'computers...' pos 3
2026-02-04 10:08:21 - ranking.rl_ranker_fixed - INFO -  Human Feedback #47: 'computers...' pos 3
2026-02-04 10:08:21 - ranking.rl_ranker_fixed - INFO -  Human Feedback #48: 'computers...' pos 3
2026-02-04 10:08:21 - src.unified_system_v2 - INFO -  RLHF entrenado: 48 exitosas, 0 fallidas
2026-02-04 10:08:21 - src.unified_system_v2 - INFO -    • Features aprendidas: 50
2026-02-04 10:08:21 - src.unified_system_v2 - INFO -    • Feedback procesado: 48
2026-02-04 10:08:26 - src.unified_system_v2 - INFO -  Sistema V2 guardado: data\cache\unified_system_v2.pkl
2026-02-04 10:08:26 - src.unified_system_v2 - INFO -  Sistema guardado: data\cache\unified_system_v2.pkl
2026-02-04 10:08:26 - experimento_completo_4_metodos - INFO - ✅ RLHF entrenado exitosamente
2026-02-04 10:08:26 - experimento_completo_4_metodos - INFO -    • Feedback procesado: 48
2026-02-04 10:08:26 - experimento_completo_4_metodos - INFO -    • Features aprendidas: 50
2026-02-04 10:08:26 - ranking.ner_enhanced_ranker - INFO -    Query: 'toys & games' → Intent: ['category']
2026-02-04 10:08:26 - ranking.ner_enhanced_ranker - WARNING -      NER bonus NO aplicado para: 'toys & games'
2026-02-04 10:08:26 - ranking.rl_ranker_fixed - INFO -     Aplicando Human Preferences (50 features)
2026-02-04 10:08:27 - ranking.rl_ranker_fixed - INFO -     Aplicando Human Preferences (50 features)
2026-02-04 10:08:27 - ranking.rl_ranker_fixed - INFO -     Aplicando Human Preferences (50 features)
2026-02-04 10:08:27 - ranking.rl_ranker_fixed - INFO -     Aplicando Human Preferences (50 features)
2026-02-04 10:08:27 - ranking.rl_ranker_fixed - INFO -     Aplicando Human Preferences (50 features)
2026-02-04 10:08:27 - ranking.rl_ranker_fixed - INFO -     Aplicando Human Preferences (50 features)
2026-02-04 10:08:27 - ranking.rl_ranker_fixed - INFO -     Aplicando Human Preferences (50 features)
2026-02-04 10:08:27 - ranking.rl_ranker_fixed - INFO -     Aplicando Human Preferences (50 features)
2026-02-04 10:08:27 - ranking.ner_enhanced_ranker - INFO -    Query: 'beauty products' → Intent: ['category']
2026-02-04 10:08:27 - ranking.ner_enhanced_ranker - INFO -     NER bonus aplicado a 6/20 productos
2026-02-04 10:08:27 - ranking.rl_ranker_fixed - INFO -     Aplicando Human Preferences (50 features)
2026-02-04 10:08:27 - ranking.rl_ranker_fixed - INFO -     Aplicando Human Preferences (50 features)
2026-02-04 10:08:27 - ranking.rl_ranker_fixed - INFO -     Aplicando Human Preferences (50 features)
2026-02-04 10:08:27 - ranking.rl_ranker_fixed - INFO -     Aplicando Human Preferences (50 features)
2026-02-04 10:08:28 - ranking.rl_ranker_fixed - INFO -     Aplicando Human Preferences (50 features)
2026-02-04 10:08:28 - ranking.rl_ranker_fixed - INFO -     Aplicando Human Preferences (50 features)
2026-02-04 10:08:28 - ranking.rl_ranker_fixed - INFO -     Aplicando Human Preferences (50 features)
2026-02-04 10:08:28 - ranking.rl_ranker_fixed - INFO -     Aplicando Human Preferences (50 features)
2026-02-04 10:08:28 - ranking.ner_enhanced_ranker - INFO -    Query: 'headphones' → Intent: ['category', 'platform']
2026-02-04 10:08:28 - ranking.ner_enhanced_ranker - INFO -     NER bonus aplicado a 13/20 productos
2026-02-04 10:08:28 - ranking.rl_ranker_fixed - INFO -     Aplicando Human Preferences (50 features)
2026-02-04 10:08:28 - ranking.rl_ranker_fixed - INFO -     Aplicando Human Preferences (50 features)
2026-02-04 10:08:28 - ranking.rl_ranker_fixed - INFO -     Aplicando Human Preferences (50 features)
2026-02-04 10:08:28 - ranking.rl_ranker_fixed - INFO -     Aplicando Human Preferences (50 features)
2026-02-04 10:08:28 - ranking.rl_ranker_fixed - INFO -     Aplicando Human Preferences (50 features)
2026-02-04 10:08:28 - ranking.rl_ranker_fixed - INFO -     Aplicando Human Preferences (50 features)
2026-02-04 10:08:28 - ranking.rl_ranker_fixed - INFO -     Aplicando Human Preferences (50 features)
2026-02-04 10:08:28 - ranking.rl_ranker_fixed - INFO -     Aplicando Human Preferences (50 features)
2026-02-04 10:08:29 - ranking.ner_enhanced_ranker - INFO -    Query: 'utmost highest: updated' → Intent: []
2026-02-04 10:08:29 - ranking.ner_enhanced_ranker - INFO -     NER bonus aplicado a 5/20 productos
2026-02-04 10:08:29 - ranking.rl_ranker_fixed - INFO -     Aplicando Human Preferences (50 features)
2026-02-04 10:08:29 - ranking.rl_ranker_fixed - INFO -     Aplicando Human Preferences (50 features)
2026-02-04 10:08:29 - ranking.rl_ranker_fixed - INFO -     Aplicando Human Preferences (50 features)
2026-02-04 10:08:29 - ranking.rl_ranker_fixed - INFO -     Aplicando Human Preferences (50 features)
2026-02-04 10:08:29 - ranking.rl_ranker_fixed - INFO -     Aplicando Human Preferences (50 features)
2026-02-04 10:08:29 - ranking.rl_ranker_fixed - INFO -     Aplicando Human Preferences (50 features)
2026-02-04 10:08:29 - ranking.rl_ranker_fixed - INFO -     Aplicando Human Preferences (50 features)
2026-02-04 10:08:29 - ranking.rl_ranker_fixed - INFO -     Aplicando Human Preferences (50 features)
2026-02-04 10:08:29 - ranking.ner_enhanced_ranker - INFO -    Query: 'tech products' → Intent: []
2026-02-04 10:08:29 - ranking.ner_enhanced_ranker - INFO -     NER bonus aplicado a 2/20 productos
2026-02-04 10:08:29 - ranking.rl_ranker_fixed - INFO -     Aplicando Human Preferences (50 features)
2026-02-04 10:08:29 - ranking.rl_ranker_fixed - INFO -     Aplicando Human Preferences (50 features)
2026-02-04 10:08:29 - ranking.rl_ranker_fixed - INFO -     Aplicando Human Preferences (50 features)
2026-02-04 10:08:29 - ranking.rl_ranker_fixed - INFO -     Aplicando Human Preferences (50 features)
2026-02-04 10:08:29 - ranking.rl_ranker_fixed - INFO -     Aplicando Human Preferences (50 features)
2026-02-04 10:08:29 - ranking.rl_ranker_fixed - INFO -     Aplicando Human Preferences (50 features)
2026-02-04 10:08:30 - ranking.rl_ranker_fixed - INFO -     Aplicando Human Preferences (50 features)
2026-02-04 10:08:30 - ranking.rl_ranker_fixed - INFO -     Aplicando Human Preferences (50 features)
2026-02-04 10:08:30 - ranking.ner_enhanced_ranker - INFO -    Query: 'pc gaming' → Intent: ['category', 'platform']
2026-02-04 10:08:30 - ranking.ner_enhanced_ranker - INFO -     NER bonus aplicado a 10/20 productos
2026-02-04 10:08:30 - ranking.rl_ranker_fixed - INFO -     Aplicando Human Preferences (50 features)
2026-02-04 10:08:30 - ranking.rl_ranker_fixed - INFO -     Aplicando Human Preferences (50 features)
2026-02-04 10:08:30 - ranking.rl_ranker_fixed - INFO -     Aplicando Human Preferences (50 features)
2026-02-04 10:08:30 - ranking.rl_ranker_fixed - INFO -     Aplicando Human Preferences (50 features)
2026-02-04 10:08:30 - ranking.rl_ranker_fixed - INFO -     Aplicando Human Preferences (50 features)
2026-02-04 10:08:30 - ranking.rl_ranker_fixed - INFO -     Aplicando Human Preferences (50 features)
2026-02-04 10:08:30 - ranking.rl_ranker_fixed - INFO -     Aplicando Human Preferences (50 features)
2026-02-04 10:08:30 - ranking.rl_ranker_fixed - INFO -     Aplicando Human Preferences (50 features)
2026-02-04 10:08:30 - ranking.ner_enhanced_ranker - INFO -    Query: 'survival games' → Intent: ['category', 'genre']
2026-02-04 10:08:30 - ranking.ner_enhanced_ranker - INFO -     NER bonus aplicado a 8/20 productos
2026-02-04 10:08:30 - ranking.rl_ranker_fixed - INFO -     Aplicando Human Preferences (50 features)
2026-02-04 10:08:30 - ranking.rl_ranker_fixed - INFO -     Aplicando Human Preferences (50 features)
2026-02-04 10:08:30 - ranking.rl_ranker_fixed - INFO -     Aplicando Human Preferences (50 features)
2026-02-04 10:08:30 - ranking.rl_ranker_fixed - INFO -     Aplicando Human Preferences (50 features)
2026-02-04 10:08:30 - ranking.rl_ranker_fixed - INFO -     Aplicando Human Preferences (50 features)
2026-02-04 10:08:30 - ranking.rl_ranker_fixed - INFO -     Aplicando Human Preferences (50 features)
2026-02-04 10:08:30 - ranking.rl_ranker_fixed - INFO -     Aplicando Human Preferences (50 features)
2026-02-04 10:08:30 - ranking.rl_ranker_fixed - INFO -     Aplicando Human Preferences (50 features)
2026-02-04 10:08:30 - ranking.ner_enhanced_ranker - INFO -    Query: 'pinihed 2pcs interior' → Intent: ['category', 'platform']
2026-02-04 10:08:30 - ranking.ner_enhanced_ranker - INFO -     NER bonus aplicado a 1/20 productos
2026-02-04 10:08:31 - ranking.rl_ranker_fixed - INFO -     Aplicando Human Preferences (50 features)
2026-02-04 10:08:31 - ranking.rl_ranker_fixed - INFO -     Aplicando Human Preferences (50 features)
2026-02-04 10:08:31 - ranking.rl_ranker_fixed - INFO -     Aplicando Human Preferences (50 features)
2026-02-04 10:08:31 - ranking.rl_ranker_fixed - INFO -     Aplicando Human Preferences (50 features)
2026-02-04 10:08:31 - ranking.rl_ranker_fixed - INFO -     Aplicando Human Preferences (50 features)
2026-02-04 10:08:31 - ranking.rl_ranker_fixed - INFO -     Aplicando Human Preferences (50 features)
2026-02-04 10:08:31 - ranking.rl_ranker_fixed - INFO -     Aplicando Human Preferences (50 features)
2026-02-04 10:08:31 - ranking.rl_ranker_fixed - INFO -     Aplicando Human Preferences (50 features)
2026-02-04 10:08:31 - ranking.ner_enhanced_ranker - INFO -    Query: 'playstation games' → Intent: ['category', 'platform']
2026-02-04 10:08:31 - ranking.ner_enhanced_ranker - INFO -     NER bonus aplicado a 11/20 productos
2026-02-04 10:08:31 - ranking.rl_ranker_fixed - INFO -     Aplicando Human Preferences (50 features)
2026-02-04 10:08:31 - ranking.rl_ranker_fixed - INFO -     Aplicando Human Preferences (50 features)
2026-02-04 10:08:31 - ranking.rl_ranker_fixed - INFO -     Aplicando Human Preferences (50 features)
2026-02-04 10:08:31 - ranking.rl_ranker_fixed - INFO -     Aplicando Human Preferences (50 features)
2026-02-04 10:08:31 - ranking.rl_ranker_fixed - INFO -     Aplicando Human Preferences (50 features)
2026-02-04 10:08:31 - ranking.rl_ranker_fixed - INFO -     Aplicando Human Preferences (50 features)
2026-02-04 10:08:31 - ranking.rl_ranker_fixed - INFO -     Aplicando Human Preferences (50 features)
2026-02-04 10:08:31 - ranking.rl_ranker_fixed - INFO -     Aplicando Human Preferences (50 features)
2026-02-04 10:08:31 - ranking.ner_enhanced_ranker - INFO -    Query: 'epomaker sk71 keys' → Intent: []
2026-02-04 10:08:31 - ranking.ner_enhanced_ranker - INFO -     NER bonus aplicado a 19/20 productos
2026-02-04 10:08:32 - ranking.rl_ranker_fixed - INFO -     Aplicando Human Preferences (50 features)
2026-02-04 10:08:32 - ranking.rl_ranker_fixed - INFO -     Aplicando Human Preferences (50 features)
2026-02-04 10:08:32 - ranking.rl_ranker_fixed - INFO -     Aplicando Human Preferences (50 features)
2026-02-04 10:08:32 - ranking.rl_ranker_fixed - INFO -     Aplicando Human Preferences (50 features)
2026-02-04 10:08:32 - ranking.rl_ranker_fixed - INFO -     Aplicando Human Preferences (50 features)
2026-02-04 10:08:32 - ranking.rl_ranker_fixed - INFO -     Aplicando Human Preferences (50 features)
2026-02-04 10:08:32 - ranking.rl_ranker_fixed - INFO -     Aplicando Human Preferences (50 features)
2026-02-04 10:08:32 - ranking.rl_ranker_fixed - INFO -     Aplicando Human Preferences (50 features)
2026-02-04 10:08:32 - experimento_completo_4_metodos - INFO -  Guardando resultados...
2026-02-04 10:08:32 - experimento_completo_4_metodos - INFO -  Resultados JSON: results\experimento_4_metodos_20260204_100832.json
2026-02-04 10:08:32 - experimento_completo_4_metodos - INFO -  Resultados CSV: results\experimento_4_metodos_20260204_100832.csv
2026-02-04 10:08:32 - experimento_completo_4_metodos - INFO -  Resumen: results\resumen_20260204_100832.txt
2026-02-04 10:08:32 - experimento_completo_4_metodos - INFO -  Experimento completado exitosamente
