2026-01-11 12:24:47 - experimento_completo_4_metodos - INFO - Log iniciado: logs\experimento_20260111_122447.log
2026-01-11 12:24:47 - faiss.loader - INFO - Loading faiss with AVX2 support.
2026-01-11 12:24:47 - faiss.loader - INFO - Successfully loaded faiss with AVX2 support.
2026-01-11 12:24:58 - experimento_completo_4_metodos - INFO - Cargando ground truth...
2026-01-11 12:24:58 - experimento_completo_4_metodos - INFO - Ground truth cargado: 18 queries
2026-01-11 12:24:58 - experimento_completo_4_metodos - INFO -    • Productos relevantes totales: 31
2026-01-11 12:24:58 - experimento_completo_4_metodos - INFO - Creando split train/test estratificado...
2026-01-11 12:24:58 - experimento_completo_4_metodos - INFO - Split creado: 13 train, 5 test
2026-01-11 12:24:58 - experimento_completo_4_metodos - INFO - Cargando sistema V2...
2026-01-11 12:24:58 - experimento_completo_4_metodos - INFO - Creando nuevo sistema V2...
2026-01-11 12:24:58 - src.unified_system - INFO - Sistema base inicializado
2026-01-11 12:24:58 - src.unified_system_v2 - INFO - UnifiedSystemV2 inicializado
2026-01-11 12:24:58 - src.unified_system_v2 - INFO - Inicializando sistema V2 con NER...
2026-01-11 12:24:58 - src.unified_system_v2 - INFO - Cargando sistema base...
2026-01-11 12:24:58 - src.unified_system_v2 - INFO - Creando nuevo sistema base...
2026-01-11 12:24:58 - src.unified_system - INFO - Cargando productos de todos los archivos raw...
2026-01-11 12:24:58 - src.unified_system - INFO - Límite configurado: 100000 productos
2026-01-11 12:24:58 - data.loader - INFO - Procesando 9/9 archivos
2026-01-11 12:24:58 - data.loader - INFO - Procesando (1/9): meta_Automotive_10000.jsonl
2026-01-11 12:24:58 - data.loader - INFO - Cargando: meta_Automotive_10000.jsonl
2026-01-11 12:24:58 - data.loader - INFO - Líneas leídas: 10000
2026-01-11 12:24:58 - data.loader - INFO - Productos válidos: 10000
2026-01-11 12:24:58 - data.loader - INFO - Productos de archivo: 10000
2026-01-11 12:24:58 - data.loader - INFO - Total acumulado: 10000
2026-01-11 12:24:58 - data.loader - INFO - Ejemplos del archivo:
2026-01-11 12:24:58 - data.loader - INFO -   1. PINIHED 2pcs LED Interior Door Light ...
2026-01-11 12:24:58 - data.loader - INFO -   2. shamofeng Generator Stator 420W for C...
2026-01-11 12:24:58 - data.loader - INFO -   3. Genuine Hyundai Parts 82620-3D010 Pas...
2026-01-11 12:24:58 - data.loader - INFO - Procesando (2/9): meta_Beauty_and_Personal_Care_10000.jsonl
2026-01-11 12:24:58 - data.loader - INFO - Cargando: meta_Beauty_and_Personal_Care_10000.jsonl
2026-01-11 12:24:59 - data.loader - INFO - Líneas leídas: 10000
2026-01-11 12:24:59 - data.loader - INFO - Productos válidos: 10000
2026-01-11 12:24:59 - data.loader - INFO - Productos de archivo: 10000
2026-01-11 12:24:59 - data.loader - INFO - Total acumulado: 20000
2026-01-11 12:24:59 - data.loader - INFO - Ejemplos del archivo:
2026-01-11 12:24:59 - data.loader - INFO -   1. 25 Designs Fake Nails Artificial 24Pc...
2026-01-11 12:24:59 - data.loader - INFO -   2. Hask Volumizing Conditioner, Chia See...
2026-01-11 12:24:59 - data.loader - INFO -   3. Monja Almond Shaped Acrylic Nail Tips...
2026-01-11 12:24:59 - data.loader - INFO - Procesando (3/9): meta_Books_10000.jsonl
2026-01-11 12:24:59 - data.loader - INFO - Cargando: meta_Books_10000.jsonl
2026-01-11 12:24:59 - data.loader - INFO - Líneas leídas: 10000
2026-01-11 12:24:59 - data.loader - INFO - Productos válidos: 10000
2026-01-11 12:24:59 - data.loader - INFO - Productos de archivo: 10000
2026-01-11 12:24:59 - data.loader - INFO - Total acumulado: 30000
2026-01-11 12:24:59 - data.loader - INFO - Ejemplos del archivo:
2026-01-11 12:24:59 - data.loader - INFO -   1. My Utmost for His Highest: Updated La...
2026-01-11 12:24:59 - data.loader - INFO -   2. Star Trek: The Entropy Effect (Adapted)
2026-01-11 12:24:59 - data.loader - INFO -   3. He olvidado tu nombre (Biblioteca de ...
2026-01-11 12:24:59 - data.loader - INFO - Procesando (4/9): meta_Clothing_Shoes_and_Jewelry_10000.jsonl
2026-01-11 12:24:59 - data.loader - INFO - Cargando: meta_Clothing_Shoes_and_Jewelry_10000.jsonl
2026-01-11 12:25:00 - data.loader - INFO - Líneas leídas: 10000
2026-01-11 12:25:00 - data.loader - INFO - Productos válidos: 9999
2026-01-11 12:25:00 - data.loader - INFO - Productos de archivo: 9999
2026-01-11 12:25:00 - data.loader - INFO - Total acumulado: 39999
2026-01-11 12:25:00 - data.loader - INFO - Ejemplos del archivo:
2026-01-11 12:25:00 - data.loader - INFO -   1. BEAGIMEG Women's Sexy Bodycon Sleevel...
2026-01-11 12:25:00 - data.loader - INFO -   2. Tiger Claw Essential Traditional Kara...
2026-01-11 12:25:00 - data.loader - INFO -   3. White Glitter Ranch Hair Don't Care D...
2026-01-11 12:25:00 - data.loader - INFO - Procesando (5/9): meta_Electronics_10000.jsonl
2026-01-11 12:25:00 - data.loader - INFO - Cargando: meta_Electronics_10000.jsonl
2026-01-11 12:25:00 - data.loader - INFO - Líneas leídas: 10000
2026-01-11 12:25:00 - data.loader - INFO - Productos válidos: 9999
2026-01-11 12:25:00 - data.loader - INFO - Productos de archivo: 9999
2026-01-11 12:25:00 - data.loader - INFO - Total acumulado: 49998
2026-01-11 12:25:00 - data.loader - INFO - Ejemplos del archivo:
2026-01-11 12:25:00 - data.loader - INFO -   1. 2 Sets AC.6 - Soundstream 6.5" 100W R...
2026-01-11 12:25:00 - data.loader - INFO -   2. Humminbird 602005-1 LakeMaster Premiu...
2026-01-11 12:25:00 - data.loader - INFO -   3. 2tb External Hard Drive,USB 3.0 Porta...
2026-01-11 12:25:00 - data.loader - INFO - Procesando (6/9): meta_Home_and_Kitchen_10000.jsonl
2026-01-11 12:25:00 - data.loader - INFO - Cargando: meta_Home_and_Kitchen_10000.jsonl
2026-01-11 12:25:01 - data.loader - INFO - Líneas leídas: 10000
2026-01-11 12:25:01 - data.loader - INFO - Productos válidos: 10000
2026-01-11 12:25:01 - data.loader - INFO - Productos de archivo: 10000
2026-01-11 12:25:01 - data.loader - INFO - Total acumulado: 59998
2026-01-11 12:25:01 - data.loader - INFO - Ejemplos del archivo:
2026-01-11 12:25:01 - data.loader - INFO -   1. LinenLovers Polyester Gingham Umbrell...
2026-01-11 12:25:01 - data.loader - INFO -   2. CTSZOOM Ice Cube Tray with Lid and Bi...
2026-01-11 12:25:01 - data.loader - INFO -   3. Superior Posters Marvels Avengers Iro...
2026-01-11 12:25:01 - data.loader - INFO - Procesando (7/9): meta_Sports_and_Outdoors_10000.jsonl
2026-01-11 12:25:01 - data.loader - INFO - Cargando: meta_Sports_and_Outdoors_10000.jsonl
2026-01-11 12:25:01 - data.loader - INFO - Líneas leídas: 10000
2026-01-11 12:25:01 - data.loader - INFO - Productos válidos: 9998
2026-01-11 12:25:01 - data.loader - INFO - Productos de archivo: 9998
2026-01-11 12:25:01 - data.loader - INFO - Total acumulado: 69996
2026-01-11 12:25:01 - data.loader - INFO - Ejemplos del archivo:
2026-01-11 12:25:01 - data.loader - INFO -   1. Aqua Lung Favola Double Lens Dive Mask
2026-01-11 12:25:01 - data.loader - INFO -   2. Sportline 855 Wristband Wallet
2026-01-11 12:25:01 - data.loader - INFO -   3. Dallas Cowboys Dez Bryant #88 Nike Na...
2026-01-11 12:25:01 - data.loader - INFO - Procesando (8/9): meta_Toys_and_Games_10000.jsonl
2026-01-11 12:25:01 - data.loader - INFO - Cargando: meta_Toys_and_Games_10000.jsonl
2026-01-11 12:25:02 - data.loader - INFO - Líneas leídas: 10000
2026-01-11 12:25:02 - data.loader - INFO - Productos válidos: 9999
2026-01-11 12:25:02 - data.loader - INFO - Productos de archivo: 9999
2026-01-11 12:25:02 - data.loader - INFO - Total acumulado: 79995
2026-01-11 12:25:02 - data.loader - INFO - Ejemplos del archivo:
2026-01-11 12:25:02 - data.loader - INFO -   1. Magic Doorbell Playhouse
2026-01-11 12:25:02 - data.loader - INFO -   2. New Years Eve Party Supplies 2023 Set...
2026-01-11 12:25:02 - data.loader - INFO -   3. LEGO NINJAGO Legacy Boulder Blaster 7...
2026-01-11 12:25:02 - data.loader - INFO - Procesando (9/9): meta_Video_Games_10000.jsonl
2026-01-11 12:25:02 - data.loader - INFO - Cargando: meta_Video_Games_10000.jsonl
2026-01-11 12:25:02 - data.loader - INFO - Líneas leídas: 10000
2026-01-11 12:25:02 - data.loader - INFO - Productos válidos: 9999
2026-01-11 12:25:02 - data.loader - INFO - Productos de archivo: 9999
2026-01-11 12:25:02 - data.loader - INFO - Total acumulado: 89994
2026-01-11 12:25:02 - data.loader - INFO - Ejemplos del archivo:
2026-01-11 12:25:02 - data.loader - INFO -   1. EPOMAKER SK71 71 Keys Hot Swappable M...
2026-01-11 12:25:02 - data.loader - INFO -   2. DJ Star (NDS) [UK IMPORT]
2026-01-11 12:25:02 - data.loader - INFO -   3. GameSir GTV130 4K HD HDMI USB Type C ...
2026-01-11 12:25:02 - data.loader - INFO - CARGA COMPLETA
2026-01-11 12:25:02 - data.loader - INFO - Total productos: 89994
2026-01-11 12:25:02 - data.loader - INFO - Archivos procesados: 9/9
2026-01-11 12:25:02 - data.loader - INFO - DISTRIBUCIÓN POR CATEGORÍA:
2026-01-11 12:25:02 - data.loader - INFO -   AMAZON FASHION                :  10797 ( 12.0%)
2026-01-11 12:25:02 - data.loader - INFO -   Amazon Home                   :   9557 ( 10.6%)
2026-01-11 12:25:02 - data.loader - INFO -   Books                         :   9244 ( 10.3%)
2026-01-11 12:25:02 - data.loader - INFO -   Automotive                    :   9024 ( 10.0%)
2026-01-11 12:25:02 - data.loader - INFO -   Toys & Games                  :   8471 (  9.4%)
2026-01-11 12:25:02 - data.loader - INFO -   All Beauty                    :   7346 (  8.2%)
2026-01-11 12:25:02 - data.loader - INFO -   Sports & Outdoors             :   6024 (  6.7%)
2026-01-11 12:25:02 - data.loader - INFO -   Video Games                   :   5928 (  6.6%)
2026-01-11 12:25:02 - data.loader - INFO -   Computers                     :   3966 (  4.4%)
2026-01-11 12:25:02 - data.loader - INFO -   All Electronics               :   3531 (  3.9%)
2026-01-11 12:25:02 - data.loader - INFO -   Camera & Photo                :   1493 (  1.7%)
2026-01-11 12:25:02 - data.loader - INFO -   Tools & Home Improvement      :   1336 (  1.5%)
2026-01-11 12:25:02 - data.loader - INFO -   Cell Phones & Accessories     :   1263 (  1.4%)
2026-01-11 12:25:02 - data.loader - INFO -   Industrial & Scientific       :   1009 (  1.1%)
2026-01-11 12:25:02 - data.loader - INFO -   Health & Personal Care        :    924 (  1.0%)
2026-01-11 12:25:02 - data.loader - INFO -   Home Audio & Theater          :    808 (  0.9%)
2026-01-11 12:25:02 - data.loader - INFO -   Buy a Kindle                  :    611 (  0.7%)
2026-01-11 12:25:02 - data.loader - INFO -   Office Products               :    401 (  0.4%)
2026-01-11 12:25:02 - data.loader - INFO -   Premium Beauty                :    301 (  0.3%)
2026-01-11 12:25:02 - data.loader - INFO -   Audible Audiobooks            :    206 (  0.2%)
2026-01-11 12:25:02 - data.loader - INFO -   ... y 19 categorías más
2026-01-11 12:25:02 - src.unified_system - INFO - Cargados 89,994 productos
2026-01-11 12:25:02 - src.unified_system - INFO - Canonizando productos...
2026-01-11 12:25:02 - sentence_transformers.SentenceTransformer - INFO - Use pytorch device_name: cpu
2026-01-11 12:25:02 - sentence_transformers.SentenceTransformer - INFO - Load pretrained SentenceTransformer: all-MiniLM-L6-v2
2026-01-11 12:25:06 - data.canonicalizer - INFO - Canonicalizer inicializado con modelo: all-MiniLM-L6-v2
2026-01-11 12:25:06 - src.unified_system - INFO -    Lote 1/45 (2000 productos)...
2026-01-11 12:25:14 - data.canonicalizer - INFO - Procesados 100/2000 productos...
2026-01-11 12:25:30 - data.canonicalizer - INFO - Procesados 200/2000 productos...
2026-01-11 12:25:43 - data.canonicalizer - INFO - Procesados 300/2000 productos...
2026-01-11 12:25:55 - data.canonicalizer - INFO - Procesados 400/2000 productos...
2026-01-11 12:25:59 - data.canonicalizer - INFO - Procesados 500/2000 productos...
2026-01-11 12:26:03 - data.canonicalizer - INFO - Procesados 600/2000 productos...
2026-01-11 12:26:07 - data.canonicalizer - INFO - Procesados 700/2000 productos...
2026-01-11 12:26:11 - data.canonicalizer - INFO - Procesados 800/2000 productos...
2026-01-11 12:26:15 - data.canonicalizer - INFO - Procesados 900/2000 productos...
2026-01-11 12:26:19 - data.canonicalizer - INFO - Procesados 1000/2000 productos...
2026-01-11 12:26:23 - data.canonicalizer - INFO - Procesados 1100/2000 productos...
2026-01-11 12:26:27 - data.canonicalizer - INFO - Procesados 1200/2000 productos...
2026-01-11 12:26:31 - data.canonicalizer - INFO - Procesados 1300/2000 productos...
2026-01-11 12:26:35 - data.canonicalizer - INFO - Procesados 1400/2000 productos...
2026-01-11 12:26:38 - data.canonicalizer - INFO - Procesados 1500/2000 productos...
2026-01-11 12:26:42 - data.canonicalizer - INFO - Procesados 1600/2000 productos...
2026-01-11 12:26:46 - data.canonicalizer - INFO - Procesados 1700/2000 productos...
2026-01-11 12:26:50 - data.canonicalizer - INFO - Procesados 1800/2000 productos...
2026-01-11 12:26:55 - data.canonicalizer - INFO - Procesados 1900/2000 productos...
2026-01-11 12:26:59 - data.canonicalizer - INFO - Canonizados 2000/2000 productos
2026-01-11 12:26:59 - src.unified_system - INFO -    Lote 2/45 (2000 productos)...
2026-01-11 12:27:03 - data.canonicalizer - INFO - Procesados 100/2000 productos...
2026-01-11 12:27:07 - data.canonicalizer - INFO - Procesados 200/2000 productos...
2026-01-11 12:27:11 - data.canonicalizer - INFO - Procesados 300/2000 productos...
2026-01-11 12:27:15 - data.canonicalizer - INFO - Procesados 400/2000 productos...
2026-01-11 12:27:19 - data.canonicalizer - INFO - Procesados 500/2000 productos...
2026-01-11 12:27:23 - data.canonicalizer - INFO - Procesados 600/2000 productos...
2026-01-11 12:27:27 - data.canonicalizer - INFO - Procesados 700/2000 productos...
2026-01-11 12:27:31 - data.canonicalizer - INFO - Procesados 800/2000 productos...
2026-01-11 12:27:36 - data.canonicalizer - INFO - Procesados 900/2000 productos...
2026-01-11 12:27:41 - data.canonicalizer - INFO - Procesados 1000/2000 productos...
2026-01-11 12:27:45 - data.canonicalizer - INFO - Procesados 1100/2000 productos...
2026-01-11 12:27:49 - data.canonicalizer - INFO - Procesados 1200/2000 productos...
2026-01-11 12:27:54 - data.canonicalizer - INFO - Procesados 1300/2000 productos...
2026-01-11 12:27:58 - data.canonicalizer - INFO - Procesados 1400/2000 productos...
2026-01-11 12:28:03 - data.canonicalizer - INFO - Procesados 1500/2000 productos...
2026-01-11 12:28:07 - data.canonicalizer - INFO - Procesados 1600/2000 productos...
2026-01-11 12:28:11 - data.canonicalizer - INFO - Procesados 1700/2000 productos...
2026-01-11 12:28:15 - data.canonicalizer - INFO - Procesados 1800/2000 productos...
2026-01-11 12:28:19 - data.canonicalizer - INFO - Procesados 1900/2000 productos...
2026-01-11 12:28:23 - data.canonicalizer - INFO - Canonizados 2000/2000 productos
2026-01-11 12:28:23 - src.unified_system - INFO -    Lote 3/45 (2000 productos)...
2026-01-11 12:28:27 - data.canonicalizer - INFO - Procesados 100/2000 productos...
2026-01-11 12:28:32 - data.canonicalizer - INFO - Procesados 200/2000 productos...
2026-01-11 12:28:36 - data.canonicalizer - INFO - Procesados 300/2000 productos...
2026-01-11 12:28:40 - data.canonicalizer - INFO - Procesados 400/2000 productos...
2026-01-11 12:28:44 - data.canonicalizer - INFO - Procesados 500/2000 productos...
2026-01-11 12:28:48 - data.canonicalizer - INFO - Procesados 600/2000 productos...
2026-01-11 12:28:52 - data.canonicalizer - INFO - Procesados 700/2000 productos...
2026-01-11 12:28:57 - data.canonicalizer - INFO - Procesados 800/2000 productos...
2026-01-11 12:29:01 - data.canonicalizer - INFO - Procesados 900/2000 productos...
2026-01-11 12:29:05 - data.canonicalizer - INFO - Procesados 1000/2000 productos...
2026-01-11 12:29:10 - data.canonicalizer - INFO - Procesados 1100/2000 productos...
2026-01-11 12:29:14 - data.canonicalizer - INFO - Procesados 1200/2000 productos...
2026-01-11 12:29:19 - data.canonicalizer - INFO - Procesados 1300/2000 productos...
2026-01-11 12:29:23 - data.canonicalizer - INFO - Procesados 1400/2000 productos...
2026-01-11 12:29:27 - data.canonicalizer - INFO - Procesados 1500/2000 productos...
2026-01-11 12:29:31 - data.canonicalizer - INFO - Procesados 1600/2000 productos...
2026-01-11 12:29:35 - data.canonicalizer - INFO - Procesados 1700/2000 productos...
2026-01-11 12:29:39 - data.canonicalizer - INFO - Procesados 1800/2000 productos...
2026-01-11 12:29:44 - data.canonicalizer - INFO - Procesados 1900/2000 productos...
2026-01-11 12:29:48 - data.canonicalizer - INFO - Canonizados 2000/2000 productos
2026-01-11 12:29:48 - src.unified_system - INFO -    Lote 4/45 (2000 productos)...
2026-01-11 12:29:52 - data.canonicalizer - INFO - Procesados 100/2000 productos...
2026-01-11 12:29:56 - data.canonicalizer - INFO - Procesados 200/2000 productos...
2026-01-11 12:30:00 - data.canonicalizer - INFO - Procesados 300/2000 productos...
2026-01-11 12:30:05 - data.canonicalizer - INFO - Procesados 400/2000 productos...
2026-01-11 12:30:10 - data.canonicalizer - INFO - Procesados 500/2000 productos...
2026-01-11 12:30:15 - data.canonicalizer - INFO - Procesados 600/2000 productos...
2026-01-11 12:30:19 - data.canonicalizer - INFO - Procesados 700/2000 productos...
2026-01-11 12:30:23 - data.canonicalizer - INFO - Procesados 800/2000 productos...
2026-01-11 12:30:28 - data.canonicalizer - INFO - Procesados 900/2000 productos...
2026-01-11 12:30:32 - data.canonicalizer - INFO - Procesados 1000/2000 productos...
2026-01-11 12:30:36 - data.canonicalizer - INFO - Procesados 1100/2000 productos...
2026-01-11 12:30:40 - data.canonicalizer - INFO - Procesados 1200/2000 productos...
2026-01-11 12:30:44 - data.canonicalizer - INFO - Procesados 1300/2000 productos...
2026-01-11 12:30:49 - data.canonicalizer - INFO - Procesados 1400/2000 productos...
2026-01-11 12:30:53 - data.canonicalizer - INFO - Procesados 1500/2000 productos...
2026-01-11 12:30:57 - data.canonicalizer - INFO - Procesados 1600/2000 productos...
2026-01-11 12:31:01 - data.canonicalizer - INFO - Procesados 1700/2000 productos...
2026-01-11 12:31:05 - data.canonicalizer - INFO - Procesados 1800/2000 productos...
2026-01-11 12:31:09 - data.canonicalizer - INFO - Procesados 1900/2000 productos...
2026-01-11 12:31:13 - data.canonicalizer - INFO - Canonizados 2000/2000 productos
2026-01-11 12:31:13 - src.unified_system - INFO -    Lote 5/45 (2000 productos)...
2026-01-11 12:31:18 - data.canonicalizer - INFO - Procesados 100/2000 productos...
2026-01-11 12:31:22 - data.canonicalizer - INFO - Procesados 200/2000 productos...
2026-01-11 12:31:26 - data.canonicalizer - INFO - Procesados 300/2000 productos...
2026-01-11 12:31:30 - data.canonicalizer - INFO - Procesados 400/2000 productos...
2026-01-11 12:31:34 - data.canonicalizer - INFO - Procesados 500/2000 productos...
2026-01-11 12:31:38 - data.canonicalizer - INFO - Procesados 600/2000 productos...
2026-01-11 12:31:43 - data.canonicalizer - INFO - Procesados 700/2000 productos...
2026-01-11 12:31:47 - data.canonicalizer - INFO - Procesados 800/2000 productos...
2026-01-11 12:31:51 - data.canonicalizer - INFO - Procesados 900/2000 productos...
2026-01-11 12:31:55 - data.canonicalizer - INFO - Procesados 1000/2000 productos...
2026-01-11 12:32:00 - data.canonicalizer - INFO - Procesados 1100/2000 productos...
2026-01-11 12:32:05 - data.canonicalizer - INFO - Procesados 1200/2000 productos...
2026-01-11 12:32:09 - data.canonicalizer - INFO - Procesados 1300/2000 productos...
2026-01-11 12:32:13 - data.canonicalizer - INFO - Procesados 1400/2000 productos...
2026-01-11 12:32:17 - data.canonicalizer - INFO - Procesados 1500/2000 productos...
2026-01-11 12:32:22 - data.canonicalizer - INFO - Procesados 1600/2000 productos...
2026-01-11 12:32:26 - data.canonicalizer - INFO - Procesados 1700/2000 productos...
2026-01-11 12:32:30 - data.canonicalizer - INFO - Procesados 1800/2000 productos...
2026-01-11 12:32:34 - data.canonicalizer - INFO - Procesados 1900/2000 productos...
2026-01-11 12:32:38 - data.canonicalizer - INFO - Canonizados 2000/2000 productos
2026-01-11 12:32:38 - src.unified_system - INFO -      Progreso: 10,000/89,994 productos canonizados
2026-01-11 12:32:38 - src.unified_system - INFO -    Lote 6/45 (2000 productos)...
2026-01-11 12:32:42 - data.canonicalizer - INFO - Procesados 100/2000 productos...
2026-01-11 12:32:46 - data.canonicalizer - INFO - Procesados 200/2000 productos...
2026-01-11 12:32:50 - data.canonicalizer - INFO - Procesados 300/2000 productos...
2026-01-11 12:32:54 - data.canonicalizer - INFO - Procesados 400/2000 productos...
2026-01-11 12:32:58 - data.canonicalizer - INFO - Procesados 500/2000 productos...
2026-01-11 12:33:02 - data.canonicalizer - INFO - Procesados 600/2000 productos...
2026-01-11 12:33:06 - data.canonicalizer - INFO - Procesados 700/2000 productos...
2026-01-11 12:33:10 - data.canonicalizer - INFO - Procesados 800/2000 productos...
2026-01-11 12:33:15 - data.canonicalizer - INFO - Procesados 900/2000 productos...
2026-01-11 12:33:19 - data.canonicalizer - INFO - Procesados 1000/2000 productos...
2026-01-11 12:33:23 - data.canonicalizer - INFO - Procesados 1100/2000 productos...
2026-01-11 12:33:27 - data.canonicalizer - INFO - Procesados 1200/2000 productos...
2026-01-11 12:33:30 - data.canonicalizer - INFO - Procesados 1300/2000 productos...
2026-01-11 12:33:34 - data.canonicalizer - INFO - Procesados 1400/2000 productos...
2026-01-11 12:33:39 - data.canonicalizer - INFO - Procesados 1500/2000 productos...
2026-01-11 12:33:43 - data.canonicalizer - INFO - Procesados 1600/2000 productos...
2026-01-11 12:33:47 - data.canonicalizer - INFO - Procesados 1700/2000 productos...
2026-01-11 12:33:51 - data.canonicalizer - INFO - Procesados 1800/2000 productos...
2026-01-11 12:33:55 - data.canonicalizer - INFO - Procesados 1900/2000 productos...
2026-01-11 12:33:59 - data.canonicalizer - INFO - Canonizados 2000/2000 productos
2026-01-11 12:33:59 - src.unified_system - INFO -    Lote 7/45 (2000 productos)...
2026-01-11 12:34:03 - data.canonicalizer - INFO - Procesados 100/2000 productos...
2026-01-11 12:34:07 - data.canonicalizer - INFO - Procesados 200/2000 productos...
2026-01-11 12:34:11 - data.canonicalizer - INFO - Procesados 300/2000 productos...
2026-01-11 12:34:15 - data.canonicalizer - INFO - Procesados 400/2000 productos...
2026-01-11 12:34:19 - data.canonicalizer - INFO - Procesados 500/2000 productos...
2026-01-11 12:34:23 - data.canonicalizer - INFO - Procesados 600/2000 productos...
2026-01-11 12:34:27 - data.canonicalizer - INFO - Procesados 700/2000 productos...
2026-01-11 12:34:31 - data.canonicalizer - INFO - Procesados 800/2000 productos...
2026-01-11 12:34:35 - data.canonicalizer - INFO - Procesados 900/2000 productos...
2026-01-11 12:34:40 - data.canonicalizer - INFO - Procesados 1000/2000 productos...
2026-01-11 12:34:44 - data.canonicalizer - INFO - Procesados 1100/2000 productos...
2026-01-11 12:34:47 - data.canonicalizer - INFO - Procesados 1200/2000 productos...
2026-01-11 12:34:51 - data.canonicalizer - INFO - Procesados 1300/2000 productos...
2026-01-11 12:34:55 - data.canonicalizer - INFO - Procesados 1400/2000 productos...
2026-01-11 12:35:00 - data.canonicalizer - INFO - Procesados 1500/2000 productos...
2026-01-11 12:35:04 - data.canonicalizer - INFO - Procesados 1600/2000 productos...
2026-01-11 12:35:08 - data.canonicalizer - INFO - Procesados 1700/2000 productos...
2026-01-11 12:35:13 - data.canonicalizer - INFO - Procesados 1800/2000 productos...
2026-01-11 12:35:17 - data.canonicalizer - INFO - Procesados 1900/2000 productos...
2026-01-11 12:35:21 - data.canonicalizer - INFO - Canonizados 2000/2000 productos
2026-01-11 12:35:21 - src.unified_system - INFO -    Lote 8/45 (2000 productos)...
2026-01-11 12:35:25 - data.canonicalizer - INFO - Procesados 100/2000 productos...
2026-01-11 12:35:30 - data.canonicalizer - INFO - Procesados 200/2000 productos...
2026-01-11 12:35:33 - data.canonicalizer - INFO - Procesados 300/2000 productos...
2026-01-11 12:35:37 - data.canonicalizer - INFO - Procesados 400/2000 productos...
2026-01-11 12:35:42 - data.canonicalizer - INFO - Procesados 500/2000 productos...
2026-01-11 12:35:46 - data.canonicalizer - INFO - Procesados 600/2000 productos...
2026-01-11 12:35:50 - data.canonicalizer - INFO - Procesados 700/2000 productos...
2026-01-11 12:35:54 - data.canonicalizer - INFO - Procesados 800/2000 productos...
2026-01-11 12:35:58 - data.canonicalizer - INFO - Procesados 900/2000 productos...
2026-01-11 12:36:02 - data.canonicalizer - INFO - Procesados 1000/2000 productos...
2026-01-11 12:36:06 - data.canonicalizer - INFO - Procesados 1100/2000 productos...
2026-01-11 12:36:10 - data.canonicalizer - INFO - Procesados 1200/2000 productos...
2026-01-11 12:36:14 - data.canonicalizer - INFO - Procesados 1300/2000 productos...
2026-01-11 12:36:19 - data.canonicalizer - INFO - Procesados 1400/2000 productos...
2026-01-11 12:36:23 - data.canonicalizer - INFO - Procesados 1500/2000 productos...
2026-01-11 12:36:27 - data.canonicalizer - INFO - Procesados 1600/2000 productos...
2026-01-11 12:36:31 - data.canonicalizer - INFO - Procesados 1700/2000 productos...
2026-01-11 12:36:35 - data.canonicalizer - INFO - Procesados 1800/2000 productos...
2026-01-11 12:36:39 - data.canonicalizer - INFO - Procesados 1900/2000 productos...
2026-01-11 12:36:43 - data.canonicalizer - INFO - Canonizados 2000/2000 productos
2026-01-11 12:36:43 - src.unified_system - INFO -    Lote 9/45 (2000 productos)...
2026-01-11 12:36:47 - data.canonicalizer - INFO - Procesados 100/2000 productos...
2026-01-11 12:36:51 - data.canonicalizer - INFO - Procesados 200/2000 productos...
2026-01-11 12:36:55 - data.canonicalizer - INFO - Procesados 300/2000 productos...
2026-01-11 12:36:59 - data.canonicalizer - INFO - Procesados 400/2000 productos...
2026-01-11 12:37:03 - data.canonicalizer - INFO - Procesados 500/2000 productos...
2026-01-11 12:37:07 - data.canonicalizer - INFO - Procesados 600/2000 productos...
2026-01-11 12:37:11 - data.canonicalizer - INFO - Procesados 700/2000 productos...
2026-01-11 12:37:15 - data.canonicalizer - INFO - Procesados 800/2000 productos...
2026-01-11 12:37:19 - data.canonicalizer - INFO - Procesados 900/2000 productos...
2026-01-11 12:37:23 - data.canonicalizer - INFO - Procesados 1000/2000 productos...
2026-01-11 12:37:27 - data.canonicalizer - INFO - Procesados 1100/2000 productos...
2026-01-11 12:37:31 - data.canonicalizer - INFO - Procesados 1200/2000 productos...
2026-01-11 12:37:35 - data.canonicalizer - INFO - Procesados 1300/2000 productos...
2026-01-11 12:37:40 - data.canonicalizer - INFO - Procesados 1400/2000 productos...
2026-01-11 12:37:44 - data.canonicalizer - INFO - Procesados 1500/2000 productos...
2026-01-11 12:37:48 - data.canonicalizer - INFO - Procesados 1600/2000 productos...
2026-01-11 12:37:52 - data.canonicalizer - INFO - Procesados 1700/2000 productos...
2026-01-11 12:37:56 - data.canonicalizer - INFO - Procesados 1800/2000 productos...
2026-01-11 12:38:00 - data.canonicalizer - INFO - Procesados 1900/2000 productos...
2026-01-11 12:38:04 - data.canonicalizer - INFO - Canonizados 2000/2000 productos
2026-01-11 12:38:04 - src.unified_system - INFO -    Lote 10/45 (2000 productos)...
2026-01-11 12:38:08 - data.canonicalizer - INFO - Procesados 100/2000 productos...
2026-01-11 12:38:12 - data.canonicalizer - INFO - Procesados 200/2000 productos...
2026-01-11 12:38:16 - data.canonicalizer - INFO - Procesados 300/2000 productos...
2026-01-11 12:38:20 - data.canonicalizer - INFO - Procesados 400/2000 productos...
2026-01-11 12:38:24 - data.canonicalizer - INFO - Procesados 500/2000 productos...
2026-01-11 12:38:28 - data.canonicalizer - INFO - Procesados 600/2000 productos...
2026-01-11 12:38:32 - data.canonicalizer - INFO - Procesados 700/2000 productos...
2026-01-11 12:38:36 - data.canonicalizer - INFO - Procesados 800/2000 productos...
2026-01-11 12:38:41 - data.canonicalizer - INFO - Procesados 900/2000 productos...
2026-01-11 12:38:45 - data.canonicalizer - INFO - Procesados 1000/2000 productos...
2026-01-11 12:38:49 - data.canonicalizer - INFO - Procesados 1100/2000 productos...
2026-01-11 12:38:53 - data.canonicalizer - INFO - Procesados 1200/2000 productos...
2026-01-11 12:38:57 - data.canonicalizer - INFO - Procesados 1300/2000 productos...
2026-01-11 12:39:01 - data.canonicalizer - INFO - Procesados 1400/2000 productos...
2026-01-11 12:39:05 - data.canonicalizer - INFO - Procesados 1500/2000 productos...
2026-01-11 12:39:09 - data.canonicalizer - INFO - Procesados 1600/2000 productos...
2026-01-11 12:39:14 - data.canonicalizer - INFO - Procesados 1700/2000 productos...
2026-01-11 12:39:19 - data.canonicalizer - INFO - Procesados 1800/2000 productos...
2026-01-11 12:39:23 - data.canonicalizer - INFO - Procesados 1900/2000 productos...
2026-01-11 12:39:27 - data.canonicalizer - INFO - Canonizados 2000/2000 productos
2026-01-11 12:39:27 - src.unified_system - INFO -      Progreso: 20,000/89,994 productos canonizados
2026-01-11 12:39:27 - src.unified_system - INFO -    Lote 11/45 (2000 productos)...
2026-01-11 12:39:31 - data.canonicalizer - INFO - Procesados 100/2000 productos...
2026-01-11 12:39:35 - data.canonicalizer - INFO - Procesados 200/2000 productos...
2026-01-11 12:39:39 - data.canonicalizer - INFO - Procesados 300/2000 productos...
2026-01-11 12:39:43 - data.canonicalizer - INFO - Procesados 400/2000 productos...
2026-01-11 12:39:47 - data.canonicalizer - INFO - Procesados 500/2000 productos...
2026-01-11 12:39:51 - data.canonicalizer - INFO - Procesados 600/2000 productos...
2026-01-11 12:39:55 - data.canonicalizer - INFO - Procesados 700/2000 productos...
2026-01-11 12:40:00 - data.canonicalizer - INFO - Procesados 800/2000 productos...
2026-01-11 12:40:04 - data.canonicalizer - INFO - Procesados 900/2000 productos...
2026-01-11 12:40:08 - data.canonicalizer - INFO - Procesados 1000/2000 productos...
2026-01-11 12:40:12 - data.canonicalizer - INFO - Procesados 1100/2000 productos...
2026-01-11 12:40:16 - data.canonicalizer - INFO - Procesados 1200/2000 productos...
2026-01-11 12:40:20 - data.canonicalizer - INFO - Procesados 1300/2000 productos...
2026-01-11 12:40:25 - data.canonicalizer - INFO - Procesados 1400/2000 productos...
2026-01-11 12:40:29 - data.canonicalizer - INFO - Procesados 1500/2000 productos...
2026-01-11 12:40:33 - data.canonicalizer - INFO - Procesados 1600/2000 productos...
2026-01-11 12:40:37 - data.canonicalizer - INFO - Procesados 1700/2000 productos...
2026-01-11 12:40:41 - data.canonicalizer - INFO - Procesados 1800/2000 productos...
2026-01-11 12:40:45 - data.canonicalizer - INFO - Procesados 1900/2000 productos...
2026-01-11 12:40:50 - data.canonicalizer - INFO - Canonizados 2000/2000 productos
2026-01-11 12:40:50 - src.unified_system - INFO -    Lote 12/45 (2000 productos)...
2026-01-11 12:41:02 - data.canonicalizer - INFO - Procesados 100/2000 productos...
2026-01-11 12:41:21 - data.canonicalizer - INFO - Procesados 200/2000 productos...
2026-01-11 12:41:40 - data.canonicalizer - INFO - Procesados 300/2000 productos...
2026-01-11 12:41:58 - data.canonicalizer - INFO - Procesados 400/2000 productos...
2026-01-11 12:42:16 - data.canonicalizer - INFO - Procesados 500/2000 productos...
2026-01-11 12:42:34 - data.canonicalizer - INFO - Procesados 600/2000 productos...
2026-01-11 12:42:51 - data.canonicalizer - INFO - Procesados 700/2000 productos...
2026-01-11 12:43:09 - data.canonicalizer - INFO - Procesados 800/2000 productos...
2026-01-11 12:43:27 - data.canonicalizer - INFO - Procesados 900/2000 productos...
2026-01-11 12:43:46 - data.canonicalizer - INFO - Procesados 1000/2000 productos...
2026-01-11 12:44:04 - data.canonicalizer - INFO - Procesados 1100/2000 productos...
2026-01-11 12:44:24 - data.canonicalizer - INFO - Procesados 1200/2000 productos...
2026-01-11 12:44:43 - data.canonicalizer - INFO - Procesados 1300/2000 productos...
2026-01-11 12:45:01 - data.canonicalizer - INFO - Procesados 1400/2000 productos...
2026-01-11 12:45:21 - data.canonicalizer - INFO - Procesados 1500/2000 productos...
2026-01-11 12:45:30 - data.canonicalizer - INFO - Procesados 1600/2000 productos...
2026-01-11 12:45:37 - data.canonicalizer - INFO - Procesados 1700/2000 productos...
2026-01-11 12:45:43 - data.canonicalizer - INFO - Procesados 1800/2000 productos...
2026-01-11 12:45:47 - data.canonicalizer - INFO - Procesados 1900/2000 productos...
2026-01-11 12:45:51 - data.canonicalizer - INFO - Canonizados 1999/2000 productos
2026-01-11 12:45:51 - data.canonicalizer - INFO - 1 productos no pudieron ser procesados
2026-01-11 12:45:51 - src.unified_system - INFO -    Lote 13/45 (2000 productos)...
2026-01-11 12:45:55 - data.canonicalizer - INFO - Procesados 100/2000 productos...
2026-01-11 12:45:59 - data.canonicalizer - INFO - Procesados 200/2000 productos...
2026-01-11 12:46:04 - data.canonicalizer - INFO - Procesados 300/2000 productos...
2026-01-11 12:46:08 - data.canonicalizer - INFO - Procesados 400/2000 productos...
2026-01-11 12:46:11 - data.canonicalizer - INFO - Procesados 500/2000 productos...
2026-01-11 12:46:15 - data.canonicalizer - INFO - Procesados 600/2000 productos...
2026-01-11 12:46:19 - data.canonicalizer - INFO - Procesados 700/2000 productos...
2026-01-11 12:46:26 - data.canonicalizer - INFO - Procesados 800/2000 productos...
2026-01-11 12:46:34 - data.canonicalizer - INFO - Procesados 900/2000 productos...
2026-01-11 12:46:39 - data.canonicalizer - INFO - Procesados 1000/2000 productos...
2026-01-11 12:46:43 - data.canonicalizer - INFO - Procesados 1100/2000 productos...
2026-01-11 12:46:48 - data.canonicalizer - INFO - Procesados 1200/2000 productos...
2026-01-11 12:46:52 - data.canonicalizer - INFO - Procesados 1300/2000 productos...
2026-01-11 12:46:57 - data.canonicalizer - INFO - Procesados 1400/2000 productos...
2026-01-11 12:47:01 - data.canonicalizer - INFO - Procesados 1500/2000 productos...
2026-01-11 12:47:15 - data.canonicalizer - INFO - Procesados 1600/2000 productos...
2026-01-11 12:47:29 - data.canonicalizer - INFO - Procesados 1700/2000 productos...
2026-01-11 12:47:36 - data.canonicalizer - INFO - Procesados 1800/2000 productos...
2026-01-11 12:47:57 - data.canonicalizer - INFO - Procesados 1900/2000 productos...
2026-01-11 12:48:08 - data.canonicalizer - INFO - Canonizados 2000/2000 productos
2026-01-11 12:48:08 - src.unified_system - INFO -    Lote 14/45 (2000 productos)...
