2026-01-12 08:51:18 - experimento_completo_4_metodos - INFO -  Log iniciado: logs\experimento_20260112_085118.log
2026-01-12 08:51:18 - faiss.loader - INFO - Loading faiss with AVX2 support.
2026-01-12 08:51:18 - faiss.loader - INFO - Successfully loaded faiss with AVX2 support.
2026-01-12 08:51:23 - experimento_completo_4_metodos - INFO -  Cargando ground truth...
2026-01-12 08:51:23 - experimento_completo_4_metodos - INFO -  Ground truth cargado: 20 queries
2026-01-12 08:51:23 - experimento_completo_4_metodos - INFO -    • Productos relevantes totales: 33
2026-01-12 08:51:23 - experimento_completo_4_metodos - INFO -   Creando split train/test estratificado...
2026-01-12 08:51:23 - experimento_completo_4_metodos - INFO -  Split creado: 14 train, 6 test
2026-01-12 08:51:23 - experimento_completo_4_metodos - INFO -  Cargando sistema V2...
2026-01-12 08:51:23 - experimento_completo_4_metodos - INFO -  Cargando sistema V2 desde cache...
2026-01-12 08:51:26 - src.unified_system_v2 - INFO - Sistema V2 cargado: 89,990 productos
2026-01-12 08:51:26 - experimento_completo_4_metodos - INFO -  Sistema cargado: 89,990 productos
2026-01-12 08:51:26 - experimento_completo_4_metodos - INFO -    • RLHF:  Disponible
2026-01-12 08:51:26 - experimento_completo_4_metodos - INFO -    • NER:  Disponible
2026-01-12 08:51:26 - experimento_completo_4_metodos - INFO -  Entrenando RLHF con 14 queries de entrenamiento...
2026-01-12 08:51:26 - src.unified_system_v2 - INFO - Entrenando RLHF con 14 queries...
2026-01-12 08:51:26 - src.unified_system_v2 - INFO - Interacciones filtradas: 23
2026-01-12 08:51:26 - ranking.rl_ranker_fixed - INFO -  RLHF Dinámico inicializado (lr=0.5)
2026-01-12 08:51:26 - ranking.rl_ranker_fixed - INFO -  Human Feedback #1: 'survival games...' pos 5
2026-01-12 08:51:26 - ranking.rl_ranker_fixed - INFO -  Human Feedback #2: 'survival games...' pos 2
2026-01-12 08:51:26 - ranking.rl_ranker_fixed - INFO -  Human Feedback #3: 'survival games...' pos 10
2026-01-12 08:51:26 - ranking.rl_ranker_fixed - INFO -  Human Feedback #4: 'car parts...' pos 2
2026-01-12 08:51:26 - ranking.rl_ranker_fixed - INFO -  Human Feedback #5: 'car parts...' pos 5
2026-01-12 08:51:26 - ranking.rl_ranker_fixed - INFO -  Human Feedback #6: 'car parts...' pos 7
2026-01-12 08:51:26 - ranking.rl_ranker_fixed - INFO -  Human Feedback #7: 'electronics...' pos 1
2026-01-12 08:51:26 - ranking.rl_ranker_fixed - INFO -  Human Feedback #8: 'electronics parts...' pos 2
2026-01-12 08:51:26 - ranking.rl_ranker_fixed - INFO -  Human Feedback #9: 'sports equipment...' pos 1
2026-01-12 08:51:26 - ranking.rl_ranker_fixed - INFO -  Human Feedback #10: 'sports equipment...' pos 3
2026-01-12 08:51:26 - src.unified_system_v2 - INFO - Entrenados: 10/23
2026-01-12 08:51:26 - ranking.rl_ranker_fixed - INFO -  Human Feedback #11: 'kitchen utensils...' pos 1
2026-01-12 08:51:26 - ranking.rl_ranker_fixed - INFO -  Human Feedback #12: 'kitchen utensils...' pos 2
2026-01-12 08:51:26 - ranking.rl_ranker_fixed - INFO -  Human Feedback #13: 'kid toys...' pos 1
2026-01-12 08:51:26 - ranking.rl_ranker_fixed - INFO -  Human Feedback #14: 'kid toys...' pos 2
2026-01-12 08:51:26 - ranking.rl_ranker_fixed - INFO -  Human Feedback #15: 'headphones...' pos 2
2026-01-12 08:51:26 - ranking.rl_ranker_fixed - INFO -  Human Feedback #16: 'headphones...' pos 3
2026-01-12 08:51:26 - ranking.rl_ranker_fixed - INFO -  Human Feedback #17: 'sport videogames...' pos 2
2026-01-12 08:51:26 - ranking.rl_ranker_fixed - INFO -  Human Feedback #18: 'sport videogames...' pos 3
2026-01-12 08:51:26 - ranking.rl_ranker_fixed - INFO -  Human Feedback #19: '"pc gaming"...' pos 9
2026-01-12 08:51:26 - ranking.rl_ranker_fixed - INFO -  Human Feedback #20: 'mario games...' pos 1
2026-01-12 08:51:26 - src.unified_system_v2 - INFO - Entrenados: 20/23
2026-01-12 08:51:26 - ranking.rl_ranker_fixed - INFO -  Human Feedback #21: 'zelda videogames...' pos 1
2026-01-12 08:51:26 - ranking.rl_ranker_fixed - INFO -  Human Feedback #22: 'mortal komt videogam...' pos 1
2026-01-12 08:51:26 - ranking.rl_ranker_fixed - INFO -  Human Feedback #23: 'mortal kombat skin...' pos 6
2026-01-12 08:51:26 - src.unified_system_v2 - INFO - RLHF entrenado: 23 exitosas, 0 fallidas
2026-01-12 08:51:26 - src.unified_system_v2 - INFO - Features aprendidas: 31
2026-01-12 08:51:26 - src.unified_system_v2 - INFO - Feedback procesado: 23
2026-01-12 08:51:31 - src.unified_system_v2 - INFO - Sistema V2 guardado: data\cache\unified_system_v2.pkl
2026-01-12 08:51:31 - src.unified_system_v2 - INFO - Sistema guardado: data\cache\unified_system_v2.pkl
2026-01-12 08:51:31 - experimento_completo_4_metodos - INFO -  RLHF entrenado exitosamente
2026-01-12 08:51:31 - experimento_completo_4_metodos - INFO -    • Feedback procesado: 23
2026-01-12 08:51:31 - experimento_completo_4_metodos - INFO -    • Features aprendidas: 31
2026-01-12 08:51:31 - ranking.ner_enhanced_ranker - INFO -    🎯 Query: 'xbox console' → Intent: ['category', 'platform']
2026-01-12 08:51:31 - ranking.ner_enhanced_ranker - INFO -     NER bonus aplicado a 18/20 productos
2026-01-12 08:51:31 - ranking.rl_ranker_fixed - INFO -     Aplicando Human Preferences (31 features)
2026-01-12 08:51:31 - ranking.ner_enhanced_ranker - INFO -    🎯 Query: 'xbox console' → Intent: ['category', 'platform']
2026-01-12 08:51:31 - ranking.ner_enhanced_ranker - INFO -     NER bonus aplicado a 18/20 productos
2026-01-12 08:51:31 - ranking.rl_ranker_fixed - INFO -     Aplicando Human Preferences (31 features)
2026-01-12 08:51:32 - ranking.ner_enhanced_ranker - INFO -    🎯 Query: 'xbox console' → Intent: ['category', 'platform']
2026-01-12 08:51:32 - ranking.ner_enhanced_ranker - INFO -     NER bonus aplicado a 18/20 productos
2026-01-12 08:51:32 - ranking.rl_ranker_fixed - INFO -     Aplicando Human Preferences (31 features)
2026-01-12 08:51:32 - ranking.ner_enhanced_ranker - INFO -    🎯 Query: 'xbox console' → Intent: ['category', 'platform']
2026-01-12 08:51:32 - ranking.ner_enhanced_ranker - INFO -     NER bonus aplicado a 18/20 productos
2026-01-12 08:51:32 - ranking.rl_ranker_fixed - INFO -     Aplicando Human Preferences (31 features)
2026-01-12 08:51:33 - ranking.ner_enhanced_ranker - INFO -    🎯 Query: 'xbox console' → Intent: ['category', 'platform']
2026-01-12 08:51:33 - ranking.ner_enhanced_ranker - INFO -     NER bonus aplicado a 18/20 productos
2026-01-12 08:51:33 - ranking.rl_ranker_fixed - INFO -     Aplicando Human Preferences (31 features)
2026-01-12 08:51:33 - ranking.ner_enhanced_ranker - INFO -    🎯 Query: 'xbox console' → Intent: ['category', 'platform']
2026-01-12 08:51:33 - ranking.ner_enhanced_ranker - INFO -     NER bonus aplicado a 18/20 productos
2026-01-12 08:51:33 - ranking.rl_ranker_fixed - INFO -     Aplicando Human Preferences (31 features)
2026-01-12 08:51:33 - ranking.ner_enhanced_ranker - INFO -    🎯 Query: 'xbox console' → Intent: ['category', 'platform']
2026-01-12 08:51:33 - ranking.ner_enhanced_ranker - INFO -     NER bonus aplicado a 18/20 productos
2026-01-12 08:51:33 - ranking.rl_ranker_fixed - INFO -     Aplicando Human Preferences (31 features)
2026-01-12 08:51:33 - ranking.ner_enhanced_ranker - INFO -    🎯 Query: 'xbox console' → Intent: ['category', 'platform']
2026-01-12 08:51:33 - ranking.ner_enhanced_ranker - INFO -     NER bonus aplicado a 18/20 productos
2026-01-12 08:51:33 - ranking.rl_ranker_fixed - INFO -     Aplicando Human Preferences (31 features)
2026-01-12 08:51:34 - ranking.ner_enhanced_ranker - INFO -    🎯 Query: 'action video games' → Intent: ['category', 'genre']
2026-01-12 08:51:34 - ranking.ner_enhanced_ranker - INFO -     NER bonus aplicado a 7/20 productos
2026-01-12 08:51:34 - ranking.rl_ranker_fixed - INFO -     Aplicando Human Preferences (31 features)
2026-01-12 08:51:34 - ranking.ner_enhanced_ranker - INFO -    🎯 Query: 'action video games' → Intent: ['category', 'genre']
2026-01-12 08:51:34 - ranking.ner_enhanced_ranker - INFO -     NER bonus aplicado a 7/20 productos
2026-01-12 08:51:34 - ranking.rl_ranker_fixed - INFO -     Aplicando Human Preferences (31 features)
2026-01-12 08:51:34 - ranking.ner_enhanced_ranker - INFO -    🎯 Query: 'action video games' → Intent: ['category', 'genre']
2026-01-12 08:51:34 - ranking.ner_enhanced_ranker - INFO -     NER bonus aplicado a 7/20 productos
2026-01-12 08:51:34 - ranking.rl_ranker_fixed - INFO -     Aplicando Human Preferences (31 features)
2026-01-12 08:51:34 - ranking.ner_enhanced_ranker - INFO -    🎯 Query: 'action video games' → Intent: ['category', 'genre']
2026-01-12 08:51:34 - ranking.ner_enhanced_ranker - INFO -     NER bonus aplicado a 7/20 productos
2026-01-12 08:51:34 - ranking.rl_ranker_fixed - INFO -     Aplicando Human Preferences (31 features)
2026-01-12 08:51:35 - ranking.ner_enhanced_ranker - INFO -    🎯 Query: 'action video games' → Intent: ['category', 'genre']
2026-01-12 08:51:35 - ranking.ner_enhanced_ranker - INFO -     NER bonus aplicado a 7/20 productos
2026-01-12 08:51:35 - ranking.rl_ranker_fixed - INFO -     Aplicando Human Preferences (31 features)
2026-01-12 08:51:35 - ranking.ner_enhanced_ranker - INFO -    🎯 Query: 'action video games' → Intent: ['category', 'genre']
2026-01-12 08:51:35 - ranking.ner_enhanced_ranker - INFO -     NER bonus aplicado a 7/20 productos
2026-01-12 08:51:35 - ranking.rl_ranker_fixed - INFO -     Aplicando Human Preferences (31 features)
2026-01-12 08:51:35 - ranking.ner_enhanced_ranker - INFO -    🎯 Query: 'action video games' → Intent: ['category', 'genre']
2026-01-12 08:51:35 - ranking.ner_enhanced_ranker - INFO -     NER bonus aplicado a 7/20 productos
2026-01-12 08:51:35 - ranking.rl_ranker_fixed - INFO -     Aplicando Human Preferences (31 features)
2026-01-12 08:51:35 - ranking.ner_enhanced_ranker - INFO -    🎯 Query: 'action video games' → Intent: ['category', 'genre']
2026-01-12 08:51:35 - ranking.ner_enhanced_ranker - INFO -     NER bonus aplicado a 7/20 productos
2026-01-12 08:51:35 - ranking.rl_ranker_fixed - INFO -     Aplicando Human Preferences (31 features)
2026-01-12 08:51:36 - ranking.ner_enhanced_ranker - INFO -     NER bonus aplicado a 4/20 productos
2026-01-12 08:51:36 - ranking.rl_ranker_fixed - INFO -     Aplicando Human Preferences (31 features)
2026-01-12 08:51:36 - ranking.ner_enhanced_ranker - INFO -     NER bonus aplicado a 4/20 productos
2026-01-12 08:51:36 - ranking.rl_ranker_fixed - INFO -     Aplicando Human Preferences (31 features)
2026-01-12 08:51:36 - ranking.ner_enhanced_ranker - INFO -     NER bonus aplicado a 4/20 productos
2026-01-12 08:51:36 - ranking.rl_ranker_fixed - INFO -     Aplicando Human Preferences (31 features)
2026-01-12 08:51:36 - ranking.ner_enhanced_ranker - INFO -     NER bonus aplicado a 4/20 productos
2026-01-12 08:51:36 - ranking.rl_ranker_fixed - INFO -     Aplicando Human Preferences (31 features)
2026-01-12 08:51:37 - ranking.ner_enhanced_ranker - INFO -     NER bonus aplicado a 4/20 productos
2026-01-12 08:51:37 - ranking.rl_ranker_fixed - INFO -     Aplicando Human Preferences (31 features)
2026-01-12 08:51:37 - ranking.ner_enhanced_ranker - INFO -     NER bonus aplicado a 4/20 productos
2026-01-12 08:51:37 - ranking.rl_ranker_fixed - INFO -     Aplicando Human Preferences (31 features)
2026-01-12 08:51:37 - ranking.ner_enhanced_ranker - INFO -     NER bonus aplicado a 4/20 productos
2026-01-12 08:51:38 - ranking.rl_ranker_fixed - INFO -     Aplicando Human Preferences (31 features)
2026-01-12 08:51:38 - ranking.ner_enhanced_ranker - INFO -     NER bonus aplicado a 4/20 productos
2026-01-12 08:51:38 - ranking.rl_ranker_fixed - INFO -     Aplicando Human Preferences (31 features)
2026-01-12 08:51:38 - ranking.ner_enhanced_ranker - INFO -    🎯 Query: 'playstation games' → Intent: ['category', 'platform']
2026-01-12 08:51:38 - ranking.ner_enhanced_ranker - INFO -     NER bonus aplicado a 11/20 productos
2026-01-12 08:51:39 - ranking.rl_ranker_fixed - INFO -     Aplicando Human Preferences (31 features)
2026-01-12 08:51:39 - ranking.ner_enhanced_ranker - INFO -    🎯 Query: 'playstation games' → Intent: ['category', 'platform']
2026-01-12 08:51:39 - ranking.ner_enhanced_ranker - INFO -     NER bonus aplicado a 11/20 productos
2026-01-12 08:51:39 - ranking.rl_ranker_fixed - INFO -     Aplicando Human Preferences (31 features)
2026-01-12 08:51:39 - ranking.ner_enhanced_ranker - INFO -    🎯 Query: 'playstation games' → Intent: ['category', 'platform']
2026-01-12 08:51:39 - ranking.ner_enhanced_ranker - INFO -     NER bonus aplicado a 11/20 productos
2026-01-12 08:51:39 - ranking.rl_ranker_fixed - INFO -     Aplicando Human Preferences (31 features)
2026-01-12 08:51:39 - ranking.ner_enhanced_ranker - INFO -    🎯 Query: 'playstation games' → Intent: ['category', 'platform']
2026-01-12 08:51:39 - ranking.ner_enhanced_ranker - INFO -     NER bonus aplicado a 11/20 productos
2026-01-12 08:51:39 - ranking.rl_ranker_fixed - INFO -     Aplicando Human Preferences (31 features)
2026-01-12 08:51:39 - ranking.ner_enhanced_ranker - INFO -    🎯 Query: 'playstation games' → Intent: ['category', 'platform']
2026-01-12 08:51:39 - ranking.ner_enhanced_ranker - INFO -     NER bonus aplicado a 11/20 productos
2026-01-12 08:51:40 - ranking.rl_ranker_fixed - INFO -     Aplicando Human Preferences (31 features)
2026-01-12 08:51:40 - ranking.ner_enhanced_ranker - INFO -    🎯 Query: 'playstation games' → Intent: ['category', 'platform']
2026-01-12 08:51:40 - ranking.ner_enhanced_ranker - INFO -     NER bonus aplicado a 11/20 productos
2026-01-12 08:51:40 - ranking.rl_ranker_fixed - INFO -     Aplicando Human Preferences (31 features)
2026-01-12 08:51:40 - ranking.ner_enhanced_ranker - INFO -    🎯 Query: 'playstation games' → Intent: ['category', 'platform']
2026-01-12 08:51:40 - ranking.ner_enhanced_ranker - INFO -     NER bonus aplicado a 11/20 productos
2026-01-12 08:51:40 - ranking.rl_ranker_fixed - INFO -     Aplicando Human Preferences (31 features)
2026-01-12 08:51:40 - ranking.ner_enhanced_ranker - INFO -    🎯 Query: 'playstation games' → Intent: ['category', 'platform']
2026-01-12 08:51:40 - ranking.ner_enhanced_ranker - INFO -     NER bonus aplicado a 11/20 productos
2026-01-12 08:51:40 - ranking.rl_ranker_fixed - INFO -     Aplicando Human Preferences (31 features)
2026-01-12 08:51:40 - ranking.ner_enhanced_ranker - INFO -    🎯 Query: 'beauty products' → Intent: ['category']
2026-01-12 08:51:40 - ranking.ner_enhanced_ranker - INFO -     NER bonus aplicado a 6/20 productos
2026-01-12 08:51:41 - ranking.rl_ranker_fixed - INFO -     Aplicando Human Preferences (31 features)
2026-01-12 08:51:41 - ranking.ner_enhanced_ranker - INFO -    🎯 Query: 'beauty products' → Intent: ['category']
2026-01-12 08:51:41 - ranking.ner_enhanced_ranker - INFO -     NER bonus aplicado a 6/20 productos
2026-01-12 08:51:41 - ranking.rl_ranker_fixed - INFO -     Aplicando Human Preferences (31 features)
2026-01-12 08:51:41 - ranking.ner_enhanced_ranker - INFO -    🎯 Query: 'beauty products' → Intent: ['category']
2026-01-12 08:51:41 - ranking.ner_enhanced_ranker - INFO -     NER bonus aplicado a 6/20 productos
2026-01-12 08:51:41 - ranking.rl_ranker_fixed - INFO -     Aplicando Human Preferences (31 features)
2026-01-12 08:51:41 - ranking.ner_enhanced_ranker - INFO -    🎯 Query: 'beauty products' → Intent: ['category']
2026-01-12 08:51:41 - ranking.ner_enhanced_ranker - INFO -     NER bonus aplicado a 6/20 productos
2026-01-12 08:51:41 - ranking.rl_ranker_fixed - INFO -     Aplicando Human Preferences (31 features)
2026-01-12 08:51:41 - ranking.ner_enhanced_ranker - INFO -    🎯 Query: 'beauty products' → Intent: ['category']
2026-01-12 08:51:41 - ranking.ner_enhanced_ranker - INFO -     NER bonus aplicado a 6/20 productos
2026-01-12 08:51:42 - ranking.rl_ranker_fixed - INFO -     Aplicando Human Preferences (31 features)
2026-01-12 08:51:42 - ranking.ner_enhanced_ranker - INFO -    🎯 Query: 'beauty products' → Intent: ['category']
2026-01-12 08:51:42 - ranking.ner_enhanced_ranker - INFO -     NER bonus aplicado a 6/20 productos
2026-01-12 08:51:42 - ranking.rl_ranker_fixed - INFO -     Aplicando Human Preferences (31 features)
2026-01-12 08:51:42 - ranking.ner_enhanced_ranker - INFO -    🎯 Query: 'beauty products' → Intent: ['category']
2026-01-12 08:51:42 - ranking.ner_enhanced_ranker - INFO -     NER bonus aplicado a 6/20 productos
2026-01-12 08:51:42 - ranking.rl_ranker_fixed - INFO -     Aplicando Human Preferences (31 features)
2026-01-12 08:51:42 - ranking.ner_enhanced_ranker - INFO -    🎯 Query: 'beauty products' → Intent: ['category']
2026-01-12 08:51:42 - ranking.ner_enhanced_ranker - INFO -     NER bonus aplicado a 6/20 productos
2026-01-12 08:51:42 - ranking.rl_ranker_fixed - INFO -     Aplicando Human Preferences (31 features)
2026-01-12 08:51:43 - ranking.ner_enhanced_ranker - INFO -    🎯 Query: 'nintendo switch' → Intent: ['category', 'platform']
2026-01-12 08:51:43 - ranking.ner_enhanced_ranker - INFO -     NER bonus aplicado a 19/20 productos
2026-01-12 08:51:43 - ranking.rl_ranker_fixed - INFO -     Aplicando Human Preferences (31 features)
2026-01-12 08:51:43 - ranking.ner_enhanced_ranker - INFO -    🎯 Query: 'nintendo switch' → Intent: ['category', 'platform']
2026-01-12 08:51:43 - ranking.ner_enhanced_ranker - INFO -     NER bonus aplicado a 19/20 productos
2026-01-12 08:51:43 - ranking.rl_ranker_fixed - INFO -     Aplicando Human Preferences (31 features)
2026-01-12 08:51:43 - ranking.ner_enhanced_ranker - INFO -    🎯 Query: 'nintendo switch' → Intent: ['category', 'platform']
2026-01-12 08:51:43 - ranking.ner_enhanced_ranker - INFO -     NER bonus aplicado a 19/20 productos
2026-01-12 08:51:44 - ranking.rl_ranker_fixed - INFO -     Aplicando Human Preferences (31 features)
2026-01-12 08:51:44 - ranking.ner_enhanced_ranker - INFO -    🎯 Query: 'nintendo switch' → Intent: ['category', 'platform']
2026-01-12 08:51:44 - ranking.ner_enhanced_ranker - INFO -     NER bonus aplicado a 19/20 productos
2026-01-12 08:51:44 - ranking.rl_ranker_fixed - INFO -     Aplicando Human Preferences (31 features)
2026-01-12 08:51:44 - ranking.ner_enhanced_ranker - INFO -    🎯 Query: 'nintendo switch' → Intent: ['category', 'platform']
2026-01-12 08:51:44 - ranking.ner_enhanced_ranker - INFO -     NER bonus aplicado a 19/20 productos
2026-01-12 08:51:44 - ranking.rl_ranker_fixed - INFO -     Aplicando Human Preferences (31 features)
2026-01-12 08:51:44 - ranking.ner_enhanced_ranker - INFO -    🎯 Query: 'nintendo switch' → Intent: ['category', 'platform']
2026-01-12 08:51:44 - ranking.ner_enhanced_ranker - INFO -     NER bonus aplicado a 19/20 productos
2026-01-12 08:51:44 - ranking.rl_ranker_fixed - INFO -     Aplicando Human Preferences (31 features)
2026-01-12 08:51:45 - ranking.ner_enhanced_ranker - INFO -    🎯 Query: 'nintendo switch' → Intent: ['category', 'platform']
2026-01-12 08:51:45 - ranking.ner_enhanced_ranker - INFO -     NER bonus aplicado a 19/20 productos
2026-01-12 08:51:45 - ranking.rl_ranker_fixed - INFO -     Aplicando Human Preferences (31 features)
2026-01-12 08:51:45 - ranking.ner_enhanced_ranker - INFO -    🎯 Query: 'nintendo switch' → Intent: ['category', 'platform']
2026-01-12 08:51:45 - ranking.ner_enhanced_ranker - INFO -     NER bonus aplicado a 19/20 productos
2026-01-12 08:51:45 - ranking.rl_ranker_fixed - INFO -     Aplicando Human Preferences (31 features)
2026-01-12 08:51:45 - experimento_completo_4_metodos - INFO -  Guardando resultados...
2026-01-12 08:51:45 - experimento_completo_4_metodos - INFO -  Resultados JSON: results\experimento_4_metodos_20260112_085145.json
2026-01-12 08:51:45 - experimento_completo_4_metodos - INFO -  Resultados CSV: results\experimento_4_metodos_20260112_085145.csv
2026-01-12 08:51:45 - experimento_completo_4_metodos - INFO -  Resumen: results\resumen_20260112_085145.txt
2026-01-12 08:51:45 - experimento_completo_4_metodos - INFO - 🎉 Experimento completado exitosamente
