2026-01-12 20:45:40 - experimento_completo_4_metodos - INFO -  Log iniciado: logs\experimento_20260112_204540.log
2026-01-12 20:45:40 - faiss.loader - INFO - Loading faiss with AVX2 support.
2026-01-12 20:45:40 - faiss.loader - INFO - Successfully loaded faiss with AVX2 support.
2026-01-12 20:45:52 - experimento_completo_4_metodos - INFO -  Cargando ground truth...
2026-01-12 20:45:52 - experimento_completo_4_metodos - INFO -  Ground truth cargado: 18 queries
2026-01-12 20:45:52 - experimento_completo_4_metodos - INFO -    • Productos relevantes totales: 31
2026-01-12 20:45:52 - experimento_completo_4_metodos - INFO -   Creando split train/test estratificado...
2026-01-12 20:45:52 - experimento_completo_4_metodos - INFO -  Split creado: 13 train, 5 test
2026-01-12 20:45:52 - experimento_completo_4_metodos - INFO -  Cargando sistema V2...
2026-01-12 20:45:52 - experimento_completo_4_metodos - INFO -  Cargando sistema V2 desde cache...
2026-01-12 20:46:01 - src.unified_system_v2 - INFO - Sistema V2 cargado: 89,990 productos
2026-01-12 20:46:01 - experimento_completo_4_metodos - INFO -  Sistema cargado: 89,990 productos
2026-01-12 20:46:01 - experimento_completo_4_metodos - INFO -    • RLHF:  Disponible
2026-01-12 20:46:01 - experimento_completo_4_metodos - INFO -    • NER:  Disponible
2026-01-12 20:46:01 - experimento_completo_4_metodos - INFO -  Entrenando RLHF con 13 queries de entrenamiento...
2026-01-12 20:46:01 - src.unified_system_v2 - INFO - Entrenando RLHF con 13 queries...
2026-01-12 20:46:01 - src.unified_system_v2 - INFO - Interacciones filtradas: 22
2026-01-12 20:46:01 - ranking.rl_ranker_fixed - INFO -  RLHF Dinámico inicializado (lr=0.5)
2026-01-12 20:46:01 - ranking.rl_ranker_fixed - INFO -  Human Feedback #1: 'survival games...' pos 5
2026-01-12 20:46:01 - ranking.rl_ranker_fixed - INFO -  Human Feedback #2: 'electronics...' pos 1
2026-01-12 20:46:02 - src.unified_system_v2 - INFO - RLHF entrenado: 2 exitosas, 20 fallidas
2026-01-12 20:46:02 - src.unified_system_v2 - INFO - Features aprendidas: 9
2026-01-12 20:46:02 - src.unified_system_v2 - INFO - Feedback procesado: 2
2026-01-12 20:46:12 - src.unified_system_v2 - INFO - Sistema V2 guardado: data\cache\unified_system_v2.pkl
2026-01-12 20:46:12 - src.unified_system_v2 - INFO - Sistema guardado: data\cache\unified_system_v2.pkl
2026-01-12 20:46:12 - experimento_completo_4_metodos - INFO -  RLHF entrenado exitosamente
2026-01-12 20:46:12 - experimento_completo_4_metodos - INFO -    • Feedback procesado: 2
2026-01-12 20:46:12 - experimento_completo_4_metodos - INFO -    • Features aprendidas: 9
2026-01-12 20:46:12 - ranking.ner_enhanced_ranker - INFO -    🎯 Query: 'pc gaming' → Intent: ['category', 'platform']
2026-01-12 20:46:12 - ranking.ner_enhanced_ranker - INFO -     NER bonus aplicado a 10/20 productos
2026-01-12 20:46:12 - src.unified_system_v2 - WARNING - RLHF ranker no disponible o no entrenado, usando baseline
2026-01-12 20:46:13 - src.unified_system_v2 - WARNING - Full Hybrid requiere NER y RLHF, usando NER solo
2026-01-12 20:46:13 - ranking.ner_enhanced_ranker - INFO -    🎯 Query: 'pc gaming' → Intent: ['category', 'platform']
2026-01-12 20:46:13 - ranking.ner_enhanced_ranker - INFO -     NER bonus aplicado a 10/20 productos
2026-01-12 20:46:13 - ranking.ner_enhanced_ranker - INFO -    🎯 Query: 'pc gaming' → Intent: ['category', 'platform']
2026-01-12 20:46:13 - ranking.ner_enhanced_ranker - INFO -     NER bonus aplicado a 10/20 productos
2026-01-12 20:46:13 - src.unified_system_v2 - WARNING - RLHF ranker no disponible o no entrenado, usando baseline
2026-01-12 20:46:13 - src.unified_system_v2 - WARNING - Full Hybrid requiere NER y RLHF, usando NER solo
2026-01-12 20:46:13 - ranking.ner_enhanced_ranker - INFO -    🎯 Query: 'pc gaming' → Intent: ['category', 'platform']
2026-01-12 20:46:13 - ranking.ner_enhanced_ranker - INFO -     NER bonus aplicado a 10/20 productos
2026-01-12 20:46:13 - ranking.ner_enhanced_ranker - INFO -    🎯 Query: 'pc gaming' → Intent: ['category', 'platform']
2026-01-12 20:46:13 - ranking.ner_enhanced_ranker - INFO -     NER bonus aplicado a 10/20 productos
2026-01-12 20:46:13 - src.unified_system_v2 - WARNING - RLHF ranker no disponible o no entrenado, usando baseline
2026-01-12 20:46:13 - src.unified_system_v2 - WARNING - Full Hybrid requiere NER y RLHF, usando NER solo
2026-01-12 20:46:14 - ranking.ner_enhanced_ranker - INFO -    🎯 Query: 'pc gaming' → Intent: ['category', 'platform']
2026-01-12 20:46:14 - ranking.ner_enhanced_ranker - INFO -     NER bonus aplicado a 10/20 productos
2026-01-12 20:46:14 - ranking.ner_enhanced_ranker - INFO -    🎯 Query: 'pc gaming' → Intent: ['category', 'platform']
2026-01-12 20:46:14 - ranking.ner_enhanced_ranker - INFO -     NER bonus aplicado a 10/20 productos
2026-01-12 20:46:14 - src.unified_system_v2 - WARNING - RLHF ranker no disponible o no entrenado, usando baseline
2026-01-12 20:46:14 - src.unified_system_v2 - WARNING - Full Hybrid requiere NER y RLHF, usando NER solo
2026-01-12 20:46:14 - ranking.ner_enhanced_ranker - INFO -    🎯 Query: 'pc gaming' → Intent: ['category', 'platform']
2026-01-12 20:46:14 - ranking.ner_enhanced_ranker - INFO -     NER bonus aplicado a 10/20 productos
2026-01-12 20:46:14 - ranking.ner_enhanced_ranker - INFO -    🎯 Query: 'xbox console' → Intent: ['category', 'platform']
2026-01-12 20:46:14 - ranking.ner_enhanced_ranker - INFO -     NER bonus aplicado a 18/20 productos
2026-01-12 20:46:14 - src.unified_system_v2 - WARNING - RLHF ranker no disponible o no entrenado, usando baseline
2026-01-12 20:46:14 - src.unified_system_v2 - WARNING - Full Hybrid requiere NER y RLHF, usando NER solo
2026-01-12 20:46:15 - ranking.ner_enhanced_ranker - INFO -    🎯 Query: 'xbox console' → Intent: ['category', 'platform']
2026-01-12 20:46:15 - ranking.ner_enhanced_ranker - INFO -     NER bonus aplicado a 18/20 productos
2026-01-12 20:46:15 - ranking.ner_enhanced_ranker - INFO -    🎯 Query: 'xbox console' → Intent: ['category', 'platform']
2026-01-12 20:46:15 - ranking.ner_enhanced_ranker - INFO -     NER bonus aplicado a 18/20 productos
2026-01-12 20:46:15 - src.unified_system_v2 - WARNING - RLHF ranker no disponible o no entrenado, usando baseline
2026-01-12 20:46:15 - src.unified_system_v2 - WARNING - Full Hybrid requiere NER y RLHF, usando NER solo
2026-01-12 20:46:15 - ranking.ner_enhanced_ranker - INFO -    🎯 Query: 'xbox console' → Intent: ['category', 'platform']
2026-01-12 20:46:15 - ranking.ner_enhanced_ranker - INFO -     NER bonus aplicado a 18/20 productos
2026-01-12 20:46:15 - ranking.ner_enhanced_ranker - INFO -    🎯 Query: 'xbox console' → Intent: ['category', 'platform']
2026-01-12 20:46:15 - ranking.ner_enhanced_ranker - INFO -     NER bonus aplicado a 18/20 productos
2026-01-12 20:46:15 - src.unified_system_v2 - WARNING - RLHF ranker no disponible o no entrenado, usando baseline
2026-01-12 20:46:15 - src.unified_system_v2 - WARNING - Full Hybrid requiere NER y RLHF, usando NER solo
2026-01-12 20:46:15 - ranking.ner_enhanced_ranker - INFO -    🎯 Query: 'xbox console' → Intent: ['category', 'platform']
2026-01-12 20:46:15 - ranking.ner_enhanced_ranker - INFO -     NER bonus aplicado a 18/20 productos
2026-01-12 20:46:16 - ranking.ner_enhanced_ranker - INFO -    🎯 Query: 'xbox console' → Intent: ['category', 'platform']
2026-01-12 20:46:16 - ranking.ner_enhanced_ranker - INFO -     NER bonus aplicado a 18/20 productos
2026-01-12 20:46:16 - src.unified_system_v2 - WARNING - RLHF ranker no disponible o no entrenado, usando baseline
2026-01-12 20:46:16 - src.unified_system_v2 - WARNING - Full Hybrid requiere NER y RLHF, usando NER solo
2026-01-12 20:46:16 - ranking.ner_enhanced_ranker - INFO -    🎯 Query: 'xbox console' → Intent: ['category', 'platform']
2026-01-12 20:46:16 - ranking.ner_enhanced_ranker - INFO -     NER bonus aplicado a 18/20 productos
2026-01-12 20:46:16 - ranking.ner_enhanced_ranker - INFO -     NER bonus aplicado a 4/20 productos
2026-01-12 20:46:16 - src.unified_system_v2 - WARNING - RLHF ranker no disponible o no entrenado, usando baseline
2026-01-12 20:46:16 - src.unified_system_v2 - WARNING - Full Hybrid requiere NER y RLHF, usando NER solo
2026-01-12 20:46:16 - ranking.ner_enhanced_ranker - INFO -     NER bonus aplicado a 4/20 productos
2026-01-12 20:46:17 - ranking.ner_enhanced_ranker - INFO -     NER bonus aplicado a 4/20 productos
2026-01-12 20:46:17 - src.unified_system_v2 - WARNING - RLHF ranker no disponible o no entrenado, usando baseline
2026-01-12 20:46:17 - src.unified_system_v2 - WARNING - Full Hybrid requiere NER y RLHF, usando NER solo
2026-01-12 20:46:17 - ranking.ner_enhanced_ranker - INFO -     NER bonus aplicado a 4/20 productos
2026-01-12 20:46:17 - ranking.ner_enhanced_ranker - INFO -     NER bonus aplicado a 4/20 productos
2026-01-12 20:46:17 - src.unified_system_v2 - WARNING - RLHF ranker no disponible o no entrenado, usando baseline
2026-01-12 20:46:17 - src.unified_system_v2 - WARNING - Full Hybrid requiere NER y RLHF, usando NER solo
2026-01-12 20:46:17 - ranking.ner_enhanced_ranker - INFO -     NER bonus aplicado a 4/20 productos
2026-01-12 20:46:18 - ranking.ner_enhanced_ranker - INFO -     NER bonus aplicado a 4/20 productos
2026-01-12 20:46:18 - src.unified_system_v2 - WARNING - RLHF ranker no disponible o no entrenado, usando baseline
2026-01-12 20:46:18 - src.unified_system_v2 - WARNING - Full Hybrid requiere NER y RLHF, usando NER solo
2026-01-12 20:46:18 - ranking.ner_enhanced_ranker - INFO -     NER bonus aplicado a 4/20 productos
2026-01-12 20:46:18 - ranking.ner_enhanced_ranker - INFO -    🎯 Query: 'action video games' → Intent: ['category', 'genre']
2026-01-12 20:46:18 - ranking.ner_enhanced_ranker - INFO -     NER bonus aplicado a 7/20 productos
2026-01-12 20:46:18 - src.unified_system_v2 - WARNING - RLHF ranker no disponible o no entrenado, usando baseline
2026-01-12 20:46:18 - src.unified_system_v2 - WARNING - Full Hybrid requiere NER y RLHF, usando NER solo
2026-01-12 20:46:18 - ranking.ner_enhanced_ranker - INFO -    🎯 Query: 'action video games' → Intent: ['category', 'genre']
2026-01-12 20:46:18 - ranking.ner_enhanced_ranker - INFO -     NER bonus aplicado a 7/20 productos
2026-01-12 20:46:18 - ranking.ner_enhanced_ranker - INFO -    🎯 Query: 'action video games' → Intent: ['category', 'genre']
2026-01-12 20:46:18 - ranking.ner_enhanced_ranker - INFO -     NER bonus aplicado a 7/20 productos
2026-01-12 20:46:18 - src.unified_system_v2 - WARNING - RLHF ranker no disponible o no entrenado, usando baseline
2026-01-12 20:46:19 - src.unified_system_v2 - WARNING - Full Hybrid requiere NER y RLHF, usando NER solo
2026-01-12 20:46:19 - ranking.ner_enhanced_ranker - INFO -    🎯 Query: 'action video games' → Intent: ['category', 'genre']
2026-01-12 20:46:19 - ranking.ner_enhanced_ranker - INFO -     NER bonus aplicado a 7/20 productos
2026-01-12 20:46:19 - ranking.ner_enhanced_ranker - INFO -    🎯 Query: 'action video games' → Intent: ['category', 'genre']
2026-01-12 20:46:19 - ranking.ner_enhanced_ranker - INFO -     NER bonus aplicado a 7/20 productos
2026-01-12 20:46:19 - src.unified_system_v2 - WARNING - RLHF ranker no disponible o no entrenado, usando baseline
2026-01-12 20:46:19 - src.unified_system_v2 - WARNING - Full Hybrid requiere NER y RLHF, usando NER solo
2026-01-12 20:46:19 - ranking.ner_enhanced_ranker - INFO -    🎯 Query: 'action video games' → Intent: ['category', 'genre']
2026-01-12 20:46:19 - ranking.ner_enhanced_ranker - INFO -     NER bonus aplicado a 7/20 productos
2026-01-12 20:46:19 - ranking.ner_enhanced_ranker - INFO -    🎯 Query: 'action video games' → Intent: ['category', 'genre']
2026-01-12 20:46:19 - ranking.ner_enhanced_ranker - INFO -     NER bonus aplicado a 7/20 productos
2026-01-12 20:46:19 - src.unified_system_v2 - WARNING - RLHF ranker no disponible o no entrenado, usando baseline
2026-01-12 20:46:19 - src.unified_system_v2 - WARNING - Full Hybrid requiere NER y RLHF, usando NER solo
2026-01-12 20:46:20 - ranking.ner_enhanced_ranker - INFO -    🎯 Query: 'action video games' → Intent: ['category', 'genre']
2026-01-12 20:46:20 - ranking.ner_enhanced_ranker - INFO -     NER bonus aplicado a 7/20 productos
2026-01-12 20:46:20 - ranking.ner_enhanced_ranker - INFO -    🎯 Query: 'sport videogames' → Intent: ['category']
2026-01-12 20:46:20 - ranking.ner_enhanced_ranker - INFO -     NER bonus aplicado a 15/20 productos
2026-01-12 20:46:20 - src.unified_system_v2 - WARNING - RLHF ranker no disponible o no entrenado, usando baseline
2026-01-12 20:46:20 - src.unified_system_v2 - WARNING - Full Hybrid requiere NER y RLHF, usando NER solo
2026-01-12 20:46:20 - ranking.ner_enhanced_ranker - INFO -    🎯 Query: 'sport videogames' → Intent: ['category']
2026-01-12 20:46:20 - ranking.ner_enhanced_ranker - INFO -     NER bonus aplicado a 15/20 productos
2026-01-12 20:46:20 - ranking.ner_enhanced_ranker - INFO -    🎯 Query: 'sport videogames' → Intent: ['category']
2026-01-12 20:46:20 - ranking.ner_enhanced_ranker - INFO -     NER bonus aplicado a 15/20 productos
2026-01-12 20:46:20 - src.unified_system_v2 - WARNING - RLHF ranker no disponible o no entrenado, usando baseline
2026-01-12 20:46:20 - src.unified_system_v2 - WARNING - Full Hybrid requiere NER y RLHF, usando NER solo
2026-01-12 20:46:20 - ranking.ner_enhanced_ranker - INFO -    🎯 Query: 'sport videogames' → Intent: ['category']
2026-01-12 20:46:21 - ranking.ner_enhanced_ranker - INFO -     NER bonus aplicado a 15/20 productos
2026-01-12 20:46:21 - ranking.ner_enhanced_ranker - INFO -    🎯 Query: 'sport videogames' → Intent: ['category']
2026-01-12 20:46:21 - ranking.ner_enhanced_ranker - INFO -     NER bonus aplicado a 15/20 productos
2026-01-12 20:46:21 - src.unified_system_v2 - WARNING - RLHF ranker no disponible o no entrenado, usando baseline
2026-01-12 20:46:21 - src.unified_system_v2 - WARNING - Full Hybrid requiere NER y RLHF, usando NER solo
2026-01-12 20:46:21 - ranking.ner_enhanced_ranker - INFO -    🎯 Query: 'sport videogames' → Intent: ['category']
2026-01-12 20:46:21 - ranking.ner_enhanced_ranker - INFO -     NER bonus aplicado a 15/20 productos
2026-01-12 20:46:21 - ranking.ner_enhanced_ranker - INFO -    🎯 Query: 'sport videogames' → Intent: ['category']
2026-01-12 20:46:21 - ranking.ner_enhanced_ranker - INFO -     NER bonus aplicado a 15/20 productos
2026-01-12 20:46:21 - src.unified_system_v2 - WARNING - RLHF ranker no disponible o no entrenado, usando baseline
2026-01-12 20:46:21 - src.unified_system_v2 - WARNING - Full Hybrid requiere NER y RLHF, usando NER solo
2026-01-12 20:46:21 - ranking.ner_enhanced_ranker - INFO -    🎯 Query: 'sport videogames' → Intent: ['category']
2026-01-12 20:46:21 - ranking.ner_enhanced_ranker - INFO -     NER bonus aplicado a 15/20 productos
2026-01-12 20:46:22 - experimento_completo_4_metodos - INFO -  Guardando resultados...
2026-01-12 20:46:22 - experimento_completo_4_metodos - INFO -  Resultados JSON: results\experimento_4_metodos_20260112_204622.json
2026-01-12 20:46:22 - experimento_completo_4_metodos - INFO -  Resultados CSV: results\experimento_4_metodos_20260112_204622.csv
2026-01-12 20:46:22 - experimento_completo_4_metodos - INFO -  Resumen: results\resumen_20260112_204622.txt
2026-01-12 20:46:22 - experimento_completo_4_metodos - INFO - 🎉 Experimento completado exitosamente
