2026-02-04 10:18:19 - experimento_completo_4_metodos - INFO -  Log iniciado: logs\experimento_20260204_101819.log
2026-02-04 10:18:19 - faiss.loader - INFO - Loading faiss with AVX2 support.
2026-02-04 10:18:19 - faiss.loader - INFO - Successfully loaded faiss with AVX2 support.
2026-02-04 10:18:30 - experimento_completo_4_metodos - INFO -  Cargando ground truth...
2026-02-04 10:18:30 - experimento_completo_4_metodos - INFO -  Ground truth cargado: 18 queries
2026-02-04 10:18:30 - experimento_completo_4_metodos - INFO -    • Productos relevantes totales: 29
2026-02-04 10:18:30 - experimento_completo_4_metodos - INFO -   Creando split train/test estratificado...
2026-02-04 10:18:30 - experimento_completo_4_metodos - INFO -  Split creado: 12 train, 6 test
2026-02-04 10:18:30 - experimento_completo_4_metodos - INFO -  Cargando sistema V2...
2026-02-04 10:18:30 - experimento_completo_4_metodos - INFO -  Cargando sistema V2 desde cache...
2026-02-04 10:18:34 - src.unified_system_v2 - INFO -  Sistema V2 cargado: 89,990 productos
2026-02-04 10:18:34 - experimento_completo_4_metodos - INFO -  Sistema cargado: 89,990 productos
2026-02-04 10:18:34 - experimento_completo_4_metodos - INFO -    • RLHF:  Disponible
2026-02-04 10:18:34 - experimento_completo_4_metodos - INFO -    • NER:  Disponible
2026-02-04 10:18:34 - experimento_completo_4_metodos - INFO -  Entrenando RLHF con 12 queries de entrenamiento...
2026-02-04 10:18:34 - src.unified_system_v2 - INFO -  Entrenando RLHF con 12 queries...
2026-02-04 10:18:35 - src.unified_system_v2 - INFO -    • Interacciones filtradas: 21
2026-02-04 10:18:35 - ranking.rl_ranker_fixed - INFO -  RLHF Dinámico inicializado (lr=0.5)
2026-02-04 10:18:35 - ranking.rl_ranker_fixed - INFO -  Human Feedback #1: 'car parts...' pos 2
2026-02-04 10:18:35 - ranking.rl_ranker_fixed - INFO -  Human Feedback #2: 'car parts...' pos 5
2026-02-04 10:18:35 - ranking.rl_ranker_fixed - INFO -  Human Feedback #3: 'car parts...' pos 7
2026-02-04 10:18:35 - ranking.rl_ranker_fixed - INFO -  Human Feedback #4: 'beauty products...' pos 2
2026-02-04 10:18:35 - ranking.rl_ranker_fixed - INFO -  Human Feedback #5: 'beauty products...' pos 3
2026-02-04 10:18:35 - ranking.rl_ranker_fixed - INFO -  Human Feedback #6: 'sports equipment...' pos 1
2026-02-04 10:18:35 - ranking.rl_ranker_fixed - INFO -  Human Feedback #7: 'sports equipment...' pos 3
2026-02-04 10:18:35 - ranking.rl_ranker_fixed - INFO -  Human Feedback #8: 'kitchen utensils...' pos 1
2026-02-04 10:18:35 - ranking.rl_ranker_fixed - INFO -  Human Feedback #9: 'kitchen utensils...' pos 2
2026-02-04 10:18:35 - ranking.rl_ranker_fixed - INFO -  Human Feedback #10: 'detective books...' pos 1
2026-02-04 10:18:35 - src.unified_system_v2 - INFO -    • Entrenados: 10/21
2026-02-04 10:18:35 - ranking.rl_ranker_fixed - INFO -  Human Feedback #11: 'sport videogames...' pos 2
2026-02-04 10:18:35 - ranking.rl_ranker_fixed - INFO -  Human Feedback #12: 'sport videogames...' pos 3
2026-02-04 10:18:35 - ranking.rl_ranker_fixed - INFO -  Human Feedback #13: '"playstation games"...' pos 1
2026-02-04 10:18:35 - ranking.rl_ranker_fixed - INFO -  Human Feedback #14: '"xbox console"...' pos 1
2026-02-04 10:18:35 - ranking.rl_ranker_fixed - INFO -  Human Feedback #15: '"xbox console"...' pos 3
2026-02-04 10:18:35 - ranking.rl_ranker_fixed - INFO -  Human Feedback #16: '"pc gaming"...' pos 9
2026-02-04 10:18:35 - ranking.rl_ranker_fixed - INFO -  Human Feedback #17: 'mario games...' pos 1
2026-02-04 10:18:35 - ranking.rl_ranker_fixed - INFO -  Human Feedback #18: 'zelda videogames...' pos 1
2026-02-04 10:18:35 - ranking.rl_ranker_fixed - INFO -  Human Feedback #19: 'mario games for kids...' pos 4
2026-02-04 10:18:35 - src.unified_system_v2 - INFO -  RLHF entrenado: 19 exitosas, 2 fallidas
2026-02-04 10:18:35 - src.unified_system_v2 - INFO -    • Features aprendidas: 28
2026-02-04 10:18:35 - src.unified_system_v2 - INFO -    • Feedback procesado: 19
2026-02-04 10:18:40 - src.unified_system_v2 - INFO -  Sistema V2 guardado: data\cache\unified_system_v2.pkl
2026-02-04 10:18:40 - src.unified_system_v2 - INFO -  Sistema guardado: data\cache\unified_system_v2.pkl
2026-02-04 10:18:40 - experimento_completo_4_metodos - INFO -  RLHF entrenado exitosamente
2026-02-04 10:18:40 - experimento_completo_4_metodos - INFO -    • Feedback procesado: 19
2026-02-04 10:18:40 - experimento_completo_4_metodos - INFO -    • Features aprendidas: 28
2026-02-04 10:18:41 - ranking.ner_enhanced_ranker - INFO -    Query: 'headphones' → Intent: ['category', 'platform']
2026-02-04 10:18:41 - ranking.ner_enhanced_ranker - INFO -     NER bonus aplicado a 13/20 productos
2026-02-04 10:18:41 - ranking.rl_ranker_fixed - INFO -     Aplicando Human Preferences (28 features)
2026-02-04 10:18:41 - ranking.rl_ranker_fixed - INFO -     Aplicando Human Preferences (28 features)
2026-02-04 10:18:41 - ranking.rl_ranker_fixed - INFO -     Aplicando Human Preferences (28 features)
2026-02-04 10:18:41 - ranking.rl_ranker_fixed - INFO -     Aplicando Human Preferences (28 features)
2026-02-04 10:18:41 - ranking.rl_ranker_fixed - INFO -     Aplicando Human Preferences (28 features)
2026-02-04 10:18:41 - ranking.rl_ranker_fixed - INFO -     Aplicando Human Preferences (28 features)
2026-02-04 10:18:41 - ranking.rl_ranker_fixed - INFO -     Aplicando Human Preferences (28 features)
2026-02-04 10:18:41 - ranking.rl_ranker_fixed - INFO -     Aplicando Human Preferences (28 features)
2026-02-04 10:18:41 - ranking.ner_enhanced_ranker - INFO -    Query: 'electronics parts' → Intent: ['category']
2026-02-04 10:18:41 - ranking.ner_enhanced_ranker - INFO -     NER bonus aplicado a 5/20 productos
2026-02-04 10:18:41 - ranking.rl_ranker_fixed - INFO -     Aplicando Human Preferences (28 features)
2026-02-04 10:18:41 - ranking.rl_ranker_fixed - INFO -     Aplicando Human Preferences (28 features)
2026-02-04 10:18:42 - ranking.rl_ranker_fixed - INFO -     Aplicando Human Preferences (28 features)
2026-02-04 10:18:42 - ranking.rl_ranker_fixed - INFO -     Aplicando Human Preferences (28 features)
2026-02-04 10:18:42 - ranking.rl_ranker_fixed - INFO -     Aplicando Human Preferences (28 features)
2026-02-04 10:18:42 - ranking.rl_ranker_fixed - INFO -     Aplicando Human Preferences (28 features)
2026-02-04 10:18:42 - ranking.rl_ranker_fixed - INFO -     Aplicando Human Preferences (28 features)
2026-02-04 10:18:42 - ranking.rl_ranker_fixed - INFO -     Aplicando Human Preferences (28 features)
2026-02-04 10:18:42 - ranking.ner_enhanced_ranker - INFO -    Query: 'action video games' → Intent: ['category', 'genre']
2026-02-04 10:18:42 - ranking.ner_enhanced_ranker - INFO -     NER bonus aplicado a 7/20 productos
2026-02-04 10:18:42 - ranking.rl_ranker_fixed - INFO -     Aplicando Human Preferences (28 features)
2026-02-04 10:18:42 - ranking.rl_ranker_fixed - INFO -     Aplicando Human Preferences (28 features)
2026-02-04 10:18:42 - ranking.rl_ranker_fixed - INFO -     Aplicando Human Preferences (28 features)
2026-02-04 10:18:42 - ranking.rl_ranker_fixed - INFO -     Aplicando Human Preferences (28 features)
2026-02-04 10:18:42 - ranking.rl_ranker_fixed - INFO -     Aplicando Human Preferences (28 features)
2026-02-04 10:18:42 - ranking.rl_ranker_fixed - INFO -     Aplicando Human Preferences (28 features)
2026-02-04 10:18:42 - ranking.rl_ranker_fixed - INFO -     Aplicando Human Preferences (28 features)
2026-02-04 10:18:43 - ranking.rl_ranker_fixed - INFO -     Aplicando Human Preferences (28 features)
2026-02-04 10:18:43 - ranking.ner_enhanced_ranker - INFO -    Query: 'survival games' → Intent: ['category', 'genre']
2026-02-04 10:18:43 - ranking.ner_enhanced_ranker - INFO -     NER bonus aplicado a 8/20 productos
2026-02-04 10:18:43 - ranking.rl_ranker_fixed - INFO -     Aplicando Human Preferences (28 features)
2026-02-04 10:18:43 - ranking.rl_ranker_fixed - INFO -     Aplicando Human Preferences (28 features)
2026-02-04 10:18:43 - ranking.rl_ranker_fixed - INFO -     Aplicando Human Preferences (28 features)
2026-02-04 10:18:43 - ranking.rl_ranker_fixed - INFO -     Aplicando Human Preferences (28 features)
2026-02-04 10:18:43 - ranking.rl_ranker_fixed - INFO -     Aplicando Human Preferences (28 features)
2026-02-04 10:18:43 - ranking.rl_ranker_fixed - INFO -     Aplicando Human Preferences (28 features)
2026-02-04 10:18:43 - ranking.rl_ranker_fixed - INFO -     Aplicando Human Preferences (28 features)
2026-02-04 10:18:43 - ranking.rl_ranker_fixed - INFO -     Aplicando Human Preferences (28 features)
2026-02-04 10:18:43 - ranking.ner_enhanced_ranker - INFO -    Query: 'nintendo switch' → Intent: ['category', 'platform']
2026-02-04 10:18:43 - ranking.ner_enhanced_ranker - INFO -     NER bonus aplicado a 19/20 productos
2026-02-04 10:18:43 - ranking.rl_ranker_fixed - INFO -     Aplicando Human Preferences (28 features)
2026-02-04 10:18:43 - ranking.rl_ranker_fixed - INFO -     Aplicando Human Preferences (28 features)
2026-02-04 10:18:43 - ranking.rl_ranker_fixed - INFO -     Aplicando Human Preferences (28 features)
2026-02-04 10:18:43 - ranking.rl_ranker_fixed - INFO -     Aplicando Human Preferences (28 features)
2026-02-04 10:18:43 - ranking.rl_ranker_fixed - INFO -     Aplicando Human Preferences (28 features)
2026-02-04 10:18:43 - ranking.rl_ranker_fixed - INFO -     Aplicando Human Preferences (28 features)
2026-02-04 10:18:43 - ranking.rl_ranker_fixed - INFO -     Aplicando Human Preferences (28 features)
2026-02-04 10:18:44 - ranking.rl_ranker_fixed - INFO -     Aplicando Human Preferences (28 features)
2026-02-04 10:18:44 - ranking.ner_enhanced_ranker - INFO -    Query: 'kid toys' → Intent: ['category']
2026-02-04 10:18:44 - ranking.ner_enhanced_ranker - WARNING -      NER bonus NO aplicado para: 'kid toys'
2026-02-04 10:18:44 - ranking.rl_ranker_fixed - INFO -     Aplicando Human Preferences (28 features)
2026-02-04 10:18:44 - ranking.rl_ranker_fixed - INFO -     Aplicando Human Preferences (28 features)
2026-02-04 10:18:44 - ranking.rl_ranker_fixed - INFO -     Aplicando Human Preferences (28 features)
2026-02-04 10:18:44 - ranking.rl_ranker_fixed - INFO -     Aplicando Human Preferences (28 features)
2026-02-04 10:18:44 - ranking.rl_ranker_fixed - INFO -     Aplicando Human Preferences (28 features)
2026-02-04 10:18:44 - ranking.rl_ranker_fixed - INFO -     Aplicando Human Preferences (28 features)
2026-02-04 10:18:44 - ranking.rl_ranker_fixed - INFO -     Aplicando Human Preferences (28 features)
2026-02-04 10:18:44 - ranking.rl_ranker_fixed - INFO -     Aplicando Human Preferences (28 features)
2026-02-04 10:18:44 - experimento_completo_4_metodos - INFO -  Guardando resultados...
2026-02-04 10:18:44 - experimento_completo_4_metodos - INFO -  Resultados JSON: results\experimento_4_metodos_20260204_101844.json
2026-02-04 10:18:44 - experimento_completo_4_metodos - INFO -  Resultados CSV: results\experimento_4_metodos_20260204_101844.csv
2026-02-04 10:18:44 - experimento_completo_4_metodos - INFO -  Resumen: results\resumen_20260204_101844.txt
2026-02-04 10:18:44 - experimento_completo_4_metodos - INFO -  Experimento completado exitosamente
