2026-01-13 21:10:54 - experimento_completo_4_metodos - INFO -  Log iniciado: logs\experimento_20260113_211054.log
2026-01-13 21:10:54 - faiss.loader - INFO - Loading faiss with AVX2 support.
2026-01-13 21:10:54 - faiss.loader - INFO - Successfully loaded faiss with AVX2 support.
2026-01-13 21:11:00 - experimento_completo_4_metodos - INFO -  Cargando ground truth...
2026-01-13 21:11:00 - experimento_completo_4_metodos - INFO -  Ground truth cargado: 18 queries
2026-01-13 21:11:00 - experimento_completo_4_metodos - INFO -    • Productos relevantes totales: 31
2026-01-13 21:11:00 - experimento_completo_4_metodos - INFO -   Creando split train/test estratificado...
2026-01-13 21:11:00 - experimento_completo_4_metodos - INFO -  Split creado: 13 train, 5 test
2026-01-13 21:11:00 - experimento_completo_4_metodos - INFO -  Cargando sistema V2...
2026-01-13 21:11:00 - experimento_completo_4_metodos - INFO -  Cargando sistema V2 desde cache...
2026-01-13 21:11:01 - src.unified_system_v2 - INFO -  Sistema V2 cargado: 89,990 productos
2026-01-13 21:11:01 - experimento_completo_4_metodos - INFO -  Sistema cargado: 89,990 productos
2026-01-13 21:11:01 - experimento_completo_4_metodos - INFO -    • RLHF:  Disponible
2026-01-13 21:11:01 - experimento_completo_4_metodos - INFO -    • NER:  Disponible
2026-01-13 21:11:01 - experimento_completo_4_metodos - INFO -  Entrenando RLHF con 13 queries de entrenamiento...
2026-01-13 21:11:01 - src.unified_system_v2 - INFO -  Entrenando RLHF con 13 queries...
2026-01-13 21:11:01 - src.unified_system_v2 - INFO -    • Interacciones filtradas: 22
2026-01-13 21:11:01 - ranking.rl_ranker_fixed - INFO -  RLHF Dinámico inicializado (lr=0.5)
2026-01-13 21:11:01 - ranking.rl_ranker_fixed - INFO -  Human Feedback #1: 'survival games...' pos 5
2026-01-13 21:11:01 - ranking.rl_ranker_fixed - INFO -  Human Feedback #2: 'survival games...' pos 2
2026-01-13 21:11:01 - ranking.rl_ranker_fixed - INFO -  Human Feedback #3: 'survival games...' pos 10
2026-01-13 21:11:01 - ranking.rl_ranker_fixed - INFO -  Human Feedback #4: 'car parts...' pos 2
2026-01-13 21:11:01 - ranking.rl_ranker_fixed - INFO -  Human Feedback #5: 'car parts...' pos 5
2026-01-13 21:11:01 - ranking.rl_ranker_fixed - INFO -  Human Feedback #6: 'car parts...' pos 7
2026-01-13 21:11:01 - ranking.rl_ranker_fixed - INFO -  Human Feedback #7: 'beauty products...' pos 2
2026-01-13 21:11:01 - ranking.rl_ranker_fixed - INFO -  Human Feedback #8: 'beauty products...' pos 3
2026-01-13 21:11:01 - ranking.rl_ranker_fixed - INFO -  Human Feedback #9: 'electronics...' pos 1
2026-01-13 21:11:01 - ranking.rl_ranker_fixed - INFO -  Human Feedback #10: 'electronics parts...' pos 2
2026-01-13 21:11:01 - src.unified_system_v2 - INFO -    • Entrenados: 10/22
2026-01-13 21:11:01 - ranking.rl_ranker_fixed - INFO -  Human Feedback #11: 'sports equipment...' pos 1
2026-01-13 21:11:01 - ranking.rl_ranker_fixed - INFO -  Human Feedback #12: 'sports equipment...' pos 3
2026-01-13 21:11:01 - ranking.rl_ranker_fixed - INFO -  Human Feedback #13: 'kitchen utensils...' pos 1
2026-01-13 21:11:01 - ranking.rl_ranker_fixed - INFO -  Human Feedback #14: 'kitchen utensils...' pos 2
2026-01-13 21:11:01 - ranking.rl_ranker_fixed - INFO -  Human Feedback #15: 'kid toys...' pos 1
2026-01-13 21:11:01 - ranking.rl_ranker_fixed - INFO -  Human Feedback #16: 'kid toys...' pos 2
2026-01-13 21:11:01 - ranking.rl_ranker_fixed - INFO -  Human Feedback #17: 'headphones...' pos 2
2026-01-13 21:11:01 - ranking.rl_ranker_fixed - INFO -  Human Feedback #18: 'headphones...' pos 3
2026-01-13 21:11:01 - ranking.rl_ranker_fixed - INFO -  Human Feedback #19: '"playstation games"...' pos 1
2026-01-13 21:11:01 - ranking.rl_ranker_fixed - INFO -  Human Feedback #20: '"nintendo switch"...' pos 2
2026-01-13 21:11:01 - src.unified_system_v2 - INFO -    • Entrenados: 20/22
2026-01-13 21:11:01 - ranking.rl_ranker_fixed - INFO -  Human Feedback #21: 'mario games...' pos 1
2026-01-13 21:11:01 - ranking.rl_ranker_fixed - INFO -  Human Feedback #22: 'zelda videogames...' pos 1
2026-01-13 21:11:01 - src.unified_system_v2 - INFO -  RLHF entrenado: 22 exitosas, 0 fallidas
2026-01-13 21:11:01 - src.unified_system_v2 - INFO -    • Features aprendidas: 30
2026-01-13 21:11:01 - src.unified_system_v2 - INFO -    • Feedback procesado: 22
2026-01-13 21:11:02 - src.unified_system_v2 - INFO -  Sistema V2 guardado: data\cache\unified_system_v2.pkl
2026-01-13 21:11:02 - src.unified_system_v2 - INFO -  Sistema guardado: data\cache\unified_system_v2.pkl
2026-01-13 21:11:02 - experimento_completo_4_metodos - INFO -  RLHF entrenado exitosamente
2026-01-13 21:11:02 - experimento_completo_4_metodos - INFO -    • Feedback procesado: 22
2026-01-13 21:11:02 - experimento_completo_4_metodos - INFO -    • Features aprendidas: 30
2026-01-13 21:11:02 - ranking.ner_enhanced_ranker - INFO -    Query: 'pc gaming' → Intent: ['category', 'platform']
2026-01-13 21:11:02 - ranking.ner_enhanced_ranker - INFO -     NER bonus aplicado a 10/20 productos
2026-01-13 21:11:02 - ranking.rl_ranker_fixed - INFO -     Aplicando Human Preferences (30 features)
2026-01-13 21:11:02 - ranking.ner_enhanced_ranker - INFO -    Query: 'pc gaming' → Intent: ['category', 'platform']
2026-01-13 21:11:02 - ranking.ner_enhanced_ranker - INFO -     NER bonus aplicado a 10/20 productos
2026-01-13 21:11:02 - ranking.rl_ranker_fixed - INFO -     Aplicando Human Preferences (30 features)
2026-01-13 21:11:02 - ranking.ner_enhanced_ranker - INFO -    Query: 'pc gaming' → Intent: ['category', 'platform']
2026-01-13 21:11:02 - ranking.ner_enhanced_ranker - INFO -     NER bonus aplicado a 10/20 productos
2026-01-13 21:11:03 - ranking.rl_ranker_fixed - INFO -     Aplicando Human Preferences (30 features)
2026-01-13 21:11:03 - ranking.ner_enhanced_ranker - INFO -    Query: 'pc gaming' → Intent: ['category', 'platform']
2026-01-13 21:11:03 - ranking.ner_enhanced_ranker - INFO -     NER bonus aplicado a 10/20 productos
2026-01-13 21:11:03 - ranking.rl_ranker_fixed - INFO -     Aplicando Human Preferences (30 features)
2026-01-13 21:11:03 - ranking.ner_enhanced_ranker - INFO -    Query: 'pc gaming' → Intent: ['category', 'platform']
2026-01-13 21:11:03 - ranking.ner_enhanced_ranker - INFO -     NER bonus aplicado a 10/20 productos
2026-01-13 21:11:03 - ranking.rl_ranker_fixed - INFO -     Aplicando Human Preferences (30 features)
2026-01-13 21:11:03 - ranking.ner_enhanced_ranker - INFO -    Query: 'pc gaming' → Intent: ['category', 'platform']
2026-01-13 21:11:03 - ranking.ner_enhanced_ranker - INFO -     NER bonus aplicado a 10/20 productos
2026-01-13 21:11:03 - ranking.rl_ranker_fixed - INFO -     Aplicando Human Preferences (30 features)
2026-01-13 21:11:03 - ranking.ner_enhanced_ranker - INFO -    Query: 'pc gaming' → Intent: ['category', 'platform']
2026-01-13 21:11:03 - ranking.ner_enhanced_ranker - INFO -     NER bonus aplicado a 10/20 productos
2026-01-13 21:11:03 - ranking.rl_ranker_fixed - INFO -     Aplicando Human Preferences (30 features)
2026-01-13 21:11:03 - ranking.ner_enhanced_ranker - INFO -    Query: 'pc gaming' → Intent: ['category', 'platform']
2026-01-13 21:11:03 - ranking.ner_enhanced_ranker - INFO -     NER bonus aplicado a 10/20 productos
2026-01-13 21:11:03 - ranking.rl_ranker_fixed - INFO -     Aplicando Human Preferences (30 features)
2026-01-13 21:11:03 - ranking.ner_enhanced_ranker - INFO -    Query: 'xbox console' → Intent: ['category', 'platform']
2026-01-13 21:11:03 - ranking.ner_enhanced_ranker - INFO -     NER bonus aplicado a 18/20 productos
2026-01-13 21:11:03 - ranking.rl_ranker_fixed - INFO -     Aplicando Human Preferences (30 features)
2026-01-13 21:11:03 - ranking.ner_enhanced_ranker - INFO -    Query: 'xbox console' → Intent: ['category', 'platform']
2026-01-13 21:11:03 - ranking.ner_enhanced_ranker - INFO -     NER bonus aplicado a 18/20 productos
2026-01-13 21:11:03 - ranking.rl_ranker_fixed - INFO -     Aplicando Human Preferences (30 features)
2026-01-13 21:11:03 - ranking.ner_enhanced_ranker - INFO -    Query: 'xbox console' → Intent: ['category', 'platform']
2026-01-13 21:11:03 - ranking.ner_enhanced_ranker - INFO -     NER bonus aplicado a 18/20 productos
2026-01-13 21:11:03 - ranking.rl_ranker_fixed - INFO -     Aplicando Human Preferences (30 features)
2026-01-13 21:11:03 - ranking.ner_enhanced_ranker - INFO -    Query: 'xbox console' → Intent: ['category', 'platform']
2026-01-13 21:11:03 - ranking.ner_enhanced_ranker - INFO -     NER bonus aplicado a 18/20 productos
2026-01-13 21:11:03 - ranking.rl_ranker_fixed - INFO -     Aplicando Human Preferences (30 features)
2026-01-13 21:11:03 - ranking.ner_enhanced_ranker - INFO -    Query: 'xbox console' → Intent: ['category', 'platform']
2026-01-13 21:11:03 - ranking.ner_enhanced_ranker - INFO -     NER bonus aplicado a 18/20 productos
2026-01-13 21:11:03 - ranking.rl_ranker_fixed - INFO -     Aplicando Human Preferences (30 features)
2026-01-13 21:11:03 - ranking.ner_enhanced_ranker - INFO -    Query: 'xbox console' → Intent: ['category', 'platform']
2026-01-13 21:11:03 - ranking.ner_enhanced_ranker - INFO -     NER bonus aplicado a 18/20 productos
2026-01-13 21:11:03 - ranking.rl_ranker_fixed - INFO -     Aplicando Human Preferences (30 features)
2026-01-13 21:11:03 - ranking.ner_enhanced_ranker - INFO -    Query: 'xbox console' → Intent: ['category', 'platform']
2026-01-13 21:11:03 - ranking.ner_enhanced_ranker - INFO -     NER bonus aplicado a 18/20 productos
2026-01-13 21:11:03 - ranking.rl_ranker_fixed - INFO -     Aplicando Human Preferences (30 features)
2026-01-13 21:11:03 - ranking.ner_enhanced_ranker - INFO -    Query: 'xbox console' → Intent: ['category', 'platform']
2026-01-13 21:11:03 - ranking.ner_enhanced_ranker - INFO -     NER bonus aplicado a 18/20 productos
2026-01-13 21:11:03 - ranking.rl_ranker_fixed - INFO -     Aplicando Human Preferences (30 features)
2026-01-13 21:11:03 - ranking.ner_enhanced_ranker - INFO -     NER bonus aplicado a 4/20 productos
2026-01-13 21:11:03 - ranking.rl_ranker_fixed - INFO -     Aplicando Human Preferences (30 features)
2026-01-13 21:11:03 - ranking.ner_enhanced_ranker - INFO -     NER bonus aplicado a 4/20 productos
2026-01-13 21:11:03 - ranking.rl_ranker_fixed - INFO -     Aplicando Human Preferences (30 features)
2026-01-13 21:11:03 - ranking.ner_enhanced_ranker - INFO -     NER bonus aplicado a 4/20 productos
2026-01-13 21:11:03 - ranking.rl_ranker_fixed - INFO -     Aplicando Human Preferences (30 features)
2026-01-13 21:11:03 - ranking.ner_enhanced_ranker - INFO -     NER bonus aplicado a 4/20 productos
2026-01-13 21:11:03 - ranking.rl_ranker_fixed - INFO -     Aplicando Human Preferences (30 features)
2026-01-13 21:11:03 - ranking.ner_enhanced_ranker - INFO -     NER bonus aplicado a 4/20 productos
2026-01-13 21:11:03 - ranking.rl_ranker_fixed - INFO -     Aplicando Human Preferences (30 features)
2026-01-13 21:11:03 - ranking.ner_enhanced_ranker - INFO -     NER bonus aplicado a 4/20 productos
2026-01-13 21:11:03 - ranking.rl_ranker_fixed - INFO -     Aplicando Human Preferences (30 features)
2026-01-13 21:11:03 - ranking.ner_enhanced_ranker - INFO -     NER bonus aplicado a 4/20 productos
2026-01-13 21:11:03 - ranking.rl_ranker_fixed - INFO -     Aplicando Human Preferences (30 features)
2026-01-13 21:11:03 - ranking.ner_enhanced_ranker - INFO -     NER bonus aplicado a 4/20 productos
2026-01-13 21:11:03 - ranking.rl_ranker_fixed - INFO -     Aplicando Human Preferences (30 features)
2026-01-13 21:11:04 - ranking.ner_enhanced_ranker - INFO -    Query: 'action video games' → Intent: ['category', 'genre']
2026-01-13 21:11:04 - ranking.ner_enhanced_ranker - INFO -     NER bonus aplicado a 7/20 productos
2026-01-13 21:11:04 - ranking.rl_ranker_fixed - INFO -     Aplicando Human Preferences (30 features)
2026-01-13 21:11:04 - ranking.ner_enhanced_ranker - INFO -    Query: 'action video games' → Intent: ['category', 'genre']
2026-01-13 21:11:04 - ranking.ner_enhanced_ranker - INFO -     NER bonus aplicado a 7/20 productos
2026-01-13 21:11:04 - ranking.rl_ranker_fixed - INFO -     Aplicando Human Preferences (30 features)
2026-01-13 21:11:04 - ranking.ner_enhanced_ranker - INFO -    Query: 'action video games' → Intent: ['category', 'genre']
2026-01-13 21:11:04 - ranking.ner_enhanced_ranker - INFO -     NER bonus aplicado a 7/20 productos
2026-01-13 21:11:04 - ranking.rl_ranker_fixed - INFO -     Aplicando Human Preferences (30 features)
2026-01-13 21:11:04 - ranking.ner_enhanced_ranker - INFO -    Query: 'action video games' → Intent: ['category', 'genre']
2026-01-13 21:11:04 - ranking.ner_enhanced_ranker - INFO -     NER bonus aplicado a 7/20 productos
2026-01-13 21:11:04 - ranking.rl_ranker_fixed - INFO -     Aplicando Human Preferences (30 features)
2026-01-13 21:11:04 - ranking.ner_enhanced_ranker - INFO -    Query: 'action video games' → Intent: ['category', 'genre']
2026-01-13 21:11:04 - ranking.ner_enhanced_ranker - INFO -     NER bonus aplicado a 7/20 productos
2026-01-13 21:11:04 - ranking.rl_ranker_fixed - INFO -     Aplicando Human Preferences (30 features)
2026-01-13 21:11:04 - ranking.ner_enhanced_ranker - INFO -    Query: 'action video games' → Intent: ['category', 'genre']
2026-01-13 21:11:04 - ranking.ner_enhanced_ranker - INFO -     NER bonus aplicado a 7/20 productos
2026-01-13 21:11:04 - ranking.rl_ranker_fixed - INFO -     Aplicando Human Preferences (30 features)
2026-01-13 21:11:04 - ranking.ner_enhanced_ranker - INFO -    Query: 'action video games' → Intent: ['category', 'genre']
2026-01-13 21:11:04 - ranking.ner_enhanced_ranker - INFO -     NER bonus aplicado a 7/20 productos
2026-01-13 21:11:04 - ranking.rl_ranker_fixed - INFO -     Aplicando Human Preferences (30 features)
2026-01-13 21:11:04 - ranking.ner_enhanced_ranker - INFO -    Query: 'action video games' → Intent: ['category', 'genre']
2026-01-13 21:11:04 - ranking.ner_enhanced_ranker - INFO -     NER bonus aplicado a 7/20 productos
2026-01-13 21:11:04 - ranking.rl_ranker_fixed - INFO -     Aplicando Human Preferences (30 features)
2026-01-13 21:11:04 - ranking.ner_enhanced_ranker - INFO -    Query: 'sport videogames' → Intent: ['category']
2026-01-13 21:11:04 - ranking.ner_enhanced_ranker - INFO -     NER bonus aplicado a 15/20 productos
2026-01-13 21:11:04 - ranking.rl_ranker_fixed - INFO -     Aplicando Human Preferences (30 features)
2026-01-13 21:11:04 - ranking.ner_enhanced_ranker - INFO -    Query: 'sport videogames' → Intent: ['category']
2026-01-13 21:11:04 - ranking.ner_enhanced_ranker - INFO -     NER bonus aplicado a 15/20 productos
2026-01-13 21:11:04 - ranking.rl_ranker_fixed - INFO -     Aplicando Human Preferences (30 features)
2026-01-13 21:11:04 - ranking.ner_enhanced_ranker - INFO -    Query: 'sport videogames' → Intent: ['category']
2026-01-13 21:11:04 - ranking.ner_enhanced_ranker - INFO -     NER bonus aplicado a 15/20 productos
2026-01-13 21:11:04 - ranking.rl_ranker_fixed - INFO -     Aplicando Human Preferences (30 features)
2026-01-13 21:11:04 - ranking.ner_enhanced_ranker - INFO -    Query: 'sport videogames' → Intent: ['category']
2026-01-13 21:11:04 - ranking.ner_enhanced_ranker - INFO -     NER bonus aplicado a 15/20 productos
2026-01-13 21:11:04 - ranking.rl_ranker_fixed - INFO -     Aplicando Human Preferences (30 features)
2026-01-13 21:11:04 - ranking.ner_enhanced_ranker - INFO -    Query: 'sport videogames' → Intent: ['category']
2026-01-13 21:11:04 - ranking.ner_enhanced_ranker - INFO -     NER bonus aplicado a 15/20 productos
2026-01-13 21:11:04 - ranking.rl_ranker_fixed - INFO -     Aplicando Human Preferences (30 features)
2026-01-13 21:11:04 - ranking.ner_enhanced_ranker - INFO -    Query: 'sport videogames' → Intent: ['category']
2026-01-13 21:11:04 - ranking.ner_enhanced_ranker - INFO -     NER bonus aplicado a 15/20 productos
2026-01-13 21:11:04 - ranking.rl_ranker_fixed - INFO -     Aplicando Human Preferences (30 features)
2026-01-13 21:11:04 - ranking.ner_enhanced_ranker - INFO -    Query: 'sport videogames' → Intent: ['category']
2026-01-13 21:11:04 - ranking.ner_enhanced_ranker - INFO -     NER bonus aplicado a 15/20 productos
2026-01-13 21:11:04 - ranking.rl_ranker_fixed - INFO -     Aplicando Human Preferences (30 features)
2026-01-13 21:11:04 - ranking.ner_enhanced_ranker - INFO -    Query: 'sport videogames' → Intent: ['category']
2026-01-13 21:11:04 - ranking.ner_enhanced_ranker - INFO -     NER bonus aplicado a 15/20 productos
2026-01-13 21:11:04 - ranking.rl_ranker_fixed - INFO -     Aplicando Human Preferences (30 features)
2026-01-13 21:11:04 - experimento_completo_4_metodos - INFO -  Guardando resultados...
2026-01-13 21:11:04 - experimento_completo_4_metodos - INFO -  Resultados JSON: results\experimento_4_metodos_20260113_211104.json
2026-01-13 21:11:04 - experimento_completo_4_metodos - INFO -  Resultados CSV: results\experimento_4_metodos_20260113_211104.csv
2026-01-13 21:11:04 - experimento_completo_4_metodos - INFO -  Resumen: results\resumen_20260113_211104.txt
2026-01-13 21:11:04 - experimento_completo_4_metodos - INFO -  Experimento completado exitosamente
