2026-01-18 20:50:24 - experimento_completo_4_metodos - INFO -  Log iniciado: logs\experimento_20260118_205024.log
2026-01-18 20:50:24 - faiss.loader - INFO - Loading faiss with AVX2 support.
2026-01-18 20:50:24 - faiss.loader - INFO - Successfully loaded faiss with AVX2 support.
2026-01-18 20:50:45 - experimento_completo_4_metodos - INFO -  Cargando ground truth...
2026-01-18 20:50:45 - experimento_completo_4_metodos - INFO -  Ground truth cargado: 18 queries
2026-01-18 20:50:45 - experimento_completo_4_metodos - INFO -    • Productos relevantes totales: 31
2026-01-18 20:50:45 - experimento_completo_4_metodos - INFO -   Creando split train/test estratificado...
2026-01-18 20:50:45 - experimento_completo_4_metodos - INFO -  Split creado: 13 train, 5 test
2026-01-18 20:50:45 - experimento_completo_4_metodos - INFO -  Cargando sistema V2...
2026-01-18 20:50:45 - experimento_completo_4_metodos - INFO -  Cargando sistema V2 desde cache...
2026-01-18 20:50:51 - src.unified_system_v2 - INFO -  Sistema V2 cargado: 89,990 productos
2026-01-18 20:50:51 - experimento_completo_4_metodos - INFO -  Sistema cargado: 89,990 productos
2026-01-18 20:50:51 - experimento_completo_4_metodos - INFO -    • RLHF: ❌ No disponible
2026-01-18 20:50:51 - experimento_completo_4_metodos - INFO -    • NER:  Disponible
2026-01-18 20:50:51 - experimento_completo_4_metodos - INFO -  Entrenando RLHF con 13 queries de entrenamiento...
2026-01-18 20:50:51 - src.unified_system_v2 - INFO -  Entrenando RLHF con 13 queries...
2026-01-18 20:50:51 - src.unified_system_v2 - INFO -    • Interacciones filtradas: 22
2026-01-18 20:50:51 - ranking.rl_ranker_fixed - INFO -  RLHF Dinámico inicializado (lr=0.5)
2026-01-18 20:50:52 - src.unified_system_v2 - INFO -  RLHF entrenado: 0 exitosas, 22 fallidas
2026-01-18 20:50:52 - src.unified_system_v2 - ERROR -  RLHF no pudo ser entrenado (0 interacciones exitosas)
2026-01-18 20:50:52 - experimento_completo_4_metodos - WARNING -   RLHF no pudo ser entrenado (pocos datos?)
2026-01-18 20:50:52 - ranking.ner_enhanced_ranker - INFO -    Query: 'pc gaming' → Intent: ['category', 'platform']
2026-01-18 20:50:52 - ranking.ner_enhanced_ranker - INFO -     NER bonus aplicado a 9/20 productos
2026-01-18 20:50:52 - src.unified_system_v2 - WARNING - RLHF ranker no disponible o no entrenado, usando baseline
2026-01-18 20:50:52 - src.unified_system_v2 - WARNING - Full Hybrid requiere NER y RLHF entrenado, usando NER solo
2026-01-18 20:50:52 - ranking.ner_enhanced_ranker - INFO -    Query: 'pc gaming' → Intent: ['category', 'platform']
2026-01-18 20:50:52 - ranking.ner_enhanced_ranker - INFO -     NER bonus aplicado a 9/20 productos
2026-01-18 20:50:52 - ranking.ner_enhanced_ranker - INFO -    Query: 'pc gaming' → Intent: ['category', 'platform']
2026-01-18 20:50:52 - ranking.ner_enhanced_ranker - INFO -     NER bonus aplicado a 9/20 productos
2026-01-18 20:50:52 - src.unified_system_v2 - WARNING - RLHF ranker no disponible o no entrenado, usando baseline
2026-01-18 20:50:52 - src.unified_system_v2 - WARNING - Full Hybrid requiere NER y RLHF entrenado, usando NER solo
2026-01-18 20:50:52 - ranking.ner_enhanced_ranker - INFO -    Query: 'pc gaming' → Intent: ['category', 'platform']
2026-01-18 20:50:52 - ranking.ner_enhanced_ranker - INFO -     NER bonus aplicado a 9/20 productos
2026-01-18 20:50:52 - ranking.ner_enhanced_ranker - INFO -    Query: 'pc gaming' → Intent: ['category', 'platform']
2026-01-18 20:50:52 - ranking.ner_enhanced_ranker - INFO -     NER bonus aplicado a 9/20 productos
2026-01-18 20:50:52 - src.unified_system_v2 - WARNING - RLHF ranker no disponible o no entrenado, usando baseline
2026-01-18 20:50:52 - src.unified_system_v2 - WARNING - Full Hybrid requiere NER y RLHF entrenado, usando NER solo
2026-01-18 20:50:52 - ranking.ner_enhanced_ranker - INFO -    Query: 'pc gaming' → Intent: ['category', 'platform']
2026-01-18 20:50:52 - ranking.ner_enhanced_ranker - INFO -     NER bonus aplicado a 9/20 productos
2026-01-18 20:50:52 - ranking.ner_enhanced_ranker - INFO -    Query: 'pc gaming' → Intent: ['category', 'platform']
2026-01-18 20:50:52 - ranking.ner_enhanced_ranker - INFO -     NER bonus aplicado a 9/20 productos
2026-01-18 20:50:52 - src.unified_system_v2 - WARNING - RLHF ranker no disponible o no entrenado, usando baseline
2026-01-18 20:50:52 - src.unified_system_v2 - WARNING - Full Hybrid requiere NER y RLHF entrenado, usando NER solo
2026-01-18 20:50:52 - ranking.ner_enhanced_ranker - INFO -    Query: 'pc gaming' → Intent: ['category', 'platform']
2026-01-18 20:50:52 - ranking.ner_enhanced_ranker - INFO -     NER bonus aplicado a 9/20 productos
2026-01-18 20:50:52 - ranking.ner_enhanced_ranker - INFO -    Query: 'xbox console' → Intent: ['category', 'platform']
2026-01-18 20:50:52 - ranking.ner_enhanced_ranker - INFO -     NER bonus aplicado a 18/20 productos
2026-01-18 20:50:52 - src.unified_system_v2 - WARNING - RLHF ranker no disponible o no entrenado, usando baseline
2026-01-18 20:50:52 - src.unified_system_v2 - WARNING - Full Hybrid requiere NER y RLHF entrenado, usando NER solo
2026-01-18 20:50:52 - ranking.ner_enhanced_ranker - INFO -    Query: 'xbox console' → Intent: ['category', 'platform']
2026-01-18 20:50:52 - ranking.ner_enhanced_ranker - INFO -     NER bonus aplicado a 18/20 productos
2026-01-18 20:50:52 - ranking.ner_enhanced_ranker - INFO -    Query: 'xbox console' → Intent: ['category', 'platform']
2026-01-18 20:50:52 - ranking.ner_enhanced_ranker - INFO -     NER bonus aplicado a 18/20 productos
2026-01-18 20:50:52 - src.unified_system_v2 - WARNING - RLHF ranker no disponible o no entrenado, usando baseline
2026-01-18 20:50:52 - src.unified_system_v2 - WARNING - Full Hybrid requiere NER y RLHF entrenado, usando NER solo
2026-01-18 20:50:53 - ranking.ner_enhanced_ranker - INFO -    Query: 'xbox console' → Intent: ['category', 'platform']
2026-01-18 20:50:53 - ranking.ner_enhanced_ranker - INFO -     NER bonus aplicado a 18/20 productos
2026-01-18 20:50:53 - ranking.ner_enhanced_ranker - INFO -    Query: 'xbox console' → Intent: ['category', 'platform']
2026-01-18 20:50:53 - ranking.ner_enhanced_ranker - INFO -     NER bonus aplicado a 18/20 productos
2026-01-18 20:50:53 - src.unified_system_v2 - WARNING - RLHF ranker no disponible o no entrenado, usando baseline
2026-01-18 20:50:53 - src.unified_system_v2 - WARNING - Full Hybrid requiere NER y RLHF entrenado, usando NER solo
2026-01-18 20:50:53 - ranking.ner_enhanced_ranker - INFO -    Query: 'xbox console' → Intent: ['category', 'platform']
2026-01-18 20:50:53 - ranking.ner_enhanced_ranker - INFO -     NER bonus aplicado a 18/20 productos
2026-01-18 20:50:53 - ranking.ner_enhanced_ranker - INFO -    Query: 'xbox console' → Intent: ['category', 'platform']
2026-01-18 20:50:53 - ranking.ner_enhanced_ranker - INFO -     NER bonus aplicado a 18/20 productos
2026-01-18 20:50:53 - src.unified_system_v2 - WARNING - RLHF ranker no disponible o no entrenado, usando baseline
2026-01-18 20:50:53 - src.unified_system_v2 - WARNING - Full Hybrid requiere NER y RLHF entrenado, usando NER solo
2026-01-18 20:50:53 - ranking.ner_enhanced_ranker - INFO -    Query: 'xbox console' → Intent: ['category', 'platform']
2026-01-18 20:50:53 - ranking.ner_enhanced_ranker - INFO -     NER bonus aplicado a 18/20 productos
2026-01-18 20:50:53 - ranking.ner_enhanced_ranker - INFO -     NER bonus aplicado a 4/20 productos
2026-01-18 20:50:53 - src.unified_system_v2 - WARNING - RLHF ranker no disponible o no entrenado, usando baseline
2026-01-18 20:50:53 - src.unified_system_v2 - WARNING - Full Hybrid requiere NER y RLHF entrenado, usando NER solo
2026-01-18 20:50:53 - ranking.ner_enhanced_ranker - INFO -     NER bonus aplicado a 4/20 productos
2026-01-18 20:50:53 - ranking.ner_enhanced_ranker - INFO -     NER bonus aplicado a 4/20 productos
2026-01-18 20:50:53 - src.unified_system_v2 - WARNING - RLHF ranker no disponible o no entrenado, usando baseline
2026-01-18 20:50:53 - src.unified_system_v2 - WARNING - Full Hybrid requiere NER y RLHF entrenado, usando NER solo
2026-01-18 20:50:53 - ranking.ner_enhanced_ranker - INFO -     NER bonus aplicado a 4/20 productos
2026-01-18 20:50:53 - ranking.ner_enhanced_ranker - INFO -     NER bonus aplicado a 4/20 productos
2026-01-18 20:50:53 - src.unified_system_v2 - WARNING - RLHF ranker no disponible o no entrenado, usando baseline
2026-01-18 20:50:53 - src.unified_system_v2 - WARNING - Full Hybrid requiere NER y RLHF entrenado, usando NER solo
2026-01-18 20:50:53 - ranking.ner_enhanced_ranker - INFO -     NER bonus aplicado a 4/20 productos
2026-01-18 20:50:53 - ranking.ner_enhanced_ranker - INFO -     NER bonus aplicado a 4/20 productos
2026-01-18 20:50:53 - src.unified_system_v2 - WARNING - RLHF ranker no disponible o no entrenado, usando baseline
2026-01-18 20:50:53 - src.unified_system_v2 - WARNING - Full Hybrid requiere NER y RLHF entrenado, usando NER solo
2026-01-18 20:50:53 - ranking.ner_enhanced_ranker - INFO -     NER bonus aplicado a 4/20 productos
2026-01-18 20:50:53 - ranking.ner_enhanced_ranker - INFO -    Query: 'action video games' → Intent: ['category', 'genre']
2026-01-18 20:50:53 - ranking.ner_enhanced_ranker - INFO -     NER bonus aplicado a 7/20 productos
2026-01-18 20:50:53 - src.unified_system_v2 - WARNING - RLHF ranker no disponible o no entrenado, usando baseline
2026-01-18 20:50:53 - src.unified_system_v2 - WARNING - Full Hybrid requiere NER y RLHF entrenado, usando NER solo
2026-01-18 20:50:53 - ranking.ner_enhanced_ranker - INFO -    Query: 'action video games' → Intent: ['category', 'genre']
2026-01-18 20:50:53 - ranking.ner_enhanced_ranker - INFO -     NER bonus aplicado a 7/20 productos
2026-01-18 20:50:53 - ranking.ner_enhanced_ranker - INFO -    Query: 'action video games' → Intent: ['category', 'genre']
2026-01-18 20:50:53 - ranking.ner_enhanced_ranker - INFO -     NER bonus aplicado a 7/20 productos
2026-01-18 20:50:53 - src.unified_system_v2 - WARNING - RLHF ranker no disponible o no entrenado, usando baseline
2026-01-18 20:50:53 - src.unified_system_v2 - WARNING - Full Hybrid requiere NER y RLHF entrenado, usando NER solo
2026-01-18 20:50:53 - ranking.ner_enhanced_ranker - INFO -    Query: 'action video games' → Intent: ['category', 'genre']
2026-01-18 20:50:53 - ranking.ner_enhanced_ranker - INFO -     NER bonus aplicado a 7/20 productos
2026-01-18 20:50:53 - ranking.ner_enhanced_ranker - INFO -    Query: 'action video games' → Intent: ['category', 'genre']
2026-01-18 20:50:53 - ranking.ner_enhanced_ranker - INFO -     NER bonus aplicado a 7/20 productos
2026-01-18 20:50:53 - src.unified_system_v2 - WARNING - RLHF ranker no disponible o no entrenado, usando baseline
2026-01-18 20:50:53 - src.unified_system_v2 - WARNING - Full Hybrid requiere NER y RLHF entrenado, usando NER solo
2026-01-18 20:50:54 - ranking.ner_enhanced_ranker - INFO -    Query: 'action video games' → Intent: ['category', 'genre']
2026-01-18 20:50:54 - ranking.ner_enhanced_ranker - INFO -     NER bonus aplicado a 7/20 productos
2026-01-18 20:50:54 - ranking.ner_enhanced_ranker - INFO -    Query: 'action video games' → Intent: ['category', 'genre']
2026-01-18 20:50:54 - ranking.ner_enhanced_ranker - INFO -     NER bonus aplicado a 7/20 productos
2026-01-18 20:50:54 - src.unified_system_v2 - WARNING - RLHF ranker no disponible o no entrenado, usando baseline
2026-01-18 20:50:54 - src.unified_system_v2 - WARNING - Full Hybrid requiere NER y RLHF entrenado, usando NER solo
2026-01-18 20:50:54 - ranking.ner_enhanced_ranker - INFO -    Query: 'action video games' → Intent: ['category', 'genre']
2026-01-18 20:50:54 - ranking.ner_enhanced_ranker - INFO -     NER bonus aplicado a 7/20 productos
2026-01-18 20:50:54 - ranking.ner_enhanced_ranker - INFO -    Query: 'sport videogames' → Intent: ['category']
2026-01-18 20:50:54 - ranking.ner_enhanced_ranker - INFO -     NER bonus aplicado a 14/20 productos
2026-01-18 20:50:54 - src.unified_system_v2 - WARNING - RLHF ranker no disponible o no entrenado, usando baseline
2026-01-18 20:50:54 - src.unified_system_v2 - WARNING - Full Hybrid requiere NER y RLHF entrenado, usando NER solo
2026-01-18 20:50:54 - ranking.ner_enhanced_ranker - INFO -    Query: 'sport videogames' → Intent: ['category']
2026-01-18 20:50:54 - ranking.ner_enhanced_ranker - INFO -     NER bonus aplicado a 14/20 productos
2026-01-18 20:50:54 - ranking.ner_enhanced_ranker - INFO -    Query: 'sport videogames' → Intent: ['category']
2026-01-18 20:50:54 - ranking.ner_enhanced_ranker - INFO -     NER bonus aplicado a 14/20 productos
2026-01-18 20:50:54 - src.unified_system_v2 - WARNING - RLHF ranker no disponible o no entrenado, usando baseline
2026-01-18 20:50:54 - src.unified_system_v2 - WARNING - Full Hybrid requiere NER y RLHF entrenado, usando NER solo
2026-01-18 20:50:54 - ranking.ner_enhanced_ranker - INFO -    Query: 'sport videogames' → Intent: ['category']
2026-01-18 20:50:54 - ranking.ner_enhanced_ranker - INFO -     NER bonus aplicado a 14/20 productos
2026-01-18 20:50:54 - ranking.ner_enhanced_ranker - INFO -    Query: 'sport videogames' → Intent: ['category']
2026-01-18 20:50:54 - ranking.ner_enhanced_ranker - INFO -     NER bonus aplicado a 14/20 productos
2026-01-18 20:50:54 - src.unified_system_v2 - WARNING - RLHF ranker no disponible o no entrenado, usando baseline
2026-01-18 20:50:54 - src.unified_system_v2 - WARNING - Full Hybrid requiere NER y RLHF entrenado, usando NER solo
2026-01-18 20:50:54 - ranking.ner_enhanced_ranker - INFO -    Query: 'sport videogames' → Intent: ['category']
2026-01-18 20:50:54 - ranking.ner_enhanced_ranker - INFO -     NER bonus aplicado a 14/20 productos
2026-01-18 20:50:54 - ranking.ner_enhanced_ranker - INFO -    Query: 'sport videogames' → Intent: ['category']
2026-01-18 20:50:54 - ranking.ner_enhanced_ranker - INFO -     NER bonus aplicado a 14/20 productos
2026-01-18 20:50:54 - src.unified_system_v2 - WARNING - RLHF ranker no disponible o no entrenado, usando baseline
2026-01-18 20:50:54 - src.unified_system_v2 - WARNING - Full Hybrid requiere NER y RLHF entrenado, usando NER solo
2026-01-18 20:50:54 - ranking.ner_enhanced_ranker - INFO -    Query: 'sport videogames' → Intent: ['category']
2026-01-18 20:50:54 - ranking.ner_enhanced_ranker - INFO -     NER bonus aplicado a 14/20 productos
2026-01-18 20:50:54 - experimento_completo_4_metodos - INFO -  Guardando resultados...
2026-01-18 20:50:54 - experimento_completo_4_metodos - INFO -  Resultados JSON: results\experimento_4_metodos_20260118_205054.json
2026-01-18 20:50:54 - experimento_completo_4_metodos - INFO -  Resultados CSV: results\experimento_4_metodos_20260118_205054.csv
2026-01-18 20:50:54 - experimento_completo_4_metodos - ERROR -  Error en experimento: unsupported format string passed to NoneType.__format__
