2026-01-19 08:56:44 - experimento_completo_4_metodos - INFO -  Log iniciado: logs\experimento_20260119_085644.log
2026-01-19 08:56:44 - faiss.loader - INFO - Loading faiss with AVX2 support.
2026-01-19 08:56:44 - faiss.loader - INFO - Successfully loaded faiss with AVX2 support.
2026-01-19 08:56:59 - experimento_completo_4_metodos - INFO -  Cargando ground truth...
2026-01-19 08:56:59 - experimento_completo_4_metodos - INFO -  Ground truth cargado: 14 queries
2026-01-19 08:56:59 - experimento_completo_4_metodos - INFO -    • Productos relevantes totales: 14
2026-01-19 08:56:59 - experimento_completo_4_metodos - INFO -   Creando split train/test estratificado...
2026-01-19 08:56:59 - experimento_completo_4_metodos - INFO -  Split creado: 10 train, 4 test
2026-01-19 08:56:59 - experimento_completo_4_metodos - INFO -  Cargando sistema V2...
2026-01-19 08:56:59 - experimento_completo_4_metodos - INFO -  Cargando sistema V2 desde cache...
2026-01-19 08:57:06 - src.unified_system_v2 - INFO -  Sistema V2 cargado: 89,990 productos
2026-01-19 08:57:06 - experimento_completo_4_metodos - INFO -  Sistema cargado: 89,990 productos
2026-01-19 08:57:06 - experimento_completo_4_metodos - INFO -    • RLHF: ❌ No disponible
2026-01-19 08:57:06 - experimento_completo_4_metodos - INFO -    • NER:  Disponible
2026-01-19 08:57:06 - experimento_completo_4_metodos - INFO -  Entrenando RLHF con 10 queries de entrenamiento...
2026-01-19 08:57:06 - src.unified_system_v2 - INFO -  Entrenando RLHF con 10 queries...
2026-01-19 08:57:06 - src.unified_system_v2 - INFO -    • Interacciones filtradas: 19
2026-01-19 08:57:06 - ranking.rl_ranker_fixed - INFO -  RLHF Dinámico inicializado (lr=0.5)
2026-01-19 08:57:06 - src.unified_system_v2 - INFO -  RLHF entrenado: 0 exitosas, 19 fallidas
2026-01-19 08:57:06 - src.unified_system_v2 - ERROR -  RLHF no pudo ser entrenado (0 interacciones exitosas)
2026-01-19 08:57:06 - experimento_completo_4_metodos - WARNING -   RLHF no pudo ser entrenado (pocos datos?)
2026-01-19 08:57:07 - ranking.ner_enhanced_ranker - INFO -    Query: 'action video games' → Intent: ['category', 'genre']
2026-01-19 08:57:07 - ranking.ner_enhanced_ranker - INFO -     NER bonus aplicado a 7/20 productos
2026-01-19 08:57:07 - src.unified_system_v2 - WARNING - RLHF ranker no disponible o no entrenado, usando baseline
2026-01-19 08:57:07 - src.unified_system_v2 - WARNING - Full Hybrid requiere NER y RLHF entrenado, usando NER solo
2026-01-19 08:57:07 - ranking.ner_enhanced_ranker - INFO -    Query: 'action video games' → Intent: ['category', 'genre']
2026-01-19 08:57:07 - ranking.ner_enhanced_ranker - INFO -     NER bonus aplicado a 7/20 productos
2026-01-19 08:57:07 - ranking.ner_enhanced_ranker - INFO -    Query: 'action video games' → Intent: ['category', 'genre']
2026-01-19 08:57:07 - ranking.ner_enhanced_ranker - INFO -     NER bonus aplicado a 7/20 productos
2026-01-19 08:57:07 - src.unified_system_v2 - WARNING - RLHF ranker no disponible o no entrenado, usando baseline
2026-01-19 08:57:07 - src.unified_system_v2 - WARNING - Full Hybrid requiere NER y RLHF entrenado, usando NER solo
2026-01-19 08:57:07 - ranking.ner_enhanced_ranker - INFO -    Query: 'action video games' → Intent: ['category', 'genre']
2026-01-19 08:57:07 - ranking.ner_enhanced_ranker - INFO -     NER bonus aplicado a 7/20 productos
2026-01-19 08:57:08 - ranking.ner_enhanced_ranker - INFO -    Query: 'action video games' → Intent: ['category', 'genre']
2026-01-19 08:57:08 - ranking.ner_enhanced_ranker - INFO -     NER bonus aplicado a 7/20 productos
2026-01-19 08:57:08 - src.unified_system_v2 - WARNING - RLHF ranker no disponible o no entrenado, usando baseline
2026-01-19 08:57:08 - src.unified_system_v2 - WARNING - Full Hybrid requiere NER y RLHF entrenado, usando NER solo
2026-01-19 08:57:08 - ranking.ner_enhanced_ranker - INFO -    Query: 'action video games' → Intent: ['category', 'genre']
2026-01-19 08:57:08 - ranking.ner_enhanced_ranker - INFO -     NER bonus aplicado a 7/20 productos
2026-01-19 08:57:08 - ranking.ner_enhanced_ranker - INFO -    Query: 'action video games' → Intent: ['category', 'genre']
2026-01-19 08:57:08 - ranking.ner_enhanced_ranker - INFO -     NER bonus aplicado a 7/20 productos
2026-01-19 08:57:08 - src.unified_system_v2 - WARNING - RLHF ranker no disponible o no entrenado, usando baseline
2026-01-19 08:57:08 - src.unified_system_v2 - WARNING - Full Hybrid requiere NER y RLHF entrenado, usando NER solo
2026-01-19 08:57:08 - ranking.ner_enhanced_ranker - INFO -    Query: 'action video games' → Intent: ['category', 'genre']
2026-01-19 08:57:08 - ranking.ner_enhanced_ranker - INFO -     NER bonus aplicado a 7/20 productos
2026-01-19 08:57:09 - ranking.ner_enhanced_ranker - INFO -    Query: 'survival games' → Intent: ['category', 'genre']
2026-01-19 08:57:09 - ranking.ner_enhanced_ranker - INFO -     NER bonus aplicado a 8/20 productos
2026-01-19 08:57:09 - src.unified_system_v2 - WARNING - RLHF ranker no disponible o no entrenado, usando baseline
2026-01-19 08:57:09 - src.unified_system_v2 - WARNING - Full Hybrid requiere NER y RLHF entrenado, usando NER solo
2026-01-19 08:57:09 - ranking.ner_enhanced_ranker - INFO -    Query: 'survival games' → Intent: ['category', 'genre']
2026-01-19 08:57:09 - ranking.ner_enhanced_ranker - INFO -     NER bonus aplicado a 8/20 productos
2026-01-19 08:57:09 - ranking.ner_enhanced_ranker - INFO -    Query: 'survival games' → Intent: ['category', 'genre']
2026-01-19 08:57:09 - ranking.ner_enhanced_ranker - INFO -     NER bonus aplicado a 8/20 productos
2026-01-19 08:57:09 - src.unified_system_v2 - WARNING - RLHF ranker no disponible o no entrenado, usando baseline
2026-01-19 08:57:09 - src.unified_system_v2 - WARNING - Full Hybrid requiere NER y RLHF entrenado, usando NER solo
2026-01-19 08:57:09 - ranking.ner_enhanced_ranker - INFO -    Query: 'survival games' → Intent: ['category', 'genre']
2026-01-19 08:57:09 - ranking.ner_enhanced_ranker - INFO -     NER bonus aplicado a 8/20 productos
2026-01-19 08:57:10 - ranking.ner_enhanced_ranker - INFO -    Query: 'survival games' → Intent: ['category', 'genre']
2026-01-19 08:57:10 - ranking.ner_enhanced_ranker - INFO -     NER bonus aplicado a 8/20 productos
2026-01-19 08:57:10 - src.unified_system_v2 - WARNING - RLHF ranker no disponible o no entrenado, usando baseline
2026-01-19 08:57:10 - src.unified_system_v2 - WARNING - Full Hybrid requiere NER y RLHF entrenado, usando NER solo
2026-01-19 08:57:10 - ranking.ner_enhanced_ranker - INFO -    Query: 'survival games' → Intent: ['category', 'genre']
2026-01-19 08:57:10 - ranking.ner_enhanced_ranker - INFO -     NER bonus aplicado a 8/20 productos
2026-01-19 08:57:10 - ranking.ner_enhanced_ranker - INFO -    Query: 'survival games' → Intent: ['category', 'genre']
2026-01-19 08:57:10 - ranking.ner_enhanced_ranker - INFO -     NER bonus aplicado a 8/20 productos
2026-01-19 08:57:10 - src.unified_system_v2 - WARNING - RLHF ranker no disponible o no entrenado, usando baseline
2026-01-19 08:57:10 - src.unified_system_v2 - WARNING - Full Hybrid requiere NER y RLHF entrenado, usando NER solo
2026-01-19 08:57:10 - ranking.ner_enhanced_ranker - INFO -    Query: 'survival games' → Intent: ['category', 'genre']
2026-01-19 08:57:10 - ranking.ner_enhanced_ranker - INFO -     NER bonus aplicado a 8/20 productos
2026-01-19 08:57:10 - ranking.ner_enhanced_ranker - INFO -    Query: 'electronics' → Intent: ['category']
2026-01-19 08:57:10 - ranking.ner_enhanced_ranker - INFO -     NER bonus aplicado a 6/20 productos
2026-01-19 08:57:10 - src.unified_system_v2 - WARNING - RLHF ranker no disponible o no entrenado, usando baseline
2026-01-19 08:57:11 - src.unified_system_v2 - WARNING - Full Hybrid requiere NER y RLHF entrenado, usando NER solo
2026-01-19 08:57:11 - ranking.ner_enhanced_ranker - INFO -    Query: 'electronics' → Intent: ['category']
2026-01-19 08:57:11 - ranking.ner_enhanced_ranker - INFO -     NER bonus aplicado a 6/20 productos
2026-01-19 08:57:11 - ranking.ner_enhanced_ranker - INFO -    Query: 'electronics' → Intent: ['category']
2026-01-19 08:57:11 - ranking.ner_enhanced_ranker - INFO -     NER bonus aplicado a 6/20 productos
2026-01-19 08:57:11 - src.unified_system_v2 - WARNING - RLHF ranker no disponible o no entrenado, usando baseline
2026-01-19 08:57:11 - src.unified_system_v2 - WARNING - Full Hybrid requiere NER y RLHF entrenado, usando NER solo
2026-01-19 08:57:11 - ranking.ner_enhanced_ranker - INFO -    Query: 'electronics' → Intent: ['category']
2026-01-19 08:57:11 - ranking.ner_enhanced_ranker - INFO -     NER bonus aplicado a 6/20 productos
2026-01-19 08:57:11 - ranking.ner_enhanced_ranker - INFO -    Query: 'electronics' → Intent: ['category']
2026-01-19 08:57:11 - ranking.ner_enhanced_ranker - INFO -     NER bonus aplicado a 6/20 productos
2026-01-19 08:57:11 - src.unified_system_v2 - WARNING - RLHF ranker no disponible o no entrenado, usando baseline
2026-01-19 08:57:12 - src.unified_system_v2 - WARNING - Full Hybrid requiere NER y RLHF entrenado, usando NER solo
2026-01-19 08:57:12 - ranking.ner_enhanced_ranker - INFO -    Query: 'electronics' → Intent: ['category']
2026-01-19 08:57:12 - ranking.ner_enhanced_ranker - INFO -     NER bonus aplicado a 6/20 productos
2026-01-19 08:57:12 - ranking.ner_enhanced_ranker - INFO -    Query: 'electronics' → Intent: ['category']
2026-01-19 08:57:12 - ranking.ner_enhanced_ranker - INFO -     NER bonus aplicado a 6/20 productos
2026-01-19 08:57:12 - src.unified_system_v2 - WARNING - RLHF ranker no disponible o no entrenado, usando baseline
2026-01-19 08:57:12 - src.unified_system_v2 - WARNING - Full Hybrid requiere NER y RLHF entrenado, usando NER solo
2026-01-19 08:57:12 - ranking.ner_enhanced_ranker - INFO -    Query: 'electronics' → Intent: ['category']
2026-01-19 08:57:12 - ranking.ner_enhanced_ranker - INFO -     NER bonus aplicado a 6/20 productos
2026-01-19 08:57:12 - ranking.ner_enhanced_ranker - INFO -    Query: 'headphones' → Intent: ['category', 'platform']
2026-01-19 08:57:12 - ranking.ner_enhanced_ranker - INFO -     NER bonus aplicado a 13/20 productos
2026-01-19 08:57:12 - src.unified_system_v2 - WARNING - RLHF ranker no disponible o no entrenado, usando baseline
2026-01-19 08:57:12 - src.unified_system_v2 - WARNING - Full Hybrid requiere NER y RLHF entrenado, usando NER solo
2026-01-19 08:57:13 - ranking.ner_enhanced_ranker - INFO -    Query: 'headphones' → Intent: ['category', 'platform']
2026-01-19 08:57:13 - ranking.ner_enhanced_ranker - INFO -     NER bonus aplicado a 13/20 productos
2026-01-19 08:57:13 - ranking.ner_enhanced_ranker - INFO -    Query: 'headphones' → Intent: ['category', 'platform']
2026-01-19 08:57:13 - ranking.ner_enhanced_ranker - INFO -     NER bonus aplicado a 13/20 productos
2026-01-19 08:57:13 - src.unified_system_v2 - WARNING - RLHF ranker no disponible o no entrenado, usando baseline
2026-01-19 08:57:13 - src.unified_system_v2 - WARNING - Full Hybrid requiere NER y RLHF entrenado, usando NER solo
2026-01-19 08:57:13 - ranking.ner_enhanced_ranker - INFO -    Query: 'headphones' → Intent: ['category', 'platform']
2026-01-19 08:57:13 - ranking.ner_enhanced_ranker - INFO -     NER bonus aplicado a 13/20 productos
2026-01-19 08:57:13 - ranking.ner_enhanced_ranker - INFO -    Query: 'headphones' → Intent: ['category', 'platform']
2026-01-19 08:57:13 - ranking.ner_enhanced_ranker - INFO -     NER bonus aplicado a 13/20 productos
2026-01-19 08:57:13 - src.unified_system_v2 - WARNING - RLHF ranker no disponible o no entrenado, usando baseline
2026-01-19 08:57:13 - src.unified_system_v2 - WARNING - Full Hybrid requiere NER y RLHF entrenado, usando NER solo
2026-01-19 08:57:13 - ranking.ner_enhanced_ranker - INFO -    Query: 'headphones' → Intent: ['category', 'platform']
2026-01-19 08:57:13 - ranking.ner_enhanced_ranker - INFO -     NER bonus aplicado a 13/20 productos
2026-01-19 08:57:14 - ranking.ner_enhanced_ranker - INFO -    Query: 'headphones' → Intent: ['category', 'platform']
2026-01-19 08:57:14 - ranking.ner_enhanced_ranker - INFO -     NER bonus aplicado a 13/20 productos
2026-01-19 08:57:14 - src.unified_system_v2 - WARNING - RLHF ranker no disponible o no entrenado, usando baseline
2026-01-19 08:57:14 - src.unified_system_v2 - WARNING - Full Hybrid requiere NER y RLHF entrenado, usando NER solo
2026-01-19 08:57:14 - ranking.ner_enhanced_ranker - INFO -    Query: 'headphones' → Intent: ['category', 'platform']
2026-01-19 08:57:14 - ranking.ner_enhanced_ranker - INFO -     NER bonus aplicado a 13/20 productos
2026-01-19 08:57:14 - experimento_completo_4_metodos - INFO -  Guardando resultados...
2026-01-19 08:57:14 - experimento_completo_4_metodos - INFO -  Resultados JSON: results\experimento_4_metodos_20260119_085714.json
2026-01-19 08:57:14 - experimento_completo_4_metodos - INFO -  Resultados CSV: results\experimento_4_metodos_20260119_085714.csv
2026-01-19 08:57:14 - experimento_completo_4_metodos - ERROR -  Error en experimento: unsupported format string passed to NoneType.__format__
