2026-01-19 09:11:01 - experimento_completo_4_metodos - INFO -  Log iniciado: logs\experimento_20260119_091101.log
2026-01-19 09:11:01 - faiss.loader - INFO - Loading faiss with AVX2 support.
2026-01-19 09:11:01 - faiss.loader - INFO - Successfully loaded faiss with AVX2 support.
2026-01-19 09:11:12 - experimento_completo_4_metodos - INFO -  Cargando ground truth...
2026-01-19 09:11:12 - experimento_completo_4_metodos - INFO -  Ground truth cargado: 7 queries
2026-01-19 09:11:12 - experimento_completo_4_metodos - INFO -    • Productos relevantes totales: 8
2026-01-19 09:11:12 - experimento_completo_4_metodos - INFO -   Creando split train/test estratificado...
2026-01-19 09:11:12 - experimento_completo_4_metodos - INFO -  Split creado: 4 train, 3 test
2026-01-19 09:11:12 - experimento_completo_4_metodos - INFO -  Cargando sistema V2...
2026-01-19 09:11:12 - experimento_completo_4_metodos - INFO -  Cargando sistema V2 desde cache...
2026-01-19 09:11:17 - src.unified_system_v2 - INFO -  Sistema V2 cargado: 89,990 productos
2026-01-19 09:11:17 - experimento_completo_4_metodos - INFO -  Sistema cargado: 89,990 productos
2026-01-19 09:11:17 - experimento_completo_4_metodos - INFO -    • RLHF: ❌ No disponible
2026-01-19 09:11:17 - experimento_completo_4_metodos - INFO -    • NER:  Disponible
2026-01-19 09:11:17 - experimento_completo_4_metodos - INFO -  Entrenando RLHF con 4 queries de entrenamiento...
2026-01-19 09:11:17 - src.unified_system_v2 - INFO -  Entrenando RLHF con 4 queries...
2026-01-19 09:11:17 - src.unified_system_v2 - INFO -    • Interacciones filtradas: 4
2026-01-19 09:11:17 - src.unified_system_v2 - WARNING -   Muy pocas interacciones (4) para entrenar RLHF
2026-01-19 09:11:17 - experimento_completo_4_metodos - WARNING -   RLHF no pudo ser entrenado (pocos datos?)
2026-01-19 09:11:17 - ranking.ner_enhanced_ranker - INFO -    Query: 'action video games' → Intent: ['category', 'genre']
2026-01-19 09:11:17 - ranking.ner_enhanced_ranker - INFO -     NER bonus aplicado a 7/20 productos
2026-01-19 09:11:17 - src.unified_system_v2 - WARNING - RLHF ranker no disponible o no entrenado, usando baseline
2026-01-19 09:11:17 - src.unified_system_v2 - WARNING - Full Hybrid requiere NER y RLHF entrenado, usando NER solo
2026-01-19 09:11:17 - ranking.ner_enhanced_ranker - INFO -    Query: 'action video games' → Intent: ['category', 'genre']
2026-01-19 09:11:17 - ranking.ner_enhanced_ranker - INFO -     NER bonus aplicado a 7/20 productos
2026-01-19 09:11:17 - ranking.ner_enhanced_ranker - INFO -    Query: 'action video games' → Intent: ['category', 'genre']
2026-01-19 09:11:17 - ranking.ner_enhanced_ranker - INFO -     NER bonus aplicado a 7/20 productos
2026-01-19 09:11:17 - src.unified_system_v2 - WARNING - RLHF ranker no disponible o no entrenado, usando baseline
2026-01-19 09:11:17 - src.unified_system_v2 - WARNING - Full Hybrid requiere NER y RLHF entrenado, usando NER solo
2026-01-19 09:11:17 - ranking.ner_enhanced_ranker - INFO -    Query: 'action video games' → Intent: ['category', 'genre']
2026-01-19 09:11:17 - ranking.ner_enhanced_ranker - INFO -     NER bonus aplicado a 7/20 productos
2026-01-19 09:11:17 - ranking.ner_enhanced_ranker - INFO -    Query: 'action video games' → Intent: ['category', 'genre']
2026-01-19 09:11:17 - ranking.ner_enhanced_ranker - INFO -     NER bonus aplicado a 7/20 productos
2026-01-19 09:11:17 - src.unified_system_v2 - WARNING - RLHF ranker no disponible o no entrenado, usando baseline
2026-01-19 09:11:17 - src.unified_system_v2 - WARNING - Full Hybrid requiere NER y RLHF entrenado, usando NER solo
2026-01-19 09:11:17 - ranking.ner_enhanced_ranker - INFO -    Query: 'action video games' → Intent: ['category', 'genre']
2026-01-19 09:11:17 - ranking.ner_enhanced_ranker - INFO -     NER bonus aplicado a 7/20 productos
2026-01-19 09:11:17 - ranking.ner_enhanced_ranker - INFO -    Query: 'action video games' → Intent: ['category', 'genre']
2026-01-19 09:11:17 - ranking.ner_enhanced_ranker - INFO -     NER bonus aplicado a 7/20 productos
2026-01-19 09:11:17 - src.unified_system_v2 - WARNING - RLHF ranker no disponible o no entrenado, usando baseline
2026-01-19 09:11:17 - src.unified_system_v2 - WARNING - Full Hybrid requiere NER y RLHF entrenado, usando NER solo
2026-01-19 09:11:17 - ranking.ner_enhanced_ranker - INFO -    Query: 'action video games' → Intent: ['category', 'genre']
2026-01-19 09:11:17 - ranking.ner_enhanced_ranker - INFO -     NER bonus aplicado a 7/20 productos
2026-01-19 09:11:17 - ranking.ner_enhanced_ranker - INFO -    Query: 'survival video games' → Intent: ['category', 'genre']
2026-01-19 09:11:17 - ranking.ner_enhanced_ranker - INFO -     NER bonus aplicado a 13/20 productos
2026-01-19 09:11:17 - src.unified_system_v2 - WARNING - RLHF ranker no disponible o no entrenado, usando baseline
2026-01-19 09:11:17 - src.unified_system_v2 - WARNING - Full Hybrid requiere NER y RLHF entrenado, usando NER solo
2026-01-19 09:11:18 - ranking.ner_enhanced_ranker - INFO -    Query: 'survival video games' → Intent: ['category', 'genre']
2026-01-19 09:11:18 - ranking.ner_enhanced_ranker - INFO -     NER bonus aplicado a 13/20 productos
2026-01-19 09:11:18 - ranking.ner_enhanced_ranker - INFO -    Query: 'survival video games' → Intent: ['category', 'genre']
2026-01-19 09:11:18 - ranking.ner_enhanced_ranker - INFO -     NER bonus aplicado a 13/20 productos
2026-01-19 09:11:18 - src.unified_system_v2 - WARNING - RLHF ranker no disponible o no entrenado, usando baseline
2026-01-19 09:11:18 - src.unified_system_v2 - WARNING - Full Hybrid requiere NER y RLHF entrenado, usando NER solo
2026-01-19 09:11:18 - ranking.ner_enhanced_ranker - INFO -    Query: 'survival video games' → Intent: ['category', 'genre']
2026-01-19 09:11:18 - ranking.ner_enhanced_ranker - INFO -     NER bonus aplicado a 13/20 productos
2026-01-19 09:11:18 - ranking.ner_enhanced_ranker - INFO -    Query: 'survival video games' → Intent: ['category', 'genre']
2026-01-19 09:11:18 - ranking.ner_enhanced_ranker - INFO -     NER bonus aplicado a 13/20 productos
2026-01-19 09:11:18 - src.unified_system_v2 - WARNING - RLHF ranker no disponible o no entrenado, usando baseline
2026-01-19 09:11:18 - src.unified_system_v2 - WARNING - Full Hybrid requiere NER y RLHF entrenado, usando NER solo
2026-01-19 09:11:18 - ranking.ner_enhanced_ranker - INFO -    Query: 'survival video games' → Intent: ['category', 'genre']
2026-01-19 09:11:18 - ranking.ner_enhanced_ranker - INFO -     NER bonus aplicado a 13/20 productos
2026-01-19 09:11:18 - ranking.ner_enhanced_ranker - INFO -    Query: 'survival video games' → Intent: ['category', 'genre']
2026-01-19 09:11:18 - ranking.ner_enhanced_ranker - INFO -     NER bonus aplicado a 13/20 productos
2026-01-19 09:11:18 - src.unified_system_v2 - WARNING - RLHF ranker no disponible o no entrenado, usando baseline
2026-01-19 09:11:18 - src.unified_system_v2 - WARNING - Full Hybrid requiere NER y RLHF entrenado, usando NER solo
2026-01-19 09:11:18 - ranking.ner_enhanced_ranker - INFO -    Query: 'survival video games' → Intent: ['category', 'genre']
2026-01-19 09:11:18 - ranking.ner_enhanced_ranker - INFO -     NER bonus aplicado a 13/20 productos
2026-01-19 09:11:18 - ranking.ner_enhanced_ranker - INFO -    Query: 'skini jeans' → Intent: ['category']
2026-01-19 09:11:18 - ranking.ner_enhanced_ranker - WARNING -      NER bonus NO aplicado para: 'skini jeans'
2026-01-19 09:11:18 - src.unified_system_v2 - WARNING - RLHF ranker no disponible o no entrenado, usando baseline
2026-01-19 09:11:18 - src.unified_system_v2 - WARNING - Full Hybrid requiere NER y RLHF entrenado, usando NER solo
2026-01-19 09:11:18 - ranking.ner_enhanced_ranker - INFO -    Query: 'skini jeans' → Intent: ['category']
2026-01-19 09:11:18 - ranking.ner_enhanced_ranker - WARNING -      NER bonus NO aplicado para: 'skini jeans'
2026-01-19 09:11:18 - ranking.ner_enhanced_ranker - INFO -    Query: 'skini jeans' → Intent: ['category']
2026-01-19 09:11:18 - ranking.ner_enhanced_ranker - WARNING -      NER bonus NO aplicado para: 'skini jeans'
2026-01-19 09:11:18 - src.unified_system_v2 - WARNING - RLHF ranker no disponible o no entrenado, usando baseline
2026-01-19 09:11:18 - src.unified_system_v2 - WARNING - Full Hybrid requiere NER y RLHF entrenado, usando NER solo
2026-01-19 09:11:18 - ranking.ner_enhanced_ranker - INFO -    Query: 'skini jeans' → Intent: ['category']
2026-01-19 09:11:18 - ranking.ner_enhanced_ranker - WARNING -      NER bonus NO aplicado para: 'skini jeans'
2026-01-19 09:11:18 - ranking.ner_enhanced_ranker - INFO -    Query: 'skini jeans' → Intent: ['category']
2026-01-19 09:11:18 - ranking.ner_enhanced_ranker - WARNING -      NER bonus NO aplicado para: 'skini jeans'
2026-01-19 09:11:18 - src.unified_system_v2 - WARNING - RLHF ranker no disponible o no entrenado, usando baseline
2026-01-19 09:11:18 - src.unified_system_v2 - WARNING - Full Hybrid requiere NER y RLHF entrenado, usando NER solo
2026-01-19 09:11:18 - ranking.ner_enhanced_ranker - INFO -    Query: 'skini jeans' → Intent: ['category']
2026-01-19 09:11:18 - ranking.ner_enhanced_ranker - WARNING -      NER bonus NO aplicado para: 'skini jeans'
2026-01-19 09:11:18 - ranking.ner_enhanced_ranker - INFO -    Query: 'skini jeans' → Intent: ['category']
2026-01-19 09:11:18 - ranking.ner_enhanced_ranker - WARNING -      NER bonus NO aplicado para: 'skini jeans'
2026-01-19 09:11:18 - src.unified_system_v2 - WARNING - RLHF ranker no disponible o no entrenado, usando baseline
2026-01-19 09:11:18 - src.unified_system_v2 - WARNING - Full Hybrid requiere NER y RLHF entrenado, usando NER solo
2026-01-19 09:11:18 - ranking.ner_enhanced_ranker - INFO -    Query: 'skini jeans' → Intent: ['category']
2026-01-19 09:11:18 - ranking.ner_enhanced_ranker - WARNING -      NER bonus NO aplicado para: 'skini jeans'
2026-01-19 09:11:18 - experimento_completo_4_metodos - INFO -  Guardando resultados...
2026-01-19 09:11:18 - experimento_completo_4_metodos - INFO -  Resultados JSON: results\experimento_4_metodos_20260119_091118.json
2026-01-19 09:11:18 - experimento_completo_4_metodos - INFO -  Resultados CSV: results\experimento_4_metodos_20260119_091118.csv
2026-01-19 09:11:18 - experimento_completo_4_metodos - INFO -  Resumen: results\resumen_20260119_091118.txt
2026-01-19 09:11:18 - experimento_completo_4_metodos - INFO -  Experimento completado exitosamente
